#
# There is insufficient memory for the Java Runtime Environment to continue.
# Native memory allocation (malloc) failed to allocate 32744 bytes. Error detail: Chunk::new
# Possible reasons:
#   The system is out of physical RAM or swap space
#   This process is running with CompressedOops enabled, and the Java Heap may be blocking the growth of the native heap
# Possible solutions:
#   Reduce memory load on the system
#   Increase physical memory or swap space
#   Check if swap backing store is full
#   Decrease Java heap size (-Xmx/-Xms)
#   Decrease number of Java threads
#   Decrease Java thread stack sizes (-Xss)
#   Set larger code cache with -XX:ReservedCodeCacheSize=
#   JVM is running with Zero Based Compressed Oops mode in which the Java heap is
#     placed in the first 32GB address space. The Java Heap base address is the
#     maximum limit for the native heap growth. Please use -XX:HeapBaseMinAddress
#     to set the Java Heap base and to place the Java Heap above 32GB virtual address.
# This output file may be truncated or incomplete.
#
#  Out of Memory Error (arena.cpp:162), pid=34720, tid=24460
#
# JRE version: OpenJDK Runtime Environment Zulu24.32+13-CA (24.0.2+12) (build 24.0.2+12)
# Java VM: OpenJDK 64-Bit Server VM Zulu24.32+13-CA (24.0.2+12, mixed mode, sharing, tiered, compressed oops, compressed class ptrs, g1 gc, windows-amd64)
# No core dump will be written. Minidumps are not enabled by default on client versions of Windows
#

---------------  S U M M A R Y ------------

Command Line: --enable-native-access=ALL-UNNAMED -Dclassworlds.conf=C:\Program Files\Apache NetBeans\java\maven\bin\m2.conf -Dmaven.home=C:\Program Files\Apache NetBeans\java\maven -Dlibrary.jansi.path=C:\Program Files\Apache NetBeans\java\maven\lib\jansi-native -Dmaven.multiModuleProjectDirectory=C:\Users\josee\OneDrive\Desktop\Desarrollo de Apps Web\soda-master(prueba1)\soda-master org.codehaus.plexus.classworlds.launcher.Launcher -Dmaven.ext.class.path=C:\Program Files\Apache NetBeans\java\maven-nblib\netbeans-eventspy.jar --no-transfer-progress install

Host: AMD Ryzen 5 5600G with Radeon Graphics         , 12 cores, 15G,  Windows 11 , 64 bit Build 26100 (10.0.26100.4484)
Time: Sun Nov  2 17:16:48 2025 Central America Standard Time elapsed time: 9.512665 seconds (0d 0h 0m 9s)

---------------  T H R E A D  ---------------

Current thread (0x000002877f071ef0):  JavaThread "C2 CompilerThread0" daemon [_thread_in_native, id=24460, stack(0x00000089a6900000,0x00000089a6a00000) (1024K)]


Current CompileTask:
C2:9512 3615       4       java.lang.ClassNotFoundException::<init> (7 bytes)

Stack: [0x00000089a6900000,0x00000089a6a00000]
Native frames: (J=compiled Java code, j=interpreted, Vv=VM code, C=native code)
V  [jvm.dll+0x741329]  (no source info available)
V  [jvm.dll+0x97e243]  (no source info available)
V  [jvm.dll+0x98056d]  (no source info available)
V  [jvm.dll+0x980be3]  (no source info available)
V  [jvm.dll+0x2b5a76]  (no source info available)
V  [jvm.dll+0xd00af]  (no source info available)
V  [jvm.dll+0xd030f]  (no source info available)
V  [jvm.dll+0x6bdc4a]  (no source info available)
V  [jvm.dll+0x6bde1e]  (no source info available)
V  [jvm.dll+0x6c4047]  (no source info available)
V  [jvm.dll+0x6c5399]  (no source info available)
V  [jvm.dll+0x6c339c]  (no source info available)
V  [jvm.dll+0x27a183]  (no source info available)
V  [jvm.dll+0x279591]  (no source info available)
V  [jvm.dll+0x1f30fa]  (no source info available)
V  [jvm.dll+0x288d95]  (no source info available)
V  [jvm.dll+0x28702a]  (no source info available)
V  [jvm.dll+0x43e016]  (no source info available)
V  [jvm.dll+0x920c78]  (no source info available)
V  [jvm.dll+0x73fab5]  (no source info available)
C  [ucrtbase.dll+0x37b0]  (no source info available)
C  [KERNEL32.DLL+0x2e8d7]  (no source info available)
C  [ntdll.dll+0x3c34c]  (no source info available)

Lock stack of current Java thread (top to bottom):


---------------  P R O C E S S  ---------------

Threads class SMR info:
_java_thread_list=0x00000287576633e0, length=11, elements={
0x00000287706bab30, 0x000002877f05b790, 0x000002877f05bed0, 0x000002877f05f280,
0x000002877f05fdb0, 0x000002877f0688f0, 0x000002877f06ba90, 0x000002877f071ef0,
0x000002877f072ba0, 0x00000287561385a0, 0x00000287561394f0
}

Java Threads: ( => current thread )
  0x00000287706bab30 JavaThread "main"                              [_thread_in_native, id=34340, stack(0x00000089a5b00000,0x00000089a5c00000) (1024K)]
  0x000002877f05b790 JavaThread "Reference Handler"          daemon [_thread_blocked, id=31464, stack(0x00000089a6300000,0x00000089a6400000) (1024K)]
  0x000002877f05bed0 JavaThread "Finalizer"                  daemon [_thread_blocked, id=34684, stack(0x00000089a6400000,0x00000089a6500000) (1024K)]
  0x000002877f05f280 JavaThread "Signal Dispatcher"          daemon [_thread_blocked, id=34600, stack(0x00000089a6500000,0x00000089a6600000) (1024K)]
  0x000002877f05fdb0 JavaThread "Attach Listener"            daemon [_thread_blocked, id=34536, stack(0x00000089a6600000,0x00000089a6700000) (1024K)]
  0x000002877f0688f0 JavaThread "Service Thread"             daemon [_thread_blocked, id=34568, stack(0x00000089a6700000,0x00000089a6800000) (1024K)]
  0x000002877f06ba90 JavaThread "Monitor Deflation Thread"   daemon [_thread_blocked, id=23308, stack(0x00000089a6800000,0x00000089a6900000) (1024K)]
=>0x000002877f071ef0 JavaThread "C2 CompilerThread0"         daemon [_thread_in_native, id=24460, stack(0x00000089a6900000,0x00000089a6a00000) (1024K)]
  0x000002877f072ba0 JavaThread "C1 CompilerThread0"         daemon [_thread_blocked, id=30036, stack(0x00000089a6a00000,0x00000089a6b00000) (1024K)]
  0x00000287561385a0 JavaThread "Notification Thread"        daemon [_thread_blocked, id=26184, stack(0x00000089a6b00000,0x00000089a6c00000) (1024K)]
  0x00000287561394f0 JavaThread "Common-Cleaner"             daemon [_thread_blocked, id=1652, stack(0x00000089a6c00000,0x00000089a6d00000) (1024K)]
Total: 11

Other Threads:
  0x000002877f04cf40 VMThread "VM Thread"                           [id=13116, stack(0x00000089a6200000,0x00000089a6300000) (1024K)]
  0x000002877ef10d80 WatcherThread "VM Periodic Task Thread"        [id=21972, stack(0x00000089a6100000,0x00000089a6200000) (1024K)]
  0x00000287707245c0 WorkerThread "GC Thread#0"                     [id=31184, stack(0x00000089a5c00000,0x00000089a5d00000) (1024K)]
  0x0000028756f9b250 WorkerThread "GC Thread#1"                     [id=3704, stack(0x00000089a6e00000,0x00000089a6f00000) (1024K)]
  0x0000028756f85a20 WorkerThread "GC Thread#2"                     [id=25160, stack(0x00000089a6f00000,0x00000089a7000000) (1024K)]
  0x00000287571b9030 WorkerThread "GC Thread#3"                     [id=34112, stack(0x00000089a7000000,0x00000089a7100000) (1024K)]
  0x00000287571b9bf0 WorkerThread "GC Thread#4"                     [id=23796, stack(0x00000089a7100000,0x00000089a7200000) (1024K)]
  0x00000287707398b0 ConcurrentGCThread "G1 Main Marker"            [id=34588, stack(0x00000089a5d00000,0x00000089a5e00000) (1024K)]
  0x000002877073b2e0 WorkerThread "G1 Conc#0"                       [id=34688, stack(0x00000089a5e00000,0x00000089a5f00000) (1024K)]
  0x000002877ef08030 ConcurrentGCThread "G1 Refine#0"               [id=34680, stack(0x00000089a5f00000,0x00000089a6000000) (1024K)]
  0x000002877ef08860 ConcurrentGCThread "G1 Service"                [id=29856, stack(0x00000089a6000000,0x00000089a6100000) (1024K)]
Total: 11

Threads with active compile tasks:
C2 CompilerThread0  11173 3615       4       java.lang.ClassNotFoundException::<init> (7 bytes)
Total: 1

VM state: not at safepoint (normal execution)

VM Mutex/Monitor currently owned by a thread: None

Heap address: 0x000000070a000000, size: 3936 MB, Compressed Oops mode: Zero based, Oop shift amount: 3

CDS archive(s) mapped at: [0x0000028711000000-0x0000028711d40000-0x0000028711d40000), size 13893632, SharedBaseAddress: 0x0000028711000000, ArchiveRelocationMode: 1.
Compressed class space mapped at: 0x0000028712000000-0x0000028752000000, reserved size: 1073741824
UseCompressedClassPointers 1, UseCompactObjectHeaders 0
Narrow klass pointer bits 32, Max shift 3
Narrow klass base: 0x0000028711000000, Narrow klass shift: 0
Encoding Range: [0x0000028711000000 - 0x0000028811000000), (4294967296 bytes)
Klass Range:    [0x0000028711000000 - 0x0000028752000000), (1090519040 bytes)
Klass ID Range:  [8 - 1090519033) (1090519025)

GC Precious Log:
 CardTable entry size: 512
 Card Set container configuration: InlinePtr #cards 4 size 8 Array Of Cards #cards 16 size 48 Howl #buckets 8 coarsen threshold 3686 Howl Bitmap #cards 512 size 80 coarsen threshold 460 Card regions per heap region 1 cards per card region 4096
 CPUs: 12 total, 12 available
 Memory: 15742M
 Large Page Support: Disabled
 NUMA Support: Disabled
 Compressed Oops: Enabled (Zero based)
 Heap Region Size: 2M
 Heap Min Capacity: 8M
 Heap Initial Capacity: 246M
 Heap Max Capacity: 3936M
 Pre-touch: Disabled
 Parallel Workers: 10
 Concurrent Workers: 3
 Concurrent Refinement Workers: 10
 Periodic GC: Disabled

Heap:
 garbage-first heap   total reserved 4030464K, committed 253952K, used 52656K [0x000000070a000000, 0x0000000800000000)
  region size 2048K, 27 young (55296K), 3 survivors (6144K)
 Metaspace       used 15297K, committed 15616K, reserved 1114112K
  class space    used 1504K, committed 1664K, reserved 1048576K

Heap Regions: E=young(eden), S=young(survivor), O=old, HS=humongous(starts), HC=humongous(continues), CS=collection set, F=free, TAMS=top-at-mark-start, PB=parsable bottom
|   0|0x000000070a000000, 0x000000070a000000, 0x000000070a200000|  0%| F|  |TAMS 0x000000070a000000| PB 0x000000070a000000| Untracked |  0
|   1|0x000000070a200000, 0x000000070a200000, 0x000000070a400000|  0%| F|  |TAMS 0x000000070a200000| PB 0x000000070a200000| Untracked |  0
|   2|0x000000070a400000, 0x000000070a400000, 0x000000070a600000|  0%| F|  |TAMS 0x000000070a400000| PB 0x000000070a400000| Untracked |  0
|   3|0x000000070a600000, 0x000000070a600000, 0x000000070a800000|  0%| F|  |TAMS 0x000000070a600000| PB 0x000000070a600000| Untracked |  0
|   4|0x000000070a800000, 0x000000070a800000, 0x000000070aa00000|  0%| F|  |TAMS 0x000000070a800000| PB 0x000000070a800000| Untracked |  0
|   5|0x000000070aa00000, 0x000000070aa00000, 0x000000070ac00000|  0%| F|  |TAMS 0x000000070aa00000| PB 0x000000070aa00000| Untracked |  0
|   6|0x000000070ac00000, 0x000000070ac00000, 0x000000070ae00000|  0%| F|  |TAMS 0x000000070ac00000| PB 0x000000070ac00000| Untracked |  0
|   7|0x000000070ae00000, 0x000000070ae00000, 0x000000070b000000|  0%| F|  |TAMS 0x000000070ae00000| PB 0x000000070ae00000| Untracked |  0
|   8|0x000000070b000000, 0x000000070b000000, 0x000000070b200000|  0%| F|  |TAMS 0x000000070b000000| PB 0x000000070b000000| Untracked |  0
|   9|0x000000070b200000, 0x000000070b200000, 0x000000070b400000|  0%| F|  |TAMS 0x000000070b200000| PB 0x000000070b200000| Untracked |  0
|  10|0x000000070b400000, 0x000000070b400000, 0x000000070b600000|  0%| F|  |TAMS 0x000000070b400000| PB 0x000000070b400000| Untracked |  0
|  11|0x000000070b600000, 0x000000070b600000, 0x000000070b800000|  0%| F|  |TAMS 0x000000070b600000| PB 0x000000070b600000| Untracked |  0
|  12|0x000000070b800000, 0x000000070b800000, 0x000000070ba00000|  0%| F|  |TAMS 0x000000070b800000| PB 0x000000070b800000| Untracked |  0
|  13|0x000000070ba00000, 0x000000070ba00000, 0x000000070bc00000|  0%| F|  |TAMS 0x000000070ba00000| PB 0x000000070ba00000| Untracked |  0
|  14|0x000000070bc00000, 0x000000070bc00000, 0x000000070be00000|  0%| F|  |TAMS 0x000000070bc00000| PB 0x000000070bc00000| Untracked |  0
|  15|0x000000070be00000, 0x000000070be00000, 0x000000070c000000|  0%| F|  |TAMS 0x000000070be00000| PB 0x000000070be00000| Untracked |  0
|  16|0x000000070c000000, 0x000000070c000000, 0x000000070c200000|  0%| F|  |TAMS 0x000000070c000000| PB 0x000000070c000000| Untracked |  0
|  17|0x000000070c200000, 0x000000070c200000, 0x000000070c400000|  0%| F|  |TAMS 0x000000070c200000| PB 0x000000070c200000| Untracked |  0
|  18|0x000000070c400000, 0x000000070c400000, 0x000000070c600000|  0%| F|  |TAMS 0x000000070c400000| PB 0x000000070c400000| Untracked |  0
|  19|0x000000070c600000, 0x000000070c600000, 0x000000070c800000|  0%| F|  |TAMS 0x000000070c600000| PB 0x000000070c600000| Untracked |  0
|  20|0x000000070c800000, 0x000000070c800000, 0x000000070ca00000|  0%| F|  |TAMS 0x000000070c800000| PB 0x000000070c800000| Untracked |  0
|  21|0x000000070ca00000, 0x000000070ca00000, 0x000000070cc00000|  0%| F|  |TAMS 0x000000070ca00000| PB 0x000000070ca00000| Untracked |  0
|  22|0x000000070cc00000, 0x000000070cc00000, 0x000000070ce00000|  0%| F|  |TAMS 0x000000070cc00000| PB 0x000000070cc00000| Untracked |  0
|  23|0x000000070ce00000, 0x000000070ce00000, 0x000000070d000000|  0%| F|  |TAMS 0x000000070ce00000| PB 0x000000070ce00000| Untracked |  0
|  24|0x000000070d000000, 0x000000070d000000, 0x000000070d200000|  0%| F|  |TAMS 0x000000070d000000| PB 0x000000070d000000| Untracked |  0
|  25|0x000000070d200000, 0x000000070d200000, 0x000000070d400000|  0%| F|  |TAMS 0x000000070d200000| PB 0x000000070d200000| Untracked |  0
|  26|0x000000070d400000, 0x000000070d400000, 0x000000070d600000|  0%| F|  |TAMS 0x000000070d400000| PB 0x000000070d400000| Untracked |  0
|  27|0x000000070d600000, 0x000000070d600000, 0x000000070d800000|  0%| F|  |TAMS 0x000000070d600000| PB 0x000000070d600000| Untracked |  0
|  28|0x000000070d800000, 0x000000070d800000, 0x000000070da00000|  0%| F|  |TAMS 0x000000070d800000| PB 0x000000070d800000| Untracked |  0
|  29|0x000000070da00000, 0x000000070da00000, 0x000000070dc00000|  0%| F|  |TAMS 0x000000070da00000| PB 0x000000070da00000| Untracked |  0
|  30|0x000000070dc00000, 0x000000070dc00000, 0x000000070de00000|  0%| F|  |TAMS 0x000000070dc00000| PB 0x000000070dc00000| Untracked |  0
|  31|0x000000070de00000, 0x000000070de00000, 0x000000070e000000|  0%| F|  |TAMS 0x000000070de00000| PB 0x000000070de00000| Untracked |  0
|  32|0x000000070e000000, 0x000000070e000000, 0x000000070e200000|  0%| F|  |TAMS 0x000000070e000000| PB 0x000000070e000000| Untracked |  0
|  33|0x000000070e200000, 0x000000070e200000, 0x000000070e400000|  0%| F|  |TAMS 0x000000070e200000| PB 0x000000070e200000| Untracked |  0
|  34|0x000000070e400000, 0x000000070e400000, 0x000000070e600000|  0%| F|  |TAMS 0x000000070e400000| PB 0x000000070e400000| Untracked |  0
|  35|0x000000070e600000, 0x000000070e600000, 0x000000070e800000|  0%| F|  |TAMS 0x000000070e600000| PB 0x000000070e600000| Untracked |  0
|  36|0x000000070e800000, 0x000000070e800000, 0x000000070ea00000|  0%| F|  |TAMS 0x000000070e800000| PB 0x000000070e800000| Untracked |  0
|  37|0x000000070ea00000, 0x000000070ea00000, 0x000000070ec00000|  0%| F|  |TAMS 0x000000070ea00000| PB 0x000000070ea00000| Untracked |  0
|  38|0x000000070ec00000, 0x000000070ec00000, 0x000000070ee00000|  0%| F|  |TAMS 0x000000070ec00000| PB 0x000000070ec00000| Untracked |  0
|  39|0x000000070ee00000, 0x000000070ee00000, 0x000000070f000000|  0%| F|  |TAMS 0x000000070ee00000| PB 0x000000070ee00000| Untracked |  0
|  40|0x000000070f000000, 0x000000070f000000, 0x000000070f200000|  0%| F|  |TAMS 0x000000070f000000| PB 0x000000070f000000| Untracked |  0
|  41|0x000000070f200000, 0x000000070f200000, 0x000000070f400000|  0%| F|  |TAMS 0x000000070f200000| PB 0x000000070f200000| Untracked |  0
|  42|0x000000070f400000, 0x000000070f400000, 0x000000070f600000|  0%| F|  |TAMS 0x000000070f400000| PB 0x000000070f400000| Untracked |  0
|  43|0x000000070f600000, 0x000000070f600000, 0x000000070f800000|  0%| F|  |TAMS 0x000000070f600000| PB 0x000000070f600000| Untracked |  0
|  44|0x000000070f800000, 0x000000070f800000, 0x000000070fa00000|  0%| F|  |TAMS 0x000000070f800000| PB 0x000000070f800000| Untracked |  0
|  45|0x000000070fa00000, 0x000000070fa00000, 0x000000070fc00000|  0%| F|  |TAMS 0x000000070fa00000| PB 0x000000070fa00000| Untracked |  0
|  46|0x000000070fc00000, 0x000000070fc00000, 0x000000070fe00000|  0%| F|  |TAMS 0x000000070fc00000| PB 0x000000070fc00000| Untracked |  0
|  47|0x000000070fe00000, 0x000000070fe00000, 0x0000000710000000|  0%| F|  |TAMS 0x000000070fe00000| PB 0x000000070fe00000| Untracked |  0
|  48|0x0000000710000000, 0x0000000710000000, 0x0000000710200000|  0%| F|  |TAMS 0x0000000710000000| PB 0x0000000710000000| Untracked |  0
|  49|0x0000000710200000, 0x0000000710200000, 0x0000000710400000|  0%| F|  |TAMS 0x0000000710200000| PB 0x0000000710200000| Untracked |  0
|  50|0x0000000710400000, 0x0000000710400000, 0x0000000710600000|  0%| F|  |TAMS 0x0000000710400000| PB 0x0000000710400000| Untracked |  0
|  51|0x0000000710600000, 0x0000000710600000, 0x0000000710800000|  0%| F|  |TAMS 0x0000000710600000| PB 0x0000000710600000| Untracked |  0
|  52|0x0000000710800000, 0x0000000710800000, 0x0000000710a00000|  0%| F|  |TAMS 0x0000000710800000| PB 0x0000000710800000| Untracked |  0
|  53|0x0000000710a00000, 0x0000000710a00000, 0x0000000710c00000|  0%| F|  |TAMS 0x0000000710a00000| PB 0x0000000710a00000| Untracked |  0
|  54|0x0000000710c00000, 0x0000000710c00000, 0x0000000710e00000|  0%| F|  |TAMS 0x0000000710c00000| PB 0x0000000710c00000| Untracked |  0
|  55|0x0000000710e00000, 0x0000000710e00000, 0x0000000711000000|  0%| F|  |TAMS 0x0000000710e00000| PB 0x0000000710e00000| Untracked |  0
|  56|0x0000000711000000, 0x0000000711000000, 0x0000000711200000|  0%| F|  |TAMS 0x0000000711000000| PB 0x0000000711000000| Untracked |  0
|  57|0x0000000711200000, 0x0000000711200000, 0x0000000711400000|  0%| F|  |TAMS 0x0000000711200000| PB 0x0000000711200000| Untracked |  0
|  58|0x0000000711400000, 0x0000000711400000, 0x0000000711600000|  0%| F|  |TAMS 0x0000000711400000| PB 0x0000000711400000| Untracked |  0
|  59|0x0000000711600000, 0x0000000711600000, 0x0000000711800000|  0%| F|  |TAMS 0x0000000711600000| PB 0x0000000711600000| Untracked |  0
|  60|0x0000000711800000, 0x0000000711800000, 0x0000000711a00000|  0%| F|  |TAMS 0x0000000711800000| PB 0x0000000711800000| Untracked |  0
|  61|0x0000000711a00000, 0x0000000711a00000, 0x0000000711c00000|  0%| F|  |TAMS 0x0000000711a00000| PB 0x0000000711a00000| Untracked |  0
|  62|0x0000000711c00000, 0x0000000711c00000, 0x0000000711e00000|  0%| F|  |TAMS 0x0000000711c00000| PB 0x0000000711c00000| Untracked |  0
|  63|0x0000000711e00000, 0x0000000711e00000, 0x0000000712000000|  0%| F|  |TAMS 0x0000000711e00000| PB 0x0000000711e00000| Untracked |  0
|  64|0x0000000712000000, 0x0000000712000000, 0x0000000712200000|  0%| F|  |TAMS 0x0000000712000000| PB 0x0000000712000000| Untracked |  0
|  65|0x0000000712200000, 0x0000000712200000, 0x0000000712400000|  0%| F|  |TAMS 0x0000000712200000| PB 0x0000000712200000| Untracked |  0
|  66|0x0000000712400000, 0x0000000712400000, 0x0000000712600000|  0%| F|  |TAMS 0x0000000712400000| PB 0x0000000712400000| Untracked |  0
|  67|0x0000000712600000, 0x0000000712600000, 0x0000000712800000|  0%| F|  |TAMS 0x0000000712600000| PB 0x0000000712600000| Untracked |  0
|  68|0x0000000712800000, 0x0000000712800000, 0x0000000712a00000|  0%| F|  |TAMS 0x0000000712800000| PB 0x0000000712800000| Untracked |  0
|  69|0x0000000712a00000, 0x0000000712a00000, 0x0000000712c00000|  0%| F|  |TAMS 0x0000000712a00000| PB 0x0000000712a00000| Untracked |  0
|  70|0x0000000712c00000, 0x0000000712c00000, 0x0000000712e00000|  0%| F|  |TAMS 0x0000000712c00000| PB 0x0000000712c00000| Untracked |  0
|  71|0x0000000712e00000, 0x0000000712e00000, 0x0000000713000000|  0%| F|  |TAMS 0x0000000712e00000| PB 0x0000000712e00000| Untracked |  0
|  72|0x0000000713000000, 0x0000000713000000, 0x0000000713200000|  0%| F|  |TAMS 0x0000000713000000| PB 0x0000000713000000| Untracked |  0
|  73|0x0000000713200000, 0x0000000713200000, 0x0000000713400000|  0%| F|  |TAMS 0x0000000713200000| PB 0x0000000713200000| Untracked |  0
|  74|0x0000000713400000, 0x0000000713400000, 0x0000000713600000|  0%| F|  |TAMS 0x0000000713400000| PB 0x0000000713400000| Untracked |  0
|  75|0x0000000713600000, 0x0000000713600000, 0x0000000713800000|  0%| F|  |TAMS 0x0000000713600000| PB 0x0000000713600000| Untracked |  0
|  76|0x0000000713800000, 0x0000000713800000, 0x0000000713a00000|  0%| F|  |TAMS 0x0000000713800000| PB 0x0000000713800000| Untracked |  0
|  77|0x0000000713a00000, 0x0000000713a00000, 0x0000000713c00000|  0%| F|  |TAMS 0x0000000713a00000| PB 0x0000000713a00000| Untracked |  0
|  78|0x0000000713c00000, 0x0000000713c00000, 0x0000000713e00000|  0%| F|  |TAMS 0x0000000713c00000| PB 0x0000000713c00000| Untracked |  0
|  79|0x0000000713e00000, 0x0000000713e00000, 0x0000000714000000|  0%| F|  |TAMS 0x0000000713e00000| PB 0x0000000713e00000| Untracked |  0
|  80|0x0000000714000000, 0x0000000714000000, 0x0000000714200000|  0%| F|  |TAMS 0x0000000714000000| PB 0x0000000714000000| Untracked |  0
|  81|0x0000000714200000, 0x0000000714200000, 0x0000000714400000|  0%| F|  |TAMS 0x0000000714200000| PB 0x0000000714200000| Untracked |  0
|  82|0x0000000714400000, 0x0000000714400000, 0x0000000714600000|  0%| F|  |TAMS 0x0000000714400000| PB 0x0000000714400000| Untracked |  0
|  83|0x0000000714600000, 0x0000000714600000, 0x0000000714800000|  0%| F|  |TAMS 0x0000000714600000| PB 0x0000000714600000| Untracked |  0
|  84|0x0000000714800000, 0x0000000714800000, 0x0000000714a00000|  0%| F|  |TAMS 0x0000000714800000| PB 0x0000000714800000| Untracked |  0
|  85|0x0000000714a00000, 0x0000000714a00000, 0x0000000714c00000|  0%| F|  |TAMS 0x0000000714a00000| PB 0x0000000714a00000| Untracked |  0
|  86|0x0000000714c00000, 0x0000000714c00000, 0x0000000714e00000|  0%| F|  |TAMS 0x0000000714c00000| PB 0x0000000714c00000| Untracked |  0
|  87|0x0000000714e00000, 0x0000000714e00000, 0x0000000715000000|  0%| F|  |TAMS 0x0000000714e00000| PB 0x0000000714e00000| Untracked |  0
|  88|0x0000000715000000, 0x0000000715000000, 0x0000000715200000|  0%| F|  |TAMS 0x0000000715000000| PB 0x0000000715000000| Untracked |  0
|  89|0x0000000715200000, 0x0000000715200000, 0x0000000715400000|  0%| F|  |TAMS 0x0000000715200000| PB 0x0000000715200000| Untracked |  0
|  90|0x0000000715400000, 0x0000000715400000, 0x0000000715600000|  0%| F|  |TAMS 0x0000000715400000| PB 0x0000000715400000| Untracked |  0
|  91|0x0000000715600000, 0x0000000715600000, 0x0000000715800000|  0%| F|  |TAMS 0x0000000715600000| PB 0x0000000715600000| Untracked |  0
|  92|0x0000000715800000, 0x0000000715800000, 0x0000000715a00000|  0%| F|  |TAMS 0x0000000715800000| PB 0x0000000715800000| Untracked |  0
|  93|0x0000000715a00000, 0x0000000715a00000, 0x0000000715c00000|  0%| F|  |TAMS 0x0000000715a00000| PB 0x0000000715a00000| Untracked |  0
|  94|0x0000000715c00000, 0x0000000715c00000, 0x0000000715e00000|  0%| F|  |TAMS 0x0000000715c00000| PB 0x0000000715c00000| Untracked |  0
|  95|0x0000000715e00000, 0x0000000715e00000, 0x0000000716000000|  0%| F|  |TAMS 0x0000000715e00000| PB 0x0000000715e00000| Untracked |  0
|  96|0x0000000716000000, 0x0000000716050000, 0x0000000716200000| 15%| S|CS|TAMS 0x0000000716000000| PB 0x0000000716000000| Complete |  0
|  97|0x0000000716200000, 0x0000000716400000, 0x0000000716400000|100%| S|CS|TAMS 0x0000000716200000| PB 0x0000000716200000| Complete |  0
|  98|0x0000000716400000, 0x0000000716600000, 0x0000000716600000|100%| S|CS|TAMS 0x0000000716400000| PB 0x0000000716400000| Complete |  0
|  99|0x0000000716600000, 0x00000007166cff28, 0x0000000716800000| 40%| E|  |TAMS 0x0000000716600000| PB 0x0000000716600000| Complete |  0
| 100|0x0000000716800000, 0x0000000716a00000, 0x0000000716a00000|100%| E|CS|TAMS 0x0000000716800000| PB 0x0000000716800000| Complete |  0
| 101|0x0000000716a00000, 0x0000000716c00000, 0x0000000716c00000|100%| E|CS|TAMS 0x0000000716a00000| PB 0x0000000716a00000| Complete |  0
| 102|0x0000000716c00000, 0x0000000716e00000, 0x0000000716e00000|100%| E|CS|TAMS 0x0000000716c00000| PB 0x0000000716c00000| Complete |  0
| 103|0x0000000716e00000, 0x0000000717000000, 0x0000000717000000|100%| E|CS|TAMS 0x0000000716e00000| PB 0x0000000716e00000| Complete |  0
| 104|0x0000000717000000, 0x0000000717200000, 0x0000000717200000|100%| E|CS|TAMS 0x0000000717000000| PB 0x0000000717000000| Complete |  0
| 105|0x0000000717200000, 0x0000000717400000, 0x0000000717400000|100%| E|CS|TAMS 0x0000000717200000| PB 0x0000000717200000| Complete |  0
| 106|0x0000000717400000, 0x0000000717600000, 0x0000000717600000|100%| E|CS|TAMS 0x0000000717400000| PB 0x0000000717400000| Complete |  0
| 107|0x0000000717600000, 0x0000000717800000, 0x0000000717800000|100%| E|CS|TAMS 0x0000000717600000| PB 0x0000000717600000| Complete |  0
| 108|0x0000000717800000, 0x0000000717a00000, 0x0000000717a00000|100%| E|CS|TAMS 0x0000000717800000| PB 0x0000000717800000| Complete |  0
| 109|0x0000000717a00000, 0x0000000717c00000, 0x0000000717c00000|100%| E|CS|TAMS 0x0000000717a00000| PB 0x0000000717a00000| Complete |  0
| 110|0x0000000717c00000, 0x0000000717e00000, 0x0000000717e00000|100%| E|CS|TAMS 0x0000000717c00000| PB 0x0000000717c00000| Complete |  0
| 111|0x0000000717e00000, 0x0000000718000000, 0x0000000718000000|100%| E|CS|TAMS 0x0000000717e00000| PB 0x0000000717e00000| Complete |  0
| 112|0x0000000718000000, 0x0000000718200000, 0x0000000718200000|100%| E|CS|TAMS 0x0000000718000000| PB 0x0000000718000000| Complete |  0
| 113|0x0000000718200000, 0x0000000718400000, 0x0000000718400000|100%| E|CS|TAMS 0x0000000718200000| PB 0x0000000718200000| Complete |  0
| 114|0x0000000718400000, 0x0000000718600000, 0x0000000718600000|100%| E|CS|TAMS 0x0000000718400000| PB 0x0000000718400000| Complete |  0
| 115|0x0000000718600000, 0x0000000718800000, 0x0000000718800000|100%| E|CS|TAMS 0x0000000718600000| PB 0x0000000718600000| Complete |  0
| 116|0x0000000718800000, 0x0000000718a00000, 0x0000000718a00000|100%| E|CS|TAMS 0x0000000718800000| PB 0x0000000718800000| Complete |  0
| 117|0x0000000718a00000, 0x0000000718c00000, 0x0000000718c00000|100%| E|CS|TAMS 0x0000000718a00000| PB 0x0000000718a00000| Complete |  0
| 118|0x0000000718c00000, 0x0000000718e00000, 0x0000000718e00000|100%| E|CS|TAMS 0x0000000718c00000| PB 0x0000000718c00000| Complete |  0
| 119|0x0000000718e00000, 0x0000000719000000, 0x0000000719000000|100%| E|CS|TAMS 0x0000000718e00000| PB 0x0000000718e00000| Complete |  0
| 120|0x0000000719000000, 0x0000000719200000, 0x0000000719200000|100%| E|CS|TAMS 0x0000000719000000| PB 0x0000000719000000| Complete |  0
| 121|0x0000000719200000, 0x0000000719400000, 0x0000000719400000|100%| E|CS|TAMS 0x0000000719200000| PB 0x0000000719200000| Complete |  0
| 122|0x0000000719400000, 0x0000000719600000, 0x0000000719600000|100%| E|CS|TAMS 0x0000000719400000| PB 0x0000000719400000| Complete |  0
|1967|0x00000007ffe00000, 0x00000007fff1c318, 0x0000000800000000| 55%| O|  |TAMS 0x00000007ffe00000| PB 0x00000007ffe00000| Untracked |  0

Card table byte_map: [0x0000028779ed0000,0x000002877a680000] _byte_map_base: 0x0000028776680000

Marking Bits: (CMBitMap*) 0x0000028770724be0
 Bits: [0x000002877a680000, 0x000002877e400000)

Polling page: 0x000002876e4d0000

Metaspace:

Usage:
  Non-class:     13.47 MB used.
      Class:      1.47 MB used.
       Both:     14.94 MB used.

Virtual space:
  Non-class space:       64.00 MB reserved,      13.62 MB ( 21%) committed,  1 nodes.
      Class space:        1.00 GB reserved,       1.62 MB ( <1%) committed,  1 nodes.
             Both:        1.06 GB reserved,      15.25 MB (  1%) committed. 

Chunk freelists:
   Non-Class:  2.22 MB
       Class:  14.36 MB
        Both:  16.57 MB

MaxMetaspaceSize: unlimited
CompressedClassSpaceSize: 1.00 GB
Initial GC threshold: 21.00 MB
Current GC threshold: 21.00 MB
CDS: on
 - commit_granule_bytes: 65536.
 - commit_granule_words: 8192.
 - virtual_space_node_default_size: 8388608.
 - enlarge_chunks_in_place: 1.
UseCompressedClassPointers 1, UseCompactObjectHeaders 0
Narrow klass pointer bits 32, Max shift 3
Narrow klass base: 0x0000028711000000, Narrow klass shift: 0
Encoding Range: [0x0000028711000000 - 0x0000028811000000), (4294967296 bytes)
Klass Range:    [0x0000028711000000 - 0x0000028752000000), (1090519040 bytes)
Klass ID Range:  [8 - 1090519033) (1090519025)


Internal statistics:

num_allocs_failed_limit: 0.
num_arena_births: 178.
num_arena_deaths: 0.
num_vsnodes_births: 2.
num_vsnodes_deaths: 0.
num_space_committed: 244.
num_space_uncommitted: 0.
num_chunks_returned_to_freelist: 0.
num_chunks_taken_from_freelist: 688.
num_chunk_merges: 0.
num_chunk_splits: 468.
num_chunks_enlarged: 376.
num_inconsistent_stats: 0.

CodeHeap 'non-profiled nmethods': size=120064Kb used=1295Kb max_used=1295Kb free=118768Kb
 bounds [0x0000028707ac0000, 0x0000028707d30000, 0x000002870f000000]
CodeHeap 'profiled nmethods': size=120000Kb used=6220Kb max_used=6220Kb free=113779Kb
 bounds [0x0000028700000000, 0x0000028700620000, 0x0000028707530000]
CodeHeap 'non-nmethods': size=5696Kb used=1334Kb max_used=1425Kb free=4361Kb
 bounds [0x0000028707530000, 0x00000287077a0000, 0x0000028707ac0000]
CodeCache: size=245760Kb, used=8849Kb, max_used=8940Kb, free=236908Kb
 total_blobs=4124, nmethods=3623, adapters=406, full_count=0
Compilation: enabled, stopped_count=0, restarted_count=0

Compilation events (20 events):
Event: 6.405 Thread 0x000002877f072ba0 3605       3       java.util.TreeMap::<init> (20 bytes)
Event: 6.405 Thread 0x000002877f072ba0 nmethod 3605 0x0000028700607a08 code [0x0000028700607b20, 0x0000028700607d28]
Event: 6.405 Thread 0x000002877f072ba0 3606       3       com.google.inject.internal.aop.ClassBuilding::visitMembers (46 bytes)
Event: 6.405 Thread 0x000002877f072ba0 nmethod 3606 0x0000028700607d88 code [0x0000028700607ee0, 0x0000028700608370]
Event: 6.405 Thread 0x000002877f072ba0 3608       3       org.objectweb.asm.ClassWriter::visitField (53 bytes)
Event: 6.405 Thread 0x000002877f072ba0 nmethod 3608 0x0000028700608408 code [0x0000028700608540, 0x00000287006088a8]
Event: 6.405 Thread 0x000002877f072ba0 3609       3       org.objectweb.asm.FieldWriter::<init> (69 bytes)
Event: 6.406 Thread 0x000002877f072ba0 nmethod 3609 0x0000028700608908 code [0x0000028700608a80, 0x0000028700609030]
Event: 6.406 Thread 0x000002877f072ba0 3610       3       org.objectweb.asm.FieldVisitor::<init> (7 bytes)
Event: 6.406 Thread 0x000002877f072ba0 nmethod 3610 0x0000028700609088 code [0x00000287006091a0, 0x00000287006092e0]
Event: 6.406 Thread 0x000002877f072ba0 3611       3       java.lang.reflect.Field::setFieldAccessor (20 bytes)
Event: 6.406 Thread 0x000002877f072ba0 nmethod 3611 0x0000028700609388 code [0x00000287006094c0, 0x0000028700609790]
Event: 6.406 Thread 0x000002877f072ba0 3612       3       java.lang.ClassValue$Entry::isPromise (14 bytes)
Event: 6.406 Thread 0x000002877f072ba0 nmethod 3612 0x0000028700609808 code [0x0000028700609920, 0x0000028700609a80]
Event: 6.406 Thread 0x000002877f072ba0 3607       3       java.util.TreeMap::compare (32 bytes)
Event: 6.406 Thread 0x000002877f072ba0 nmethod 3607 0x0000028700609b08 code [0x0000028700609c60, 0x000002870060a060]
Event: 6.406 Thread 0x000002877f072ba0 3613       3       java.lang.reflect.AccessibleObject::checkCanSetAccessible (9 bytes)
Event: 6.406 Thread 0x000002877f072ba0 nmethod 3613 0x000002870060a088 code [0x000002870060a1a0, 0x000002870060a2d8]
Event: 6.406 Thread 0x000002877f072ba0 3614       3       java.lang.reflect.AccessibleObject::checkCanSetAccessible (195 bytes)
Event: 6.407 Thread 0x000002877f071ef0 3615       4       java.lang.ClassNotFoundException::<init> (7 bytes)

GC Heap History (2 events):
Event: 1.697 GC heap before
{Heap before GC invocations=0 (full 0):
 garbage-first heap   total reserved 4030464K, committed 253952K, used 50288K [0x000000070a000000, 0x0000000800000000)
  region size 2048K, 24 young (49152K), 0 survivors (0K)
 Metaspace       used 9485K, committed 9664K, reserved 1114112K
  class space    used 854K, committed 960K, reserved 1048576K
}
Event: 1.702 GC heap after
{Heap after GC invocations=1 (full 0):
 garbage-first heap   total reserved 4030464K, committed 253952K, used 5552K [0x000000070a000000, 0x0000000800000000)
  region size 2048K, 3 young (6144K), 3 survivors (6144K)
 Metaspace       used 9485K, committed 9664K, reserved 1114112K
  class space    used 854K, committed 960K, reserved 1048576K
}

Dll operation events (8 events):
Event: 0.013 Loaded shared library C:\Program Files\Apache NetBeans\jdk\bin\java.dll
Event: 0.045 Loaded shared library C:\Program Files\Apache NetBeans\jdk\bin\jsvml.dll
Event: 0.060 Loaded shared library C:\Program Files\Apache NetBeans\jdk\bin\net.dll
Event: 0.063 Loaded shared library C:\Program Files\Apache NetBeans\jdk\bin\nio.dll
Event: 0.069 Loaded shared library C:\Program Files\Apache NetBeans\jdk\bin\zip.dll
Event: 0.293 Loaded shared library C:\Program Files\Apache NetBeans\java\maven\lib\jansi-native\Windows\x86_64\jansi.dll
Event: 0.295 Loaded shared library C:\Program Files\Apache NetBeans\jdk\bin\jimage.dll
Event: 0.308 Loaded shared library C:\Program Files\Apache NetBeans\jdk\bin\verify.dll

Deoptimization events (20 events):
Event: 2.799 Thread 0x00000287706bab30 Uncommon trap: trap_request=0xffffff4d fr.pc=0x0000028707bacbb8 relative=0x0000000000000298
Event: 2.799 Thread 0x00000287706bab30 Uncommon trap: reason=unstable_if action=reinterpret pc=0x0000028707bacbb8 method=org.codehaus.plexus.util.xml.pull.MXParser.isS(C)Z @ 21 c2
Event: 2.799 Thread 0x00000287706bab30 DEOPT PACKING pc=0x0000028707bacbb8 sp=0x00000089a5bfe070
Event: 2.799 Thread 0x00000287706bab30 DEOPT UNPACKING pc=0x0000028707644c02 sp=0x00000089a5bfdfa0 mode 2
Event: 2.844 Thread 0x00000287706bab30 Uncommon trap: trap_request=0xffffff4d fr.pc=0x0000028707acc9c4 relative=0x0000000000000144
Event: 2.844 Thread 0x00000287706bab30 Uncommon trap: reason=unstable_if action=reinterpret pc=0x0000028707acc9c4 method=java.lang.String.indexOf(I)I @ 4 c2
Event: 2.844 Thread 0x00000287706bab30 DEOPT PACKING pc=0x0000028707acc9c4 sp=0x00000089a5bfe150
Event: 2.844 Thread 0x00000287706bab30 DEOPT UNPACKING pc=0x0000028707644c02 sp=0x00000089a5bfe0f0 mode 2
Event: 2.844 Thread 0x00000287706bab30 Uncommon trap: trap_request=0xffffff4d fr.pc=0x0000028707af7640 relative=0x0000000000000580
Event: 2.844 Thread 0x00000287706bab30 Uncommon trap: reason=unstable_if action=reinterpret pc=0x0000028707af7640 method=java.lang.String.substring(II)Ljava/lang/String; @ 31 c2
Event: 2.844 Thread 0x00000287706bab30 DEOPT PACKING pc=0x0000028707af7640 sp=0x00000089a5bfe0f0
Event: 2.844 Thread 0x00000287706bab30 DEOPT UNPACKING pc=0x0000028707644c02 sp=0x00000089a5bfe0c0 mode 2
Event: 2.875 Thread 0x00000287706bab30 Uncommon trap: trap_request=0xffffff4d fr.pc=0x0000028707bdde30 relative=0x00000000000000b0
Event: 2.875 Thread 0x00000287706bab30 Uncommon trap: reason=unstable_if action=reinterpret pc=0x0000028707bdde30 method=org.apache.maven.model.validation.DefaultModelValidator.isValidIdCharacter(C)Z @ 45 c2
Event: 2.875 Thread 0x00000287706bab30 DEOPT PACKING pc=0x0000028707bdde30 sp=0x00000089a5bfe1e0
Event: 2.875 Thread 0x00000287706bab30 DEOPT UNPACKING pc=0x0000028707644c02 sp=0x00000089a5bfe168 mode 2
Event: 3.042 Thread 0x00000287706bab30 Uncommon trap: trap_request=0xffffffcc fr.pc=0x0000028707be44ec relative=0x00000000000003ac
Event: 3.042 Thread 0x00000287706bab30 Uncommon trap: reason=intrinsic_or_type_checked_inlining action=make_not_entrant pc=0x0000028707be44ec method=java.util.Arrays.copyOf([Ljava/lang/Object;ILjava/lang/Class;)[Ljava/lang/Object; @ 35 c2
Event: 3.042 Thread 0x00000287706bab30 DEOPT PACKING pc=0x0000028707be44ec sp=0x00000089a5bfe970
Event: 3.042 Thread 0x00000287706bab30 DEOPT UNPACKING pc=0x0000028707644c02 sp=0x00000089a5bfe900 mode 2

Classes loaded (20 events):
Event: 2.609 Loading class java/util/spi/ResourceBundleProvider
Event: 2.609 Loading class java/util/spi/ResourceBundleProvider done
Event: 2.609 Loading class sun/util/resources/LocaleData$LocaleDataResourceBundleProvider done
Event: 2.609 Loading class sun/util/resources/LocaleData$CommonResourceBundleProvider done
Event: 2.640 Loading class java/util/stream/IntStream
Event: 2.640 Loading class java/util/stream/IntStream done
Event: 2.640 Loading class java/util/Spliterators$EmptySpliterator$OfInt
Event: 2.640 Loading class java/util/Spliterator$OfInt
Event: 2.640 Loading class java/util/Spliterator$OfPrimitive
Event: 2.640 Loading class java/util/Spliterator$OfPrimitive done
Event: 2.640 Loading class java/util/Spliterator$OfInt done
Event: 2.640 Loading class java/util/Spliterators$EmptySpliterator$OfInt done
Event: 2.640 Loading class java/util/stream/IntPipeline$Head
Event: 2.641 Loading class java/util/stream/IntPipeline
Event: 2.642 Loading class java/util/stream/IntPipeline done
Event: 2.642 Loading class java/util/stream/IntPipeline$Head done
Event: 2.731 Loading class java/util/stream/Streams$RangeIntSpliterator
Event: 2.731 Loading class java/util/stream/Streams$RangeIntSpliterator done
Event: 6.400 Loading class java/io/InterruptedIOException
Event: 6.400 Loading class java/io/InterruptedIOException done

Classes unloaded (0 events):
No events

Classes redefined (0 events):
No events

Internal exceptions (20 events):
Event: 1.927 Thread 0x00000287706bab30 Exception <a 'java/lang/NoSuchMethodError'{0x0000000718ef09c8}: 'java.lang.Object java.lang.invoke.DirectMethodHandle$Holder.invokeStatic(java.lang.Object, java.lang.Object, java.lang.Object, java.lang.Object, java.lang.Object, java.lang.Object, java.lang.Object, java.lang.Object)'> (0x0000000718ef09c8) 
thrown [s\src\hotspot\share\interpreter\linkResolver.cpp, line 805]
Event: 1.929 Thread 0x00000287706bab30 Exception <a 'java/lang/NoSuchMethodError'{0x0000000718f03d28}: 'java.lang.Object java.lang.invoke.Invokers$Holder.invokeExact_MT(java.lang.Object, java.lang.Object, java.lang.Object, java.lang.Object, java.lang.Object, java.lang.Object)'> (0x0000000718f03d28) 
thrown [s\src\hotspot\share\interpreter\linkResolver.cpp, line 805]
Event: 1.930 Thread 0x00000287706bab30 Implicit null exception at 0x0000028707b2ac3d to 0x0000028707b2add0
Event: 1.934 Thread 0x00000287706bab30 Exception <a 'java/lang/NoSuchMethodError'{0x0000000718f1cf58}: 'java.lang.Object java.lang.invoke.Invokers$Holder.invokeExact_MT(java.lang.Object, int, java.lang.Object)'> (0x0000000718f1cf58) 
thrown [s\src\hotspot\share\interpreter\linkResolver.cpp, line 805]
Event: 2.189 Thread 0x00000287706bab30 Exception <a 'java/lang/NoSuchMethodError'{0x00000007186f0840}: 'void java.lang.invoke.Invokers$Holder.invokeExact_MT(java.lang.Object, java.lang.Object, java.lang.Object, java.lang.Object)'> (0x00000007186f0840) 
thrown [s\src\hotspot\share\interpreter\linkResolver.cpp, line 805]
Event: 2.214 Thread 0x00000287706bab30 Exception <a 'java/lang/NoClassDefFoundError'{0x0000000718790130}: com/google/inject/servlet/ServletModuleTargetVisitor> (0x0000000718790130) 
thrown [s\src\hotspot\share\classfile\systemDictionary.cpp, line 316]
Event: 2.306 Thread 0x00000287706bab30 Exception <a 'java/lang/NoSuchMethodError'{0x000000071822e648}: 'void java.lang.invoke.DirectMethodHandle$Holder.invokeVirtual(java.lang.Object, java.lang.Object)'> (0x000000071822e648) 
thrown [s\src\hotspot\share\interpreter\linkResolver.cpp, line 805]
Event: 2.354 Thread 0x00000287706bab30 Exception <a 'java/lang/NoSuchMethodError'{0x00000007182db120}: 'java.lang.Object java.lang.invoke.DirectMethodHandle$Holder.invokeStaticInit(java.lang.Object, int, int, int, int)'> (0x00000007182db120) 
thrown [s\src\hotspot\share\interpreter\linkResolver.cpp, line 805]
Event: 2.509 Thread 0x00000287706bab30 Implicit null exception at 0x0000028707b68614 to 0x0000028707b68bc8
Event: 2.509 Thread 0x00000287706bab30 Implicit null exception at 0x0000028707aff410 to 0x0000028707aff9b8
Event: 2.551 Thread 0x00000287706bab30 Exception <a 'java/lang/NoSuchMethodError'{0x0000000717c7faf8}: 'void java.lang.invoke.DirectMethodHandle$Holder.invokeSpecial(java.lang.Object, java.lang.Object, java.lang.Object, java.lang.Object, java.lang.Object)'> (0x0000000717c7faf8) 
thrown [s\src\hotspot\share\interpreter\linkResolver.cpp, line 805]
Event: 2.555 Thread 0x00000287706bab30 Exception <a 'java/lang/NoSuchMethodError'{0x0000000717cb7ca0}: 'void java.lang.invoke.DirectMethodHandle$Holder.invokeSpecial(java.lang.Object, java.lang.Object, java.lang.Object, java.lang.Object, java.lang.Object, java.lang.Object)'> (0x0000000717cb7ca0) 
thrown [s\src\hotspot\share\interpreter\linkResolver.cpp, line 805]
Event: 2.580 Thread 0x00000287706bab30 Exception <a 'java/lang/NoSuchMethodError'{0x0000000717db0f90}: 'java.lang.Object java.lang.invoke.DirectMethodHandle$Holder.invokeVirtual(java.lang.Object, java.lang.Object, java.lang.Object)'> (0x0000000717db0f90) 
thrown [s\src\hotspot\share\interpreter\linkResolver.cpp, line 805]
Event: 2.659 Thread 0x00000287706bab30 Exception <a 'java/lang/NoSuchMethodError'{0x0000000717bb2bd0}: 'void java.lang.invoke.DirectMethodHandle$Holder.invokeVirtual(java.lang.Object, java.lang.Object, int)'> (0x0000000717bb2bd0) 
thrown [s\src\hotspot\share\interpreter\linkResolver.cpp, line 805]
Event: 2.660 Thread 0x00000287706bab30 Exception <a 'java/lang/NoSuchMethodError'{0x0000000717bbb388}: 'void java.lang.invoke.DirectMethodHandle$Holder.invokeSpecial(java.lang.Object, java.lang.Object, java.lang.Object, int)'> (0x0000000717bbb388) 
thrown [s\src\hotspot\share\interpreter\linkResolver.cpp, line 805]
Event: 2.660 Thread 0x00000287706bab30 Exception <a 'java/lang/NoSuchMethodError'{0x0000000717bc36e8}: 'void java.lang.invoke.DelegatingMethodHandle$Holder.reinvoke_L(java.lang.Object, java.lang.Object, int)'> (0x0000000717bc36e8) 
thrown [s\src\hotspot\share\interpreter\linkResolver.cpp, line 805]
Event: 6.400 Thread 0x00000287706bab30 Exception <a 'java/io/IOException'{0x000000071699ed78}> (0x000000071699ed78) 
thrown [s\src\hotspot\share\prims\jni.cpp, line 518]
Event: 6.400 Thread 0x00000287706bab30 Exception <a 'java/io/IOException'{0x000000071699f400}> (0x000000071699f400) 
thrown [s\src\hotspot\share\prims\jni.cpp, line 518]
Event: 6.400 Thread 0x00000287706bab30 Exception <a 'java/io/IOException'{0x000000071699f9c8}> (0x000000071699f9c8) 
thrown [s\src\hotspot\share\prims\jni.cpp, line 518]
Event: 6.400 Thread 0x00000287706bab30 Exception <a 'java/io/IOException'{0x000000071699ff88}> (0x000000071699ff88) 
thrown [s\src\hotspot\share\prims\jni.cpp, line 518]

VM Operations (20 events):
Event: 1.906 Executing VM operation: HandshakeAllThreads (Deoptimize)
Event: 1.906 Executing VM operation: HandshakeAllThreads (Deoptimize) done
Event: 1.973 Executing VM operation: HandshakeAllThreads (Deoptimize)
Event: 1.973 Executing VM operation: HandshakeAllThreads (Deoptimize) done
Event: 1.975 Executing VM operation: HandshakeAllThreads (Deoptimize)
Event: 1.975 Executing VM operation: HandshakeAllThreads (Deoptimize) done
Event: 2.044 Executing VM operation: HandshakeAllThreads (Deoptimize)
Event: 2.044 Executing VM operation: HandshakeAllThreads (Deoptimize) done
Event: 2.182 Executing VM operation: HandshakeAllThreads (Deoptimize)
Event: 2.182 Executing VM operation: HandshakeAllThreads (Deoptimize) done
Event: 2.320 Executing VM operation: HandshakeAllThreads (Deoptimize)
Event: 2.320 Executing VM operation: HandshakeAllThreads (Deoptimize) done
Event: 2.375 Executing VM operation: HandshakeAllThreads (Deoptimize)
Event: 2.375 Executing VM operation: HandshakeAllThreads (Deoptimize) done
Event: 2.418 Executing VM operation: HandshakeAllThreads (Deoptimize)
Event: 2.418 Executing VM operation: HandshakeAllThreads (Deoptimize) done
Event: 2.466 Executing VM operation: HandshakeAllThreads (Deoptimize)
Event: 2.466 Executing VM operation: HandshakeAllThreads (Deoptimize) done
Event: 2.467 Executing VM operation: HandshakeAllThreads (Deoptimize)
Event: 2.467 Executing VM operation: HandshakeAllThreads (Deoptimize) done

Memory protections (0 events):
No events

Nmethod flushes (0 events):
No events

Events (19 events):
Event: 0.029 Thread 0x00000287706bab30 Thread added: 0x00000287706bab30
Event: 0.043 Thread 0x00000287706bab30 Thread added: 0x000002877f05b790
Event: 0.043 Thread 0x00000287706bab30 Thread added: 0x000002877f05bed0
Event: 0.044 Thread 0x00000287706bab30 Thread added: 0x000002877f05f280
Event: 0.044 Thread 0x00000287706bab30 Thread added: 0x000002877f05fdb0
Event: 0.044 Thread 0x00000287706bab30 Thread added: 0x000002877f0688f0
Event: 0.044 Thread 0x00000287706bab30 Thread added: 0x000002877f06ba90
Event: 0.044 Thread 0x00000287706bab30 Thread added: 0x000002877f071ef0
Event: 0.044 Thread 0x00000287706bab30 Thread added: 0x000002877f072ba0
Event: 0.054 Thread 0x00000287706bab30 Thread added: 0x00000287561385a0
Event: 0.057 Thread 0x00000287706bab30 Thread added: 0x00000287561394f0
Event: 0.288 Thread 0x00000287706bab30 Thread added: 0x0000028756b6f400
Event: 0.406 Thread 0x0000028756b6f400 Thread exited: 0x0000028756b6f400
Event: 0.892 Thread 0x000002877f072ba0 Thread added: 0x0000028756d94330
Event: 0.916 Thread 0x000002877f071ef0 Thread added: 0x0000028756dc6b60
Event: 1.574 Thread 0x0000028756dc6b60 Thread exited: 0x0000028756dc6b60
Event: 2.718 Thread 0x000002877f072ba0 Thread added: 0x000002875784ba40
Event: 6.401 Thread 0x000002875784ba40 Thread exited: 0x000002875784ba40
Event: 6.402 Thread 0x0000028756d94330 Thread exited: 0x0000028756d94330


Dynamic libraries:
0x00007ff69eb20000 - 0x00007ff69eb2e000 	C:\Program Files\Apache NetBeans\jdk\bin\java.exe
0x00007ffe349e0000 - 0x00007ffe34c48000 	C:\WINDOWS\SYSTEM32\ntdll.dll
0x00007ffe333c0000 - 0x00007ffe33489000 	C:\WINDOWS\System32\KERNEL32.DLL
0x00007ffe320c0000 - 0x00007ffe324ad000 	C:\WINDOWS\System32\KERNELBASE.dll
0x00007ffe324b0000 - 0x00007ffe325fb000 	C:\WINDOWS\System32\ucrtbase.dll
0x00007ffe22510000 - 0x00007ffe22526000 	C:\Program Files\Apache NetBeans\jdk\bin\jli.dll
0x00007ffe2eb40000 - 0x00007ffe2eb5e000 	C:\Program Files\Apache NetBeans\jdk\bin\VCRUNTIME140.dll
0x00007ffe345c0000 - 0x00007ffe3478c000 	C:\WINDOWS\System32\USER32.dll
0x00007ffe1e3d0000 - 0x00007ffe1e66a000 	C:\WINDOWS\WinSxS\amd64_microsoft.windows.common-controls_6595b64144ccf1df_6.0.26100.4484_none_3e0e6d4ce32ef3b3\COMCTL32.dll
0x00007ffe31e60000 - 0x00007ffe31e87000 	C:\WINDOWS\System32\win32u.dll
0x00007ffe33510000 - 0x00007ffe335b9000 	C:\WINDOWS\System32\msvcrt.dll
0x00007ffe33220000 - 0x00007ffe3324b000 	C:\WINDOWS\System32\GDI32.dll
0x00007ffe31d20000 - 0x00007ffe31e57000 	C:\WINDOWS\System32\gdi32full.dll
0x00007ffe31e90000 - 0x00007ffe31f33000 	C:\WINDOWS\System32\msvcp_win.dll
0x00007ffe33650000 - 0x00007ffe3367f000 	C:\WINDOWS\System32\IMM32.DLL
0x00007ffe2eb30000 - 0x00007ffe2eb3c000 	C:\Program Files\Apache NetBeans\jdk\bin\vcruntime140_1.dll
0x00007ffdaffb0000 - 0x00007ffdb003d000 	C:\Program Files\Apache NetBeans\jdk\bin\msvcp140.dll
0x00007ffdad470000 - 0x00007ffdae2ec000 	C:\Program Files\Apache NetBeans\jdk\bin\server\jvm.dll
0x00007ffe33ab0000 - 0x00007ffe33b64000 	C:\WINDOWS\System32\ADVAPI32.dll
0x00007ffe33970000 - 0x00007ffe33a16000 	C:\WINDOWS\System32\sechost.dll
0x00007ffe32c60000 - 0x00007ffe32d78000 	C:\WINDOWS\System32\RPCRT4.dll
0x00007ffe33490000 - 0x00007ffe33504000 	C:\WINDOWS\System32\WS2_32.dll
0x00007ffe31980000 - 0x00007ffe319de000 	C:\WINDOWS\SYSTEM32\POWRPROF.dll
0x00007ffe29bc0000 - 0x00007ffe29bcb000 	C:\WINDOWS\SYSTEM32\VERSION.dll
0x00007ffe29b80000 - 0x00007ffe29bb5000 	C:\WINDOWS\SYSTEM32\WINMM.dll
0x00007ffe31960000 - 0x00007ffe31974000 	C:\WINDOWS\SYSTEM32\UMPDC.dll
0x00007ffe308d0000 - 0x00007ffe308eb000 	C:\WINDOWS\SYSTEM32\kernel.appcore.dll
0x00007ffe23450000 - 0x00007ffe2345a000 	C:\Program Files\Apache NetBeans\jdk\bin\jimage.dll
0x00007ffe2a590000 - 0x00007ffe2a7d1000 	C:\WINDOWS\SYSTEM32\DBGHELP.DLL
0x00007ffe327f0000 - 0x00007ffe32b76000 	C:\WINDOWS\System32\combase.dll
0x00007ffe33b70000 - 0x00007ffe33c50000 	C:\WINDOWS\System32\OLEAUT32.dll
0x00007ffe1caa0000 - 0x00007ffe1cae3000 	C:\WINDOWS\SYSTEM32\dbgcore.DLL
0x00007ffe31b30000 - 0x00007ffe31bc9000 	C:\WINDOWS\System32\bcryptPrimitives.dll
0x00007ffe23460000 - 0x00007ffe2347e000 	C:\Program Files\Apache NetBeans\jdk\bin\java.dll
0x00007ffe33cc0000 - 0x00007ffe33e5e000 	C:\WINDOWS\System32\ole32.dll
0x00007ffe33e70000 - 0x00007ffe345ba000 	C:\WINDOWS\System32\SHELL32.dll
0x00007ffe31f40000 - 0x00007ffe320b4000 	C:\WINDOWS\System32\wintypes.dll
0x00007ffe2f7b0000 - 0x00007ffe3000b000 	C:\WINDOWS\SYSTEM32\windows.storage.dll
0x00007ffe33690000 - 0x00007ffe33785000 	C:\WINDOWS\System32\SHCORE.dll
0x00007ffe32780000 - 0x00007ffe327ea000 	C:\WINDOWS\System32\shlwapi.dll
0x00007ffe31a40000 - 0x00007ffe31a6f000 	C:\WINDOWS\SYSTEM32\profapi.dll
0x00007ffdad390000 - 0x00007ffdad467000 	C:\Program Files\Apache NetBeans\jdk\bin\jsvml.dll
0x00007ffdb6ca0000 - 0x00007ffdb6cb0000 	C:\Program Files\Apache NetBeans\jdk\bin\net.dll
0x00007ffe30e60000 - 0x00007ffe30eca000 	C:\WINDOWS\system32\mswsock.dll
0x00007ffdae6e0000 - 0x00007ffdae6f6000 	C:\Program Files\Apache NetBeans\jdk\bin\nio.dll
0x00007ffdbb7d0000 - 0x00007ffdbb7e7000 	C:\Program Files\Apache NetBeans\jdk\bin\zip.dll
0x00007ffe18eb0000 - 0x00007ffe18ed4000 	C:\Program Files\Apache NetBeans\java\maven\lib\jansi-native\Windows\x86_64\jansi.dll
0x00007ffdb6ba0000 - 0x00007ffdb6bb0000 	C:\Program Files\Apache NetBeans\jdk\bin\verify.dll

JVMTI agents: none

dbghelp: loaded successfully - version: 4.0.5 - missing functions: none
symbol engine: initialized successfully - sym options: 0x614 - pdb path: .;C:\Program Files\Apache NetBeans\jdk\bin;C:\WINDOWS\SYSTEM32;C:\WINDOWS\WinSxS\amd64_microsoft.windows.common-controls_6595b64144ccf1df_6.0.26100.4484_none_3e0e6d4ce32ef3b3;C:\Program Files\Apache NetBeans\jdk\bin\server;C:\Program Files\Apache NetBeans\java\maven\lib\jansi-native\Windows\x86_64

VM Arguments:
jvm_args: --enable-native-access=ALL-UNNAMED -Dclassworlds.conf=C:\Program Files\Apache NetBeans\java\maven\bin\m2.conf -Dmaven.home=C:\Program Files\Apache NetBeans\java\maven -Dlibrary.jansi.path=C:\Program Files\Apache NetBeans\java\maven\lib\jansi-native -Dmaven.multiModuleProjectDirectory=C:\Users\josee\OneDrive\Desktop\Desarrollo de Apps Web\soda-master(prueba1)\soda-master 
java_command: org.codehaus.plexus.classworlds.launcher.Launcher -Dmaven.ext.class.path=C:\Program Files\Apache NetBeans\java\maven-nblib\netbeans-eventspy.jar --no-transfer-progress install
java_class_path (initial): C:\Program Files\Apache NetBeans\java\maven\boot\plexus-classworlds-2.9.0.jar
Launcher Type: SUN_STANDARD

[Global flags]
     intx CICompilerCount                          = 4                                         {product} {ergonomic}
     uint ConcGCThreads                            = 3                                         {product} {ergonomic}
     uint G1ConcRefinementThreads                  = 10                                        {product} {ergonomic}
   size_t G1HeapRegionSize                         = 2097152                                   {product} {ergonomic}
   size_t InitialHeapSize                          = 257949696                                 {product} {ergonomic}
   size_t MarkStackSize                            = 4194304                                   {product} {ergonomic}
   size_t MarkStackSizeMax                         = 536870912                                 {product} {ergonomic}
   size_t MaxHeapSize                              = 4127195136                                {product} {ergonomic}
   size_t MaxNewSize                               = 2474639360                                {product} {ergonomic}
   size_t MinHeapDeltaBytes                        = 2097152                                   {product} {ergonomic}
   size_t MinHeapSize                              = 8388608                                   {product} {ergonomic}
    uintx NonNMethodCodeHeapSize                   = 5832704                                {pd product} {ergonomic}
    uintx NonProfiledCodeHeapSize                  = 122945536                              {pd product} {ergonomic}
    uintx ProfiledCodeHeapSize                     = 122880000                              {pd product} {ergonomic}
    uintx ReservedCodeCacheSize                    = 251658240                              {pd product} {ergonomic}
     bool SegmentedCodeCache                       = true                                      {product} {ergonomic}
   size_t SoftMaxHeapSize                          = 4127195136                             {manageable} {ergonomic}
     bool UseCompressedOops                        = true                           {product lp64_product} {ergonomic}
     bool UseG1GC                                  = true                                      {product} {ergonomic}
     bool UseLargePagesIndividualAllocation        = false                                  {pd product} {ergonomic}

Logging:
Log output configuration:
 #0: stdout all=warning uptime,level,tags foldmultilines=false
 #1: stderr all=off uptime,level,tags foldmultilines=false

Environment Variables:
JAVA_HOME=C:\Program Files\Apache NetBeans\jdk
PATH=C:\Program Files\Common Files\Oracle\Java\javapath;C:\WINDOWS\system32;C:\WINDOWS;C:\WINDOWS\System32\Wbem;C:\WINDOWS\System32\WindowsPowerShell\v1.0\;C:\WINDOWS\System32\OpenSSH\;C:\Users\josee\AppData\Local\Programs\Python\Python312;C:\Users\josee\Downloads\jdk-23_windows-x64_bin.zip\jdk-23.0.1\bin;C:\Program Files\Git\cmd;C:\Users\josee\AppData\Local\Programs\Python\Launcher\;C:\Users\josee\AppData\Local\Microsoft\WindowsApps;C:\Users\josee\AppData\Local\Programs\Microsoft VS Code\bin;C:\Users\josee\AppData\Local\Programs\Python\Python312;C:\Users\josee\AppData\Local\Programs\Python\Python312\Scripts;C:\Users\josee\AppData\Local\GitHubDesktop\bin
USERNAME=josee
OS=Windows_NT
PROCESSOR_IDENTIFIER=AMD64 Family 25 Model 80 Stepping 0, AuthenticAMD
TMP=C:\Users\josee\AppData\Local\Temp
TEMP=C:\Users\josee\AppData\Local\Temp




Periodic native trim disabled

---------------  S Y S T E M  ---------------

OS:
 Windows 11 , 64 bit Build 26100 (10.0.26100.4484)
OS uptime: 0 days 2:25 hours

CPU: total 12 (initial active 12) (12 cores per cpu, 2 threads per core) family 25 model 80 stepping 0 microcode 0xa50000c, cx8, cmov, fxsr, ht, mmx, 3dnowpref, sse, sse2, sse3, ssse3, sse4a, sse4.1, sse4.2, popcnt, lzcnt, tsc, tscinvbit, avx, avx2, aes, erms, clmul, bmi1, bmi2, adx, sha, fma, vzeroupper, clflush, clflushopt, rdtscp, rdpid, fsrm, f16c, pku, cet_ss
Processor Information for the first 12 processors :
  Max Mhz: 3901, Current Mhz: 3901, Mhz Limit: 3901

Memory: 4k page, system-wide physical 15742M (5158M free)
TotalPageFile size 64894M (AvailPageFile size 5306M)
current process WorkingSet (physical memory assigned to process): 125M, peak: 140M
current process commit charge ("private bytes"): 367M, peak: 384M

vm_info: OpenJDK 64-Bit Server VM (24.0.2+12) for windows-amd64 JRE (24.0.2+12) (Zulu24.32+13-CA), built on 2025-07-11T12:45:44Z with MS VC++ 17.1 (VS2022)

END.
