#
# There is insufficient memory for the Java Runtime Environment to continue.
# Native memory allocation (malloc) failed to allocate 183888 bytes. Error detail: Chunk::new
# Possible reasons:
#   The system is out of physical RAM or swap space
#   This process is running with CompressedOops enabled, and the Java Heap may be blocking the growth of the native heap
# Possible solutions:
#   Reduce memory load on the system
#   Increase physical memory or swap space
#   Check if swap backing store is full
#   Decrease Java heap size (-Xmx/-Xms)
#   Decrease number of Java threads
#   Decrease Java thread stack sizes (-Xss)
#   Set larger code cache with -XX:ReservedCodeCacheSize=
#   JVM is running with Zero Based Compressed Oops mode in which the Java heap is
#     placed in the first 32GB address space. The Java Heap base address is the
#     maximum limit for the native heap growth. Please use -XX:HeapBaseMinAddress
#     to set the Java Heap base and to place the Java Heap above 32GB virtual address.
# This output file may be truncated or incomplete.
#
#  Out of Memory Error (arena.cpp:162), pid=29804, tid=30204
#
# JRE version: OpenJDK Runtime Environment Zulu24.32+13-CA (24.0.2+12) (build 24.0.2+12)
# Java VM: OpenJDK 64-Bit Server VM Zulu24.32+13-CA (24.0.2+12, mixed mode, sharing, tiered, compressed oops, compressed class ptrs, g1 gc, windows-amd64)
# No core dump will be written. Minidumps are not enabled by default on client versions of Windows
#

---------------  S U M M A R Y ------------

Command Line: --enable-native-access=ALL-UNNAMED -Dclassworlds.conf=C:\Program Files\Apache NetBeans\java\maven\bin\m2.conf -Dmaven.home=C:\Program Files\Apache NetBeans\java\maven -Dlibrary.jansi.path=C:\Program Files\Apache NetBeans\java\maven\lib\jansi-native -Dmaven.multiModuleProjectDirectory=C:\Users\josee\OneDrive\Desktop\Desarrollo de Apps Web\soda-master(prueba1)\soda-master org.codehaus.plexus.classworlds.launcher.Launcher -Dmaven.ext.class.path=C:\Program Files\Apache NetBeans\java\maven-nblib\netbeans-eventspy.jar --no-transfer-progress install

Host: AMD Ryzen 5 5600G with Radeon Graphics         , 12 cores, 15G,  Windows 11 , 64 bit Build 26100 (10.0.26100.4484)
Time: Sun Nov  2 17:16:49 2025 Central America Standard Time elapsed time: 91.262345 seconds (0d 0h 1m 31s)

---------------  T H R E A D  ---------------

Current thread (0x00000251ed330f30):  JavaThread "C2 CompilerThread0" daemon [_thread_in_native, id=30204, stack(0x00000058bbb00000,0x00000058bbc00000) (1024K)]


Current CompileTask:
C2:91262 3614       4       java.lang.ClassNotFoundException::<init> (7 bytes)

Stack: [0x00000058bbb00000,0x00000058bbc00000]
Native frames: (J=compiled Java code, j=interpreted, Vv=VM code, C=native code)
V  [jvm.dll+0x741329]  (no source info available)
V  [jvm.dll+0x97e243]  (no source info available)
V  [jvm.dll+0x98056d]  (no source info available)
V  [jvm.dll+0x980be3]  (no source info available)
V  [jvm.dll+0x2b5a76]  (no source info available)
V  [jvm.dll+0xd00af]  (no source info available)
V  [jvm.dll+0xd030f]  (no source info available)
V  [jvm.dll+0x15b85f]  (no source info available)
V  [jvm.dll+0x746bef]  (no source info available)
V  [jvm.dll+0x27a478]  (no source info available)
V  [jvm.dll+0x279591]  (no source info available)
V  [jvm.dll+0x1f30fa]  (no source info available)
V  [jvm.dll+0x288d95]  (no source info available)
V  [jvm.dll+0x28702a]  (no source info available)
V  [jvm.dll+0x43e016]  (no source info available)
V  [jvm.dll+0x920c78]  (no source info available)
V  [jvm.dll+0x73fab5]  (no source info available)
C  [ucrtbase.dll+0x37b0]  (no source info available)
C  [KERNEL32.DLL+0x2e8d7]  (no source info available)
C  [ntdll.dll+0x3c34c]  (no source info available)

Lock stack of current Java thread (top to bottom):


---------------  P R O C E S S  ---------------

Threads class SMR info:
_java_thread_list=0x00000251c650fe70, length=11, elements={
0x00000251cd969660, 0x00000251ed314d20, 0x00000251ed315460, 0x00000251ed318b00,
0x00000251ed319240, 0x00000251ed31f810, 0x00000251ed320950, 0x00000251ed330f30,
0x00000251ed3363f0, 0x00000251c511f7c0, 0x00000251c5142ec0
}

Java Threads: ( => current thread )
  0x00000251cd969660 JavaThread "main"                              [_thread_in_vm, id=29848, stack(0x00000058bad00000,0x00000058bae00000) (1024K)]
  0x00000251ed314d20 JavaThread "Reference Handler"          daemon [_thread_blocked, id=30180, stack(0x00000058bb500000,0x00000058bb600000) (1024K)]
  0x00000251ed315460 JavaThread "Finalizer"                  daemon [_thread_blocked, id=30184, stack(0x00000058bb600000,0x00000058bb700000) (1024K)]
  0x00000251ed318b00 JavaThread "Signal Dispatcher"          daemon [_thread_blocked, id=30188, stack(0x00000058bb700000,0x00000058bb800000) (1024K)]
  0x00000251ed319240 JavaThread "Attach Listener"            daemon [_thread_blocked, id=30192, stack(0x00000058bb800000,0x00000058bb900000) (1024K)]
  0x00000251ed31f810 JavaThread "Service Thread"             daemon [_thread_blocked, id=30196, stack(0x00000058bb900000,0x00000058bba00000) (1024K)]
  0x00000251ed320950 JavaThread "Monitor Deflation Thread"   daemon [_thread_blocked, id=30200, stack(0x00000058bba00000,0x00000058bbb00000) (1024K)]
=>0x00000251ed330f30 JavaThread "C2 CompilerThread0"         daemon [_thread_in_native, id=30204, stack(0x00000058bbb00000,0x00000058bbc00000) (1024K)]
  0x00000251ed3363f0 JavaThread "C1 CompilerThread0"         daemon [_thread_blocked, id=30208, stack(0x00000058bbc00000,0x00000058bbd00000) (1024K)]
  0x00000251c511f7c0 JavaThread "Notification Thread"        daemon [_thread_blocked, id=30212, stack(0x00000058bbd00000,0x00000058bbe00000) (1024K)]
  0x00000251c5142ec0 JavaThread "Common-Cleaner"             daemon [_thread_blocked, id=30244, stack(0x00000058bbe00000,0x00000058bbf00000) (1024K)]
Total: 11

Other Threads:
  0x00000251ed1cac40 VMThread "VM Thread"                           [id=30148, stack(0x00000058bb400000,0x00000058bb500000) (1024K)]
  0x00000251ed2f7d50 WatcherThread "VM Periodic Task Thread"        [id=30132, stack(0x00000058bb300000,0x00000058bb400000) (1024K)]
  0x00000251cd9d1f70 WorkerThread "GC Thread#0"                     [id=30028, stack(0x00000058bae00000,0x00000058baf00000) (1024K)]
  0x00000251ed1ca130 WorkerThread "GC Thread#1"                     [id=30556, stack(0x00000058bc100000,0x00000058bc200000) (1024K)]
  0x00000251ed1ca4e0 WorkerThread "GC Thread#2"                     [id=30560, stack(0x00000058bc200000,0x00000058bc300000) (1024K)]
  0x00000251c5d336a0 WorkerThread "GC Thread#3"                     [id=30564, stack(0x00000058bc300000,0x00000058bc400000) (1024K)]
  0x00000251c5d327e0 WorkerThread "GC Thread#4"                     [id=30568, stack(0x00000058bc400000,0x00000058bc500000) (1024K)]
  0x00000251cd9e7260 ConcurrentGCThread "G1 Main Marker"            [id=30040, stack(0x00000058baf00000,0x00000058bb000000) (1024K)]
  0x00000251cd9ee640 WorkerThread "G1 Conc#0"                       [id=30044, stack(0x00000058bb000000,0x00000058bb100000) (1024K)]
  0x00000251cda2e9b0 ConcurrentGCThread "G1 Refine#0"               [id=30068, stack(0x00000058bb100000,0x00000058bb200000) (1024K)]
  0x00000251ed1c35e0 ConcurrentGCThread "G1 Service"                [id=30072, stack(0x00000058bb200000,0x00000058bb300000) (1024K)]
Total: 11

Threads with active compile tasks:
C2 CompilerThread0  91566 3614       4       java.lang.ClassNotFoundException::<init> (7 bytes)
Total: 1

VM state: not at safepoint (normal execution)

VM Mutex/Monitor currently owned by a thread: None

Heap address: 0x000000070a000000, size: 3936 MB, Compressed Oops mode: Zero based, Oop shift amount: 3

CDS archive(s) mapped at: [0x0000025180000000-0x0000025180d40000-0x0000025180d40000), size 13893632, SharedBaseAddress: 0x0000025180000000, ArchiveRelocationMode: 1.
Compressed class space mapped at: 0x0000025181000000-0x00000251c1000000, reserved size: 1073741824
UseCompressedClassPointers 1, UseCompactObjectHeaders 0
Narrow klass pointer bits 32, Max shift 3
Narrow klass base: 0x0000025180000000, Narrow klass shift: 0
Encoding Range: [0x0000025180000000 - 0x0000025280000000), (4294967296 bytes)
Klass Range:    [0x0000025180000000 - 0x00000251c1000000), (1090519040 bytes)
Klass ID Range:  [8 - 1090519033) (1090519025)

GC Precious Log:
 CardTable entry size: 512
 Card Set container configuration: InlinePtr #cards 4 size 8 Array Of Cards #cards 16 size 48 Howl #buckets 8 coarsen threshold 3686 Howl Bitmap #cards 512 size 80 coarsen threshold 460 Card regions per heap region 1 cards per card region 4096
 CPUs: 12 total, 12 available
 Memory: 15742M
 Large Page Support: Disabled
 NUMA Support: Disabled
 Compressed Oops: Enabled (Zero based)
 Heap Region Size: 2M
 Heap Min Capacity: 8M
 Heap Initial Capacity: 246M
 Heap Max Capacity: 3936M
 Pre-touch: Disabled
 Parallel Workers: 10
 Concurrent Workers: 3
 Concurrent Refinement Workers: 10
 Periodic GC: Disabled

Heap:
 garbage-first heap   total reserved 4030464K, committed 253952K, used 52720K [0x000000070a000000, 0x0000000800000000)
  region size 2048K, 27 young (55296K), 3 survivors (6144K)
 Metaspace       used 15296K, committed 15616K, reserved 1114112K
  class space    used 1507K, committed 1664K, reserved 1048576K

Heap Regions: E=young(eden), S=young(survivor), O=old, HS=humongous(starts), HC=humongous(continues), CS=collection set, F=free, TAMS=top-at-mark-start, PB=parsable bottom
|   0|0x000000070a000000, 0x000000070a000000, 0x000000070a200000|  0%| F|  |TAMS 0x000000070a000000| PB 0x000000070a000000| Untracked |  0
|   1|0x000000070a200000, 0x000000070a200000, 0x000000070a400000|  0%| F|  |TAMS 0x000000070a200000| PB 0x000000070a200000| Untracked |  0
|   2|0x000000070a400000, 0x000000070a400000, 0x000000070a600000|  0%| F|  |TAMS 0x000000070a400000| PB 0x000000070a400000| Untracked |  0
|   3|0x000000070a600000, 0x000000070a600000, 0x000000070a800000|  0%| F|  |TAMS 0x000000070a600000| PB 0x000000070a600000| Untracked |  0
|   4|0x000000070a800000, 0x000000070a800000, 0x000000070aa00000|  0%| F|  |TAMS 0x000000070a800000| PB 0x000000070a800000| Untracked |  0
|   5|0x000000070aa00000, 0x000000070aa00000, 0x000000070ac00000|  0%| F|  |TAMS 0x000000070aa00000| PB 0x000000070aa00000| Untracked |  0
|   6|0x000000070ac00000, 0x000000070ac00000, 0x000000070ae00000|  0%| F|  |TAMS 0x000000070ac00000| PB 0x000000070ac00000| Untracked |  0
|   7|0x000000070ae00000, 0x000000070ae00000, 0x000000070b000000|  0%| F|  |TAMS 0x000000070ae00000| PB 0x000000070ae00000| Untracked |  0
|   8|0x000000070b000000, 0x000000070b000000, 0x000000070b200000|  0%| F|  |TAMS 0x000000070b000000| PB 0x000000070b000000| Untracked |  0
|   9|0x000000070b200000, 0x000000070b200000, 0x000000070b400000|  0%| F|  |TAMS 0x000000070b200000| PB 0x000000070b200000| Untracked |  0
|  10|0x000000070b400000, 0x000000070b400000, 0x000000070b600000|  0%| F|  |TAMS 0x000000070b400000| PB 0x000000070b400000| Untracked |  0
|  11|0x000000070b600000, 0x000000070b600000, 0x000000070b800000|  0%| F|  |TAMS 0x000000070b600000| PB 0x000000070b600000| Untracked |  0
|  12|0x000000070b800000, 0x000000070b800000, 0x000000070ba00000|  0%| F|  |TAMS 0x000000070b800000| PB 0x000000070b800000| Untracked |  0
|  13|0x000000070ba00000, 0x000000070ba00000, 0x000000070bc00000|  0%| F|  |TAMS 0x000000070ba00000| PB 0x000000070ba00000| Untracked |  0
|  14|0x000000070bc00000, 0x000000070bc00000, 0x000000070be00000|  0%| F|  |TAMS 0x000000070bc00000| PB 0x000000070bc00000| Untracked |  0
|  15|0x000000070be00000, 0x000000070be00000, 0x000000070c000000|  0%| F|  |TAMS 0x000000070be00000| PB 0x000000070be00000| Untracked |  0
|  16|0x000000070c000000, 0x000000070c000000, 0x000000070c200000|  0%| F|  |TAMS 0x000000070c000000| PB 0x000000070c000000| Untracked |  0
|  17|0x000000070c200000, 0x000000070c200000, 0x000000070c400000|  0%| F|  |TAMS 0x000000070c200000| PB 0x000000070c200000| Untracked |  0
|  18|0x000000070c400000, 0x000000070c400000, 0x000000070c600000|  0%| F|  |TAMS 0x000000070c400000| PB 0x000000070c400000| Untracked |  0
|  19|0x000000070c600000, 0x000000070c600000, 0x000000070c800000|  0%| F|  |TAMS 0x000000070c600000| PB 0x000000070c600000| Untracked |  0
|  20|0x000000070c800000, 0x000000070c800000, 0x000000070ca00000|  0%| F|  |TAMS 0x000000070c800000| PB 0x000000070c800000| Untracked |  0
|  21|0x000000070ca00000, 0x000000070ca00000, 0x000000070cc00000|  0%| F|  |TAMS 0x000000070ca00000| PB 0x000000070ca00000| Untracked |  0
|  22|0x000000070cc00000, 0x000000070cc00000, 0x000000070ce00000|  0%| F|  |TAMS 0x000000070cc00000| PB 0x000000070cc00000| Untracked |  0
|  23|0x000000070ce00000, 0x000000070ce00000, 0x000000070d000000|  0%| F|  |TAMS 0x000000070ce00000| PB 0x000000070ce00000| Untracked |  0
|  24|0x000000070d000000, 0x000000070d000000, 0x000000070d200000|  0%| F|  |TAMS 0x000000070d000000| PB 0x000000070d000000| Untracked |  0
|  25|0x000000070d200000, 0x000000070d200000, 0x000000070d400000|  0%| F|  |TAMS 0x000000070d200000| PB 0x000000070d200000| Untracked |  0
|  26|0x000000070d400000, 0x000000070d400000, 0x000000070d600000|  0%| F|  |TAMS 0x000000070d400000| PB 0x000000070d400000| Untracked |  0
|  27|0x000000070d600000, 0x000000070d600000, 0x000000070d800000|  0%| F|  |TAMS 0x000000070d600000| PB 0x000000070d600000| Untracked |  0
|  28|0x000000070d800000, 0x000000070d800000, 0x000000070da00000|  0%| F|  |TAMS 0x000000070d800000| PB 0x000000070d800000| Untracked |  0
|  29|0x000000070da00000, 0x000000070da00000, 0x000000070dc00000|  0%| F|  |TAMS 0x000000070da00000| PB 0x000000070da00000| Untracked |  0
|  30|0x000000070dc00000, 0x000000070dc00000, 0x000000070de00000|  0%| F|  |TAMS 0x000000070dc00000| PB 0x000000070dc00000| Untracked |  0
|  31|0x000000070de00000, 0x000000070de00000, 0x000000070e000000|  0%| F|  |TAMS 0x000000070de00000| PB 0x000000070de00000| Untracked |  0
|  32|0x000000070e000000, 0x000000070e000000, 0x000000070e200000|  0%| F|  |TAMS 0x000000070e000000| PB 0x000000070e000000| Untracked |  0
|  33|0x000000070e200000, 0x000000070e200000, 0x000000070e400000|  0%| F|  |TAMS 0x000000070e200000| PB 0x000000070e200000| Untracked |  0
|  34|0x000000070e400000, 0x000000070e400000, 0x000000070e600000|  0%| F|  |TAMS 0x000000070e400000| PB 0x000000070e400000| Untracked |  0
|  35|0x000000070e600000, 0x000000070e600000, 0x000000070e800000|  0%| F|  |TAMS 0x000000070e600000| PB 0x000000070e600000| Untracked |  0
|  36|0x000000070e800000, 0x000000070e800000, 0x000000070ea00000|  0%| F|  |TAMS 0x000000070e800000| PB 0x000000070e800000| Untracked |  0
|  37|0x000000070ea00000, 0x000000070ea00000, 0x000000070ec00000|  0%| F|  |TAMS 0x000000070ea00000| PB 0x000000070ea00000| Untracked |  0
|  38|0x000000070ec00000, 0x000000070ec00000, 0x000000070ee00000|  0%| F|  |TAMS 0x000000070ec00000| PB 0x000000070ec00000| Untracked |  0
|  39|0x000000070ee00000, 0x000000070ee00000, 0x000000070f000000|  0%| F|  |TAMS 0x000000070ee00000| PB 0x000000070ee00000| Untracked |  0
|  40|0x000000070f000000, 0x000000070f000000, 0x000000070f200000|  0%| F|  |TAMS 0x000000070f000000| PB 0x000000070f000000| Untracked |  0
|  41|0x000000070f200000, 0x000000070f200000, 0x000000070f400000|  0%| F|  |TAMS 0x000000070f200000| PB 0x000000070f200000| Untracked |  0
|  42|0x000000070f400000, 0x000000070f400000, 0x000000070f600000|  0%| F|  |TAMS 0x000000070f400000| PB 0x000000070f400000| Untracked |  0
|  43|0x000000070f600000, 0x000000070f600000, 0x000000070f800000|  0%| F|  |TAMS 0x000000070f600000| PB 0x000000070f600000| Untracked |  0
|  44|0x000000070f800000, 0x000000070f800000, 0x000000070fa00000|  0%| F|  |TAMS 0x000000070f800000| PB 0x000000070f800000| Untracked |  0
|  45|0x000000070fa00000, 0x000000070fa00000, 0x000000070fc00000|  0%| F|  |TAMS 0x000000070fa00000| PB 0x000000070fa00000| Untracked |  0
|  46|0x000000070fc00000, 0x000000070fc00000, 0x000000070fe00000|  0%| F|  |TAMS 0x000000070fc00000| PB 0x000000070fc00000| Untracked |  0
|  47|0x000000070fe00000, 0x000000070fe00000, 0x0000000710000000|  0%| F|  |TAMS 0x000000070fe00000| PB 0x000000070fe00000| Untracked |  0
|  48|0x0000000710000000, 0x0000000710000000, 0x0000000710200000|  0%| F|  |TAMS 0x0000000710000000| PB 0x0000000710000000| Untracked |  0
|  49|0x0000000710200000, 0x0000000710200000, 0x0000000710400000|  0%| F|  |TAMS 0x0000000710200000| PB 0x0000000710200000| Untracked |  0
|  50|0x0000000710400000, 0x0000000710400000, 0x0000000710600000|  0%| F|  |TAMS 0x0000000710400000| PB 0x0000000710400000| Untracked |  0
|  51|0x0000000710600000, 0x0000000710600000, 0x0000000710800000|  0%| F|  |TAMS 0x0000000710600000| PB 0x0000000710600000| Untracked |  0
|  52|0x0000000710800000, 0x0000000710800000, 0x0000000710a00000|  0%| F|  |TAMS 0x0000000710800000| PB 0x0000000710800000| Untracked |  0
|  53|0x0000000710a00000, 0x0000000710a00000, 0x0000000710c00000|  0%| F|  |TAMS 0x0000000710a00000| PB 0x0000000710a00000| Untracked |  0
|  54|0x0000000710c00000, 0x0000000710c00000, 0x0000000710e00000|  0%| F|  |TAMS 0x0000000710c00000| PB 0x0000000710c00000| Untracked |  0
|  55|0x0000000710e00000, 0x0000000710e00000, 0x0000000711000000|  0%| F|  |TAMS 0x0000000710e00000| PB 0x0000000710e00000| Untracked |  0
|  56|0x0000000711000000, 0x0000000711000000, 0x0000000711200000|  0%| F|  |TAMS 0x0000000711000000| PB 0x0000000711000000| Untracked |  0
|  57|0x0000000711200000, 0x0000000711200000, 0x0000000711400000|  0%| F|  |TAMS 0x0000000711200000| PB 0x0000000711200000| Untracked |  0
|  58|0x0000000711400000, 0x0000000711400000, 0x0000000711600000|  0%| F|  |TAMS 0x0000000711400000| PB 0x0000000711400000| Untracked |  0
|  59|0x0000000711600000, 0x0000000711600000, 0x0000000711800000|  0%| F|  |TAMS 0x0000000711600000| PB 0x0000000711600000| Untracked |  0
|  60|0x0000000711800000, 0x0000000711800000, 0x0000000711a00000|  0%| F|  |TAMS 0x0000000711800000| PB 0x0000000711800000| Untracked |  0
|  61|0x0000000711a00000, 0x0000000711a00000, 0x0000000711c00000|  0%| F|  |TAMS 0x0000000711a00000| PB 0x0000000711a00000| Untracked |  0
|  62|0x0000000711c00000, 0x0000000711c00000, 0x0000000711e00000|  0%| F|  |TAMS 0x0000000711c00000| PB 0x0000000711c00000| Untracked |  0
|  63|0x0000000711e00000, 0x0000000711e00000, 0x0000000712000000|  0%| F|  |TAMS 0x0000000711e00000| PB 0x0000000711e00000| Untracked |  0
|  64|0x0000000712000000, 0x0000000712000000, 0x0000000712200000|  0%| F|  |TAMS 0x0000000712000000| PB 0x0000000712000000| Untracked |  0
|  65|0x0000000712200000, 0x0000000712200000, 0x0000000712400000|  0%| F|  |TAMS 0x0000000712200000| PB 0x0000000712200000| Untracked |  0
|  66|0x0000000712400000, 0x0000000712400000, 0x0000000712600000|  0%| F|  |TAMS 0x0000000712400000| PB 0x0000000712400000| Untracked |  0
|  67|0x0000000712600000, 0x0000000712600000, 0x0000000712800000|  0%| F|  |TAMS 0x0000000712600000| PB 0x0000000712600000| Untracked |  0
|  68|0x0000000712800000, 0x0000000712800000, 0x0000000712a00000|  0%| F|  |TAMS 0x0000000712800000| PB 0x0000000712800000| Untracked |  0
|  69|0x0000000712a00000, 0x0000000712a00000, 0x0000000712c00000|  0%| F|  |TAMS 0x0000000712a00000| PB 0x0000000712a00000| Untracked |  0
|  70|0x0000000712c00000, 0x0000000712c00000, 0x0000000712e00000|  0%| F|  |TAMS 0x0000000712c00000| PB 0x0000000712c00000| Untracked |  0
|  71|0x0000000712e00000, 0x0000000712e00000, 0x0000000713000000|  0%| F|  |TAMS 0x0000000712e00000| PB 0x0000000712e00000| Untracked |  0
|  72|0x0000000713000000, 0x0000000713000000, 0x0000000713200000|  0%| F|  |TAMS 0x0000000713000000| PB 0x0000000713000000| Untracked |  0
|  73|0x0000000713200000, 0x0000000713200000, 0x0000000713400000|  0%| F|  |TAMS 0x0000000713200000| PB 0x0000000713200000| Untracked |  0
|  74|0x0000000713400000, 0x0000000713400000, 0x0000000713600000|  0%| F|  |TAMS 0x0000000713400000| PB 0x0000000713400000| Untracked |  0
|  75|0x0000000713600000, 0x0000000713600000, 0x0000000713800000|  0%| F|  |TAMS 0x0000000713600000| PB 0x0000000713600000| Untracked |  0
|  76|0x0000000713800000, 0x0000000713800000, 0x0000000713a00000|  0%| F|  |TAMS 0x0000000713800000| PB 0x0000000713800000| Untracked |  0
|  77|0x0000000713a00000, 0x0000000713a00000, 0x0000000713c00000|  0%| F|  |TAMS 0x0000000713a00000| PB 0x0000000713a00000| Untracked |  0
|  78|0x0000000713c00000, 0x0000000713c00000, 0x0000000713e00000|  0%| F|  |TAMS 0x0000000713c00000| PB 0x0000000713c00000| Untracked |  0
|  79|0x0000000713e00000, 0x0000000713e00000, 0x0000000714000000|  0%| F|  |TAMS 0x0000000713e00000| PB 0x0000000713e00000| Untracked |  0
|  80|0x0000000714000000, 0x0000000714000000, 0x0000000714200000|  0%| F|  |TAMS 0x0000000714000000| PB 0x0000000714000000| Untracked |  0
|  81|0x0000000714200000, 0x0000000714200000, 0x0000000714400000|  0%| F|  |TAMS 0x0000000714200000| PB 0x0000000714200000| Untracked |  0
|  82|0x0000000714400000, 0x0000000714400000, 0x0000000714600000|  0%| F|  |TAMS 0x0000000714400000| PB 0x0000000714400000| Untracked |  0
|  83|0x0000000714600000, 0x0000000714600000, 0x0000000714800000|  0%| F|  |TAMS 0x0000000714600000| PB 0x0000000714600000| Untracked |  0
|  84|0x0000000714800000, 0x0000000714800000, 0x0000000714a00000|  0%| F|  |TAMS 0x0000000714800000| PB 0x0000000714800000| Untracked |  0
|  85|0x0000000714a00000, 0x0000000714a00000, 0x0000000714c00000|  0%| F|  |TAMS 0x0000000714a00000| PB 0x0000000714a00000| Untracked |  0
|  86|0x0000000714c00000, 0x0000000714c00000, 0x0000000714e00000|  0%| F|  |TAMS 0x0000000714c00000| PB 0x0000000714c00000| Untracked |  0
|  87|0x0000000714e00000, 0x0000000714e00000, 0x0000000715000000|  0%| F|  |TAMS 0x0000000714e00000| PB 0x0000000714e00000| Untracked |  0
|  88|0x0000000715000000, 0x0000000715000000, 0x0000000715200000|  0%| F|  |TAMS 0x0000000715000000| PB 0x0000000715000000| Untracked |  0
|  89|0x0000000715200000, 0x0000000715200000, 0x0000000715400000|  0%| F|  |TAMS 0x0000000715200000| PB 0x0000000715200000| Untracked |  0
|  90|0x0000000715400000, 0x0000000715400000, 0x0000000715600000|  0%| F|  |TAMS 0x0000000715400000| PB 0x0000000715400000| Untracked |  0
|  91|0x0000000715600000, 0x0000000715600000, 0x0000000715800000|  0%| F|  |TAMS 0x0000000715600000| PB 0x0000000715600000| Untracked |  0
|  92|0x0000000715800000, 0x0000000715800000, 0x0000000715a00000|  0%| F|  |TAMS 0x0000000715800000| PB 0x0000000715800000| Untracked |  0
|  93|0x0000000715a00000, 0x0000000715a00000, 0x0000000715c00000|  0%| F|  |TAMS 0x0000000715a00000| PB 0x0000000715a00000| Untracked |  0
|  94|0x0000000715c00000, 0x0000000715c00000, 0x0000000715e00000|  0%| F|  |TAMS 0x0000000715c00000| PB 0x0000000715c00000| Untracked |  0
|  95|0x0000000715e00000, 0x0000000715e00000, 0x0000000716000000|  0%| F|  |TAMS 0x0000000715e00000| PB 0x0000000715e00000| Untracked |  0
|  96|0x0000000716000000, 0x0000000716060000, 0x0000000716200000| 18%| S|CS|TAMS 0x0000000716000000| PB 0x0000000716000000| Complete |  0
|  97|0x0000000716200000, 0x0000000716400000, 0x0000000716400000|100%| S|CS|TAMS 0x0000000716200000| PB 0x0000000716200000| Complete |  0
|  98|0x0000000716400000, 0x0000000716600000, 0x0000000716600000|100%| S|CS|TAMS 0x0000000716400000| PB 0x0000000716400000| Complete |  0
|  99|0x0000000716600000, 0x00000007166cff30, 0x0000000716800000| 40%| E|  |TAMS 0x0000000716600000| PB 0x0000000716600000| Complete |  0
| 100|0x0000000716800000, 0x0000000716a00000, 0x0000000716a00000|100%| E|CS|TAMS 0x0000000716800000| PB 0x0000000716800000| Complete |  0
| 101|0x0000000716a00000, 0x0000000716c00000, 0x0000000716c00000|100%| E|CS|TAMS 0x0000000716a00000| PB 0x0000000716a00000| Complete |  0
| 102|0x0000000716c00000, 0x0000000716e00000, 0x0000000716e00000|100%| E|CS|TAMS 0x0000000716c00000| PB 0x0000000716c00000| Complete |  0
| 103|0x0000000716e00000, 0x0000000717000000, 0x0000000717000000|100%| E|CS|TAMS 0x0000000716e00000| PB 0x0000000716e00000| Complete |  0
| 104|0x0000000717000000, 0x0000000717200000, 0x0000000717200000|100%| E|CS|TAMS 0x0000000717000000| PB 0x0000000717000000| Complete |  0
| 105|0x0000000717200000, 0x0000000717400000, 0x0000000717400000|100%| E|CS|TAMS 0x0000000717200000| PB 0x0000000717200000| Complete |  0
| 106|0x0000000717400000, 0x0000000717600000, 0x0000000717600000|100%| E|CS|TAMS 0x0000000717400000| PB 0x0000000717400000| Complete |  0
| 107|0x0000000717600000, 0x0000000717800000, 0x0000000717800000|100%| E|CS|TAMS 0x0000000717600000| PB 0x0000000717600000| Complete |  0
| 108|0x0000000717800000, 0x0000000717a00000, 0x0000000717a00000|100%| E|CS|TAMS 0x0000000717800000| PB 0x0000000717800000| Complete |  0
| 109|0x0000000717a00000, 0x0000000717c00000, 0x0000000717c00000|100%| E|CS|TAMS 0x0000000717a00000| PB 0x0000000717a00000| Complete |  0
| 110|0x0000000717c00000, 0x0000000717e00000, 0x0000000717e00000|100%| E|CS|TAMS 0x0000000717c00000| PB 0x0000000717c00000| Complete |  0
| 111|0x0000000717e00000, 0x0000000718000000, 0x0000000718000000|100%| E|CS|TAMS 0x0000000717e00000| PB 0x0000000717e00000| Complete |  0
| 112|0x0000000718000000, 0x0000000718200000, 0x0000000718200000|100%| E|CS|TAMS 0x0000000718000000| PB 0x0000000718000000| Complete |  0
| 113|0x0000000718200000, 0x0000000718400000, 0x0000000718400000|100%| E|CS|TAMS 0x0000000718200000| PB 0x0000000718200000| Complete |  0
| 114|0x0000000718400000, 0x0000000718600000, 0x0000000718600000|100%| E|CS|TAMS 0x0000000718400000| PB 0x0000000718400000| Complete |  0
| 115|0x0000000718600000, 0x0000000718800000, 0x0000000718800000|100%| E|CS|TAMS 0x0000000718600000| PB 0x0000000718600000| Complete |  0
| 116|0x0000000718800000, 0x0000000718a00000, 0x0000000718a00000|100%| E|CS|TAMS 0x0000000718800000| PB 0x0000000718800000| Complete |  0
| 117|0x0000000718a00000, 0x0000000718c00000, 0x0000000718c00000|100%| E|CS|TAMS 0x0000000718a00000| PB 0x0000000718a00000| Complete |  0
| 118|0x0000000718c00000, 0x0000000718e00000, 0x0000000718e00000|100%| E|CS|TAMS 0x0000000718c00000| PB 0x0000000718c00000| Complete |  0
| 119|0x0000000718e00000, 0x0000000719000000, 0x0000000719000000|100%| E|CS|TAMS 0x0000000718e00000| PB 0x0000000718e00000| Complete |  0
| 120|0x0000000719000000, 0x0000000719200000, 0x0000000719200000|100%| E|CS|TAMS 0x0000000719000000| PB 0x0000000719000000| Complete |  0
| 121|0x0000000719200000, 0x0000000719400000, 0x0000000719400000|100%| E|CS|TAMS 0x0000000719200000| PB 0x0000000719200000| Complete |  0
| 122|0x0000000719400000, 0x0000000719600000, 0x0000000719600000|100%| E|CS|TAMS 0x0000000719400000| PB 0x0000000719400000| Complete |  0
|1967|0x00000007ffe00000, 0x00000007fff1c318, 0x0000000800000000| 55%| O|  |TAMS 0x00000007ffe00000| PB 0x00000007ffe00000| Untracked |  0

Card table byte_map: [0x00000251e6180000,0x00000251e6930000] _byte_map_base: 0x00000251e2930000

Marking Bits: (CMBitMap*) 0x00000251cd9d2590
 Bits: [0x00000251e6930000, 0x00000251ea6b0000)

Polling page: 0x00000251cd130000

Metaspace:

Usage:
  Non-class:     13.47 MB used.
      Class:      1.47 MB used.
       Both:     14.95 MB used.

Virtual space:
  Non-class space:       64.00 MB reserved,      13.62 MB ( 21%) committed,  1 nodes.
      Class space:        1.00 GB reserved,       1.62 MB ( <1%) committed,  1 nodes.
             Both:        1.06 GB reserved,      15.25 MB (  1%) committed. 

Chunk freelists:
   Non-Class:  2.19 MB
       Class:  14.36 MB
        Both:  16.54 MB

MaxMetaspaceSize: unlimited
CompressedClassSpaceSize: 1.00 GB
Initial GC threshold: 21.00 MB
Current GC threshold: 21.00 MB
CDS: on
 - commit_granule_bytes: 65536.
 - commit_granule_words: 8192.
 - virtual_space_node_default_size: 8388608.
 - enlarge_chunks_in_place: 1.
UseCompressedClassPointers 1, UseCompactObjectHeaders 0
Narrow klass pointer bits 32, Max shift 3
Narrow klass base: 0x0000025180000000, Narrow klass shift: 0
Encoding Range: [0x0000025180000000 - 0x0000025280000000), (4294967296 bytes)
Klass Range:    [0x0000025180000000 - 0x00000251c1000000), (1090519040 bytes)
Klass ID Range:  [8 - 1090519033) (1090519025)


Internal statistics:

num_allocs_failed_limit: 0.
num_arena_births: 178.
num_arena_deaths: 0.
num_vsnodes_births: 2.
num_vsnodes_deaths: 0.
num_space_committed: 244.
num_space_uncommitted: 0.
num_chunks_returned_to_freelist: 0.
num_chunks_taken_from_freelist: 698.
num_chunk_merges: 0.
num_chunk_splits: 471.
num_chunks_enlarged: 363.
num_inconsistent_stats: 0.

CodeHeap 'non-profiled nmethods': size=120064Kb used=1274Kb max_used=1274Kb free=118789Kb
 bounds [0x00000251ddf30000, 0x00000251de1a0000, 0x00000251e5470000]
CodeHeap 'profiled nmethods': size=120000Kb used=6166Kb max_used=6166Kb free=113833Kb
 bounds [0x00000251d6470000, 0x00000251d6a80000, 0x00000251dd9a0000]
CodeHeap 'non-nmethods': size=5696Kb used=1341Kb max_used=1396Kb free=4354Kb
 bounds [0x00000251dd9a0000, 0x00000251ddc10000, 0x00000251ddf30000]
CodeCache: size=245760Kb, used=8781Kb, max_used=8836Kb, free=236976Kb
 total_blobs=4127, nmethods=3625, adapters=406, full_count=0
Compilation: enabled, stopped_count=0, restarted_count=0

Compilation events (20 events):
Event: 86.891 Thread 0x00000251ed3363f0 3606       3       com.google.inject.internal.aop.ClassBuilding::visitMembers (46 bytes)
Event: 86.891 Thread 0x00000251ed3363f0 nmethod 3606 0x00000251d6a6cc08 code [0x00000251d6a6cd60, 0x00000251d6a6d1f0]
Event: 86.891 Thread 0x00000251ed3363f0 3608       3       org.objectweb.asm.ClassWriter::visitField (53 bytes)
Event: 86.891 Thread 0x00000251ed3363f0 nmethod 3608 0x00000251d6a6d288 code [0x00000251d6a6d3c0, 0x00000251d6a6d728]
Event: 86.891 Thread 0x00000251ed3363f0 3612       3       com.google.common.collect.AbstractSetMultimap::get (6 bytes)
Event: 86.892 Thread 0x00000251ed3363f0 nmethod 3612 0x00000251d6a6d788 code [0x00000251d6a6d8c0, 0x00000251d6a6dba8]
Event: 86.892 Thread 0x00000251ed3363f0 3609       3       org.objectweb.asm.FieldWriter::<init> (69 bytes)
Event: 86.892 Thread 0x00000251ed330f30 3613       4       com.google.common.base.Preconditions::checkState (17 bytes)
Event: 86.892 Thread 0x00000251ed3363f0 nmethod 3609 0x00000251d6a6dc08 code [0x00000251d6a6dd80, 0x00000251d6a6e330]
Event: 86.892 Thread 0x00000251ed3363f0 3610       3       org.objectweb.asm.FieldVisitor::<init> (7 bytes)
Event: 86.892 Thread 0x00000251ed3363f0 nmethod 3610 0x00000251d6a6e388 code [0x00000251d6a6e4a0, 0x00000251d6a6e5e0]
Event: 86.892 Thread 0x00000251ed3363f0 3611       3       java.lang.reflect.Field::setFieldAccessor (20 bytes)
Event: 86.892 Thread 0x00000251ed330f30 nmethod 3613 0x00000251de06e208 code [0x00000251de06e300, 0x00000251de06e380]
Event: 86.892 Thread 0x00000251ed330f30 3614       4       java.lang.ClassNotFoundException::<init> (7 bytes)
Event: 86.892 Thread 0x00000251ed3363f0 nmethod 3611 0x00000251d6a6e688 code [0x00000251d6a6e7c0, 0x00000251d6a6ea90]
Event: 86.892 Thread 0x00000251ed3363f0 3607       3       java.util.TreeMap::compare (32 bytes)
Event: 86.892 Thread 0x00000251ed3363f0 nmethod 3607 0x00000251d6a6eb08 code [0x00000251d6a6ec60, 0x00000251d6a6f060]
Event: 86.893 Thread 0x00000251ed3363f0 3615       1       com.google.inject.Key$AnnotationTypeStrategy::hasAttributes (2 bytes)
Event: 87.893 Thread 0x00000251ed3363f0 nmethod 3615 0x00000251de06e508 code [0x00000251de06e600, 0x00000251de06e6c8]
Event: 87.893 Thread 0x00000251ed3363f0 3621   !   3       com.google.inject.spi.InjectionPoint::forConstructorOf (258 bytes)

GC Heap History (2 events):
Event: 3.133 GC heap before
{Heap before GC invocations=0 (full 0):
 garbage-first heap   total reserved 4030464K, committed 253952K, used 50288K [0x000000070a000000, 0x0000000800000000)
  region size 2048K, 24 young (49152K), 0 survivors (0K)
 Metaspace       used 9441K, committed 9664K, reserved 1114112K
  class space    used 850K, committed 960K, reserved 1048576K
}
Event: 3.144 GC heap after
{Heap after GC invocations=1 (full 0):
 garbage-first heap   total reserved 4030464K, committed 253952K, used 5616K [0x000000070a000000, 0x0000000800000000)
  region size 2048K, 3 young (6144K), 3 survivors (6144K)
 Metaspace       used 9441K, committed 9664K, reserved 1114112K
  class space    used 850K, committed 960K, reserved 1048576K
}

Dll operation events (8 events):
Event: 0.368 Loaded shared library C:\Program Files\Apache NetBeans\jdk\bin\java.dll
Event: 0.639 Loaded shared library C:\Program Files\Apache NetBeans\jdk\bin\jsvml.dll
Event: 1.206 Loaded shared library C:\Program Files\Apache NetBeans\jdk\bin\net.dll
Event: 1.208 Loaded shared library C:\Program Files\Apache NetBeans\jdk\bin\nio.dll
Event: 1.211 Loaded shared library C:\Program Files\Apache NetBeans\jdk\bin\zip.dll
Event: 1.614 Loaded shared library C:\Program Files\Apache NetBeans\java\maven\lib\jansi-native\Windows\x86_64\jansi.dll
Event: 1.633 Loaded shared library C:\Program Files\Apache NetBeans\jdk\bin\verify.dll
Event: 1.640 Loaded shared library C:\Program Files\Apache NetBeans\jdk\bin\jimage.dll

Deoptimization events (20 events):
Event: 4.768 Thread 0x00000251cd969660 Uncommon trap: trap_request=0xffffff4d fr.pc=0x00000251ddf423c4 relative=0x0000000000000144
Event: 4.768 Thread 0x00000251cd969660 Uncommon trap: reason=unstable_if action=reinterpret pc=0x00000251ddf423c4 method=java.lang.String.indexOf(I)I @ 4 c2
Event: 4.768 Thread 0x00000251cd969660 DEOPT PACKING pc=0x00000251ddf423c4 sp=0x00000058badfdfb0
Event: 4.768 Thread 0x00000251cd969660 DEOPT UNPACKING pc=0x00000251ddab4c02 sp=0x00000058badfdf50 mode 2
Event: 4.768 Thread 0x00000251cd969660 Uncommon trap: trap_request=0xffffff4d fr.pc=0x00000251ddf67640 relative=0x0000000000000580
Event: 4.768 Thread 0x00000251cd969660 Uncommon trap: reason=unstable_if action=reinterpret pc=0x00000251ddf67640 method=java.lang.String.substring(II)Ljava/lang/String; @ 31 c2
Event: 4.768 Thread 0x00000251cd969660 DEOPT PACKING pc=0x00000251ddf67640 sp=0x00000058badfdf50
Event: 4.768 Thread 0x00000251cd969660 DEOPT UNPACKING pc=0x00000251ddab4c02 sp=0x00000058badfdf20 mode 2
Event: 4.769 Thread 0x00000251cd969660 Uncommon trap: trap_request=0xffffff4d fr.pc=0x00000251de02a3ec relative=0x00000000000002cc
Event: 4.769 Thread 0x00000251cd969660 Uncommon trap: reason=unstable_if action=reinterpret pc=0x00000251de02a3ec method=java.lang.StringUTF16.compress([CII)[B @ 17 c2
Event: 4.769 Thread 0x00000251cd969660 DEOPT PACKING pc=0x00000251de02a3ec sp=0x00000058badfdd70
Event: 4.769 Thread 0x00000251cd969660 DEOPT UNPACKING pc=0x00000251ddab4c02 sp=0x00000058badfdc80 mode 2
Event: 4.813 Thread 0x00000251cd969660 Uncommon trap: trap_request=0xffffff4d fr.pc=0x00000251de050730 relative=0x00000000000000b0
Event: 4.813 Thread 0x00000251cd969660 Uncommon trap: reason=unstable_if action=reinterpret pc=0x00000251de050730 method=org.apache.maven.model.validation.DefaultModelValidator.isValidIdCharacter(C)Z @ 45 c2
Event: 4.813 Thread 0x00000251cd969660 DEOPT PACKING pc=0x00000251de050730 sp=0x00000058badfe040
Event: 4.813 Thread 0x00000251cd969660 DEOPT UNPACKING pc=0x00000251ddab4c02 sp=0x00000058badfdfc8 mode 2
Event: 5.526 Thread 0x00000251cd969660 Uncommon trap: trap_request=0xffffffcc fr.pc=0x00000251de0556ec relative=0x00000000000003ac
Event: 5.526 Thread 0x00000251cd969660 Uncommon trap: reason=intrinsic_or_type_checked_inlining action=make_not_entrant pc=0x00000251de0556ec method=java.util.Arrays.copyOf([Ljava/lang/Object;ILjava/lang/Class;)[Ljava/lang/Object; @ 35 c2
Event: 5.526 Thread 0x00000251cd969660 DEOPT PACKING pc=0x00000251de0556ec sp=0x00000058badfe7d0
Event: 5.526 Thread 0x00000251cd969660 DEOPT UNPACKING pc=0x00000251ddab4c02 sp=0x00000058badfe760 mode 2

Classes loaded (20 events):
Event: 4.399 Loading class java/util/spi/ResourceBundleProvider
Event: 4.399 Loading class java/util/spi/ResourceBundleProvider done
Event: 4.399 Loading class sun/util/resources/LocaleData$LocaleDataResourceBundleProvider done
Event: 4.399 Loading class sun/util/resources/LocaleData$CommonResourceBundleProvider done
Event: 4.444 Loading class java/util/stream/IntStream
Event: 4.445 Loading class java/util/stream/IntStream done
Event: 4.445 Loading class java/util/Spliterators$EmptySpliterator$OfInt
Event: 4.445 Loading class java/util/Spliterator$OfInt
Event: 4.445 Loading class java/util/Spliterator$OfPrimitive
Event: 4.445 Loading class java/util/Spliterator$OfPrimitive done
Event: 4.445 Loading class java/util/Spliterator$OfInt done
Event: 4.445 Loading class java/util/Spliterators$EmptySpliterator$OfInt done
Event: 4.445 Loading class java/util/stream/IntPipeline$Head
Event: 4.445 Loading class java/util/stream/IntPipeline
Event: 4.445 Loading class java/util/stream/IntPipeline done
Event: 4.445 Loading class java/util/stream/IntPipeline$Head done
Event: 4.590 Loading class java/util/stream/Streams$RangeIntSpliterator
Event: 4.590 Loading class java/util/stream/Streams$RangeIntSpliterator done
Event: 86.887 Loading class java/io/InterruptedIOException
Event: 86.887 Loading class java/io/InterruptedIOException done

Classes unloaded (0 events):
No events

Classes redefined (0 events):
No events

Internal exceptions (20 events):
Event: 3.366 Thread 0x00000251cd969660 Exception <a 'java/lang/NoSuchMethodError'{0x0000000718f174f8}: 'java.lang.Object java.lang.invoke.DirectMethodHandle$Holder.invokeStatic(java.lang.Object, java.lang.Object, java.lang.Object, java.lang.Object, java.lang.Object, java.lang.Object, java.lang.Object, java.lang.Object)'> (0x0000000718f174f8) 
thrown [s\src\hotspot\share\interpreter\linkResolver.cpp, line 805]
Event: 3.368 Thread 0x00000251cd969660 Exception <a 'java/lang/NoSuchMethodError'{0x0000000718f2a858}: 'java.lang.Object java.lang.invoke.Invokers$Holder.invokeExact_MT(java.lang.Object, java.lang.Object, java.lang.Object, java.lang.Object, java.lang.Object, java.lang.Object)'> (0x0000000718f2a858) 
thrown [s\src\hotspot\share\interpreter\linkResolver.cpp, line 805]
Event: 3.370 Thread 0x00000251cd969660 Implicit null exception at 0x00000251ddf9753d to 0x00000251ddf976d0
Event: 3.376 Thread 0x00000251cd969660 Exception <a 'java/lang/NoSuchMethodError'{0x0000000718f43a88}: 'java.lang.Object java.lang.invoke.Invokers$Holder.invokeExact_MT(java.lang.Object, int, java.lang.Object)'> (0x0000000718f43a88) 
thrown [s\src\hotspot\share\interpreter\linkResolver.cpp, line 805]
Event: 3.692 Thread 0x00000251cd969660 Exception <a 'java/lang/NoSuchMethodError'{0x0000000718714e28}: 'void java.lang.invoke.Invokers$Holder.invokeExact_MT(java.lang.Object, java.lang.Object, java.lang.Object, java.lang.Object)'> (0x0000000718714e28) 
thrown [s\src\hotspot\share\interpreter\linkResolver.cpp, line 805]
Event: 3.725 Thread 0x00000251cd969660 Exception <a 'java/lang/NoClassDefFoundError'{0x00000007187b4a08}: com/google/inject/servlet/ServletModuleTargetVisitor> (0x00000007187b4a08) 
thrown [s\src\hotspot\share\classfile\systemDictionary.cpp, line 316]
Event: 3.882 Thread 0x00000251cd969660 Exception <a 'java/lang/NoSuchMethodError'{0x0000000718252c20}: 'void java.lang.invoke.DirectMethodHandle$Holder.invokeVirtual(java.lang.Object, java.lang.Object)'> (0x0000000718252c20) 
thrown [s\src\hotspot\share\interpreter\linkResolver.cpp, line 805]
Event: 3.979 Thread 0x00000251cd969660 Exception <a 'java/lang/NoSuchMethodError'{0x00000007182ff7b8}: 'java.lang.Object java.lang.invoke.DirectMethodHandle$Holder.invokeStaticInit(java.lang.Object, int, int, int, int)'> (0x00000007182ff7b8) 
thrown [s\src\hotspot\share\interpreter\linkResolver.cpp, line 805]
Event: 4.228 Thread 0x00000251cd969660 Implicit null exception at 0x00000251ddfda794 to 0x00000251ddfdad48
Event: 4.228 Thread 0x00000251cd969660 Implicit null exception at 0x00000251ddf6fb90 to 0x00000251ddf70138
Event: 4.308 Thread 0x00000251cd969660 Exception <a 'java/lang/NoSuchMethodError'{0x0000000717ca1bc0}: 'void java.lang.invoke.DirectMethodHandle$Holder.invokeSpecial(java.lang.Object, java.lang.Object, java.lang.Object, java.lang.Object, java.lang.Object)'> (0x0000000717ca1bc0) 
thrown [s\src\hotspot\share\interpreter\linkResolver.cpp, line 805]
Event: 4.312 Thread 0x00000251cd969660 Exception <a 'java/lang/NoSuchMethodError'{0x0000000717cd9fd0}: 'void java.lang.invoke.DirectMethodHandle$Holder.invokeSpecial(java.lang.Object, java.lang.Object, java.lang.Object, java.lang.Object, java.lang.Object, java.lang.Object)'> (0x0000000717cd9fd0) 
thrown [s\src\hotspot\share\interpreter\linkResolver.cpp, line 805]
Event: 4.357 Thread 0x00000251cd969660 Exception <a 'java/lang/NoSuchMethodError'{0x0000000717dd2fa8}: 'java.lang.Object java.lang.invoke.DirectMethodHandle$Holder.invokeVirtual(java.lang.Object, java.lang.Object, java.lang.Object)'> (0x0000000717dd2fa8) 
thrown [s\src\hotspot\share\interpreter\linkResolver.cpp, line 805]
Event: 4.482 Thread 0x00000251cd969660 Exception <a 'java/lang/NoSuchMethodError'{0x0000000717bd7b48}: 'void java.lang.invoke.DirectMethodHandle$Holder.invokeVirtual(java.lang.Object, java.lang.Object, int)'> (0x0000000717bd7b48) 
thrown [s\src\hotspot\share\interpreter\linkResolver.cpp, line 805]
Event: 4.484 Thread 0x00000251cd969660 Exception <a 'java/lang/NoSuchMethodError'{0x0000000717be0300}: 'void java.lang.invoke.DirectMethodHandle$Holder.invokeSpecial(java.lang.Object, java.lang.Object, java.lang.Object, int)'> (0x0000000717be0300) 
thrown [s\src\hotspot\share\interpreter\linkResolver.cpp, line 805]
Event: 4.485 Thread 0x00000251cd969660 Exception <a 'java/lang/NoSuchMethodError'{0x0000000717be8660}: 'void java.lang.invoke.DelegatingMethodHandle$Holder.reinvoke_L(java.lang.Object, java.lang.Object, int)'> (0x0000000717be8660) 
thrown [s\src\hotspot\share\interpreter\linkResolver.cpp, line 805]
Event: 86.887 Thread 0x00000251cd969660 Exception <a 'java/io/IOException'{0x00000007169c35d0}> (0x00000007169c35d0) 
thrown [s\src\hotspot\share\prims\jni.cpp, line 518]
Event: 86.888 Thread 0x00000251cd969660 Exception <a 'java/io/IOException'{0x00000007169c3c58}> (0x00000007169c3c58) 
thrown [s\src\hotspot\share\prims\jni.cpp, line 518]
Event: 86.888 Thread 0x00000251cd969660 Exception <a 'java/io/IOException'{0x00000007169c4220}> (0x00000007169c4220) 
thrown [s\src\hotspot\share\prims\jni.cpp, line 518]
Event: 86.888 Thread 0x00000251cd969660 Exception <a 'java/io/IOException'{0x00000007169c4538}> (0x00000007169c4538) 
thrown [s\src\hotspot\share\prims\jni.cpp, line 518]

VM Operations (20 events):
Event: 3.427 Executing VM operation: HandshakeAllThreads (Deoptimize)
Event: 3.427 Executing VM operation: HandshakeAllThreads (Deoptimize) done
Event: 3.430 Executing VM operation: HandshakeAllThreads (Deoptimize)
Event: 3.430 Executing VM operation: HandshakeAllThreads (Deoptimize) done
Event: 3.508 Executing VM operation: HandshakeAllThreads (Deoptimize)
Event: 3.508 Executing VM operation: HandshakeAllThreads (Deoptimize) done
Event: 3.684 Executing VM operation: HandshakeAllThreads (Deoptimize)
Event: 3.684 Executing VM operation: HandshakeAllThreads (Deoptimize) done
Event: 3.937 Executing VM operation: HandshakeAllThreads (Deoptimize)
Event: 3.937 Executing VM operation: HandshakeAllThreads (Deoptimize) done
Event: 4.013 Executing VM operation: HandshakeAllThreads (Deoptimize)
Event: 4.013 Executing VM operation: HandshakeAllThreads (Deoptimize) done
Event: 4.086 Executing VM operation: HandshakeAllThreads (Deoptimize)
Event: 4.086 Executing VM operation: HandshakeAllThreads (Deoptimize) done
Event: 4.159 Executing VM operation: HandshakeAllThreads (Deoptimize)
Event: 4.159 Executing VM operation: HandshakeAllThreads (Deoptimize) done
Event: 60.560 Executing VM operation: HandshakeAllThreads (HandshakeForDeflation)
Event: 60.560 Executing VM operation: HandshakeAllThreads (HandshakeForDeflation) done
Event: 60.560 Executing VM operation: RendezvousGCThreads
Event: 60.560 Executing VM operation: RendezvousGCThreads done

Memory protections (0 events):
No events

Nmethod flushes (0 events):
No events

Events (17 events):
Event: 0.626 Thread 0x00000251cd969660 Thread added: 0x00000251cd969660
Event: 0.638 Thread 0x00000251cd969660 Thread added: 0x00000251ed314d20
Event: 0.638 Thread 0x00000251cd969660 Thread added: 0x00000251ed315460
Event: 0.638 Thread 0x00000251cd969660 Thread added: 0x00000251ed318b00
Event: 0.638 Thread 0x00000251cd969660 Thread added: 0x00000251ed319240
Event: 0.638 Thread 0x00000251cd969660 Thread added: 0x00000251ed31f810
Event: 0.638 Thread 0x00000251cd969660 Thread added: 0x00000251ed320950
Event: 0.638 Thread 0x00000251cd969660 Thread added: 0x00000251ed330f30
Event: 0.638 Thread 0x00000251cd969660 Thread added: 0x00000251ed3363f0
Event: 0.644 Thread 0x00000251cd969660 Thread added: 0x00000251c511f7c0
Event: 1.205 Thread 0x00000251cd969660 Thread added: 0x00000251c5142ec0
Event: 1.611 Thread 0x00000251cd969660 Thread added: 0x00000251c55bf590
Event: 1.674 Thread 0x00000251c55bf590 Thread exited: 0x00000251c55bf590
Event: 2.310 Thread 0x00000251ed3363f0 Thread added: 0x00000251c5c402b0
Event: 2.326 Thread 0x00000251ed3363f0 Thread added: 0x00000251c5c3fb20
Event: 3.149 Thread 0x00000251c5c3fb20 Thread exited: 0x00000251c5c3fb20
Event: 4.996 Thread 0x00000251c5c402b0 Thread exited: 0x00000251c5c402b0


Dynamic libraries:
0x00007ff69eb20000 - 0x00007ff69eb2e000 	C:\Program Files\Apache NetBeans\jdk\bin\java.exe
0x00007ffe349e0000 - 0x00007ffe34c48000 	C:\WINDOWS\SYSTEM32\ntdll.dll
0x00007ffe333c0000 - 0x00007ffe33489000 	C:\WINDOWS\System32\KERNEL32.DLL
0x00007ffe320c0000 - 0x00007ffe324ad000 	C:\WINDOWS\System32\KERNELBASE.dll
0x00007ffe324b0000 - 0x00007ffe325fb000 	C:\WINDOWS\System32\ucrtbase.dll
0x00007ffe22510000 - 0x00007ffe22526000 	C:\Program Files\Apache NetBeans\jdk\bin\jli.dll
0x00007ffe2eb40000 - 0x00007ffe2eb5e000 	C:\Program Files\Apache NetBeans\jdk\bin\VCRUNTIME140.dll
0x00007ffe345c0000 - 0x00007ffe3478c000 	C:\WINDOWS\System32\USER32.dll
0x00007ffe31e60000 - 0x00007ffe31e87000 	C:\WINDOWS\System32\win32u.dll
0x00007ffe1e3d0000 - 0x00007ffe1e66a000 	C:\WINDOWS\WinSxS\amd64_microsoft.windows.common-controls_6595b64144ccf1df_6.0.26100.4484_none_3e0e6d4ce32ef3b3\COMCTL32.dll
0x00007ffe33220000 - 0x00007ffe3324b000 	C:\WINDOWS\System32\GDI32.dll
0x00007ffe33510000 - 0x00007ffe335b9000 	C:\WINDOWS\System32\msvcrt.dll
0x00007ffe31d20000 - 0x00007ffe31e57000 	C:\WINDOWS\System32\gdi32full.dll
0x00007ffe31e90000 - 0x00007ffe31f33000 	C:\WINDOWS\System32\msvcp_win.dll
0x00007ffe33650000 - 0x00007ffe3367f000 	C:\WINDOWS\System32\IMM32.DLL
0x00007ffe2eb30000 - 0x00007ffe2eb3c000 	C:\Program Files\Apache NetBeans\jdk\bin\vcruntime140_1.dll
0x00007ffdaffb0000 - 0x00007ffdb003d000 	C:\Program Files\Apache NetBeans\jdk\bin\msvcp140.dll
0x00007ffdad470000 - 0x00007ffdae2ec000 	C:\Program Files\Apache NetBeans\jdk\bin\server\jvm.dll
0x00007ffe33ab0000 - 0x00007ffe33b64000 	C:\WINDOWS\System32\ADVAPI32.dll
0x00007ffe33970000 - 0x00007ffe33a16000 	C:\WINDOWS\System32\sechost.dll
0x00007ffe32c60000 - 0x00007ffe32d78000 	C:\WINDOWS\System32\RPCRT4.dll
0x00007ffe33490000 - 0x00007ffe33504000 	C:\WINDOWS\System32\WS2_32.dll
0x00007ffe31980000 - 0x00007ffe319de000 	C:\WINDOWS\SYSTEM32\POWRPROF.dll
0x00007ffe29b80000 - 0x00007ffe29bb5000 	C:\WINDOWS\SYSTEM32\WINMM.dll
0x00007ffe29bc0000 - 0x00007ffe29bcb000 	C:\WINDOWS\SYSTEM32\VERSION.dll
0x00007ffe31960000 - 0x00007ffe31974000 	C:\WINDOWS\SYSTEM32\UMPDC.dll
0x00007ffe308d0000 - 0x00007ffe308eb000 	C:\WINDOWS\SYSTEM32\kernel.appcore.dll
0x00007ffe23450000 - 0x00007ffe2345a000 	C:\Program Files\Apache NetBeans\jdk\bin\jimage.dll
0x00007ffe2a590000 - 0x00007ffe2a7d1000 	C:\WINDOWS\SYSTEM32\DBGHELP.DLL
0x00007ffe327f0000 - 0x00007ffe32b76000 	C:\WINDOWS\System32\combase.dll
0x00007ffe33b70000 - 0x00007ffe33c50000 	C:\WINDOWS\System32\OLEAUT32.dll
0x00007ffe1caa0000 - 0x00007ffe1cae3000 	C:\WINDOWS\SYSTEM32\dbgcore.DLL
0x00007ffe31b30000 - 0x00007ffe31bc9000 	C:\WINDOWS\System32\bcryptPrimitives.dll
0x00007ffe23460000 - 0x00007ffe2347e000 	C:\Program Files\Apache NetBeans\jdk\bin\java.dll
0x00007ffe33cc0000 - 0x00007ffe33e5e000 	C:\WINDOWS\System32\ole32.dll
0x00007ffe33e70000 - 0x00007ffe345ba000 	C:\WINDOWS\System32\SHELL32.dll
0x00007ffe31f40000 - 0x00007ffe320b4000 	C:\WINDOWS\System32\wintypes.dll
0x00007ffe2f7b0000 - 0x00007ffe3000b000 	C:\WINDOWS\SYSTEM32\windows.storage.dll
0x00007ffe33690000 - 0x00007ffe33785000 	C:\WINDOWS\System32\SHCORE.dll
0x00007ffe32780000 - 0x00007ffe327ea000 	C:\WINDOWS\System32\shlwapi.dll
0x00007ffe31a40000 - 0x00007ffe31a6f000 	C:\WINDOWS\SYSTEM32\profapi.dll
0x00007ffdad390000 - 0x00007ffdad467000 	C:\Program Files\Apache NetBeans\jdk\bin\jsvml.dll
0x00007ffdb6ca0000 - 0x00007ffdb6cb0000 	C:\Program Files\Apache NetBeans\jdk\bin\net.dll
0x00007ffe30e60000 - 0x00007ffe30eca000 	C:\WINDOWS\system32\mswsock.dll
0x00007ffdae6e0000 - 0x00007ffdae6f6000 	C:\Program Files\Apache NetBeans\jdk\bin\nio.dll
0x00007ffdbb7d0000 - 0x00007ffdbb7e7000 	C:\Program Files\Apache NetBeans\jdk\bin\zip.dll
0x00007ffe18eb0000 - 0x00007ffe18ed4000 	C:\Program Files\Apache NetBeans\java\maven\lib\jansi-native\Windows\x86_64\jansi.dll
0x00007ffdb6ba0000 - 0x00007ffdb6bb0000 	C:\Program Files\Apache NetBeans\jdk\bin\verify.dll

JVMTI agents: none

dbghelp: loaded successfully - version: 4.0.5 - missing functions: none
symbol engine: initialized successfully - sym options: 0x614 - pdb path: .;C:\Program Files\Apache NetBeans\jdk\bin;C:\WINDOWS\SYSTEM32;C:\WINDOWS\WinSxS\amd64_microsoft.windows.common-controls_6595b64144ccf1df_6.0.26100.4484_none_3e0e6d4ce32ef3b3;C:\Program Files\Apache NetBeans\jdk\bin\server;C:\Program Files\Apache NetBeans\java\maven\lib\jansi-native\Windows\x86_64

VM Arguments:
jvm_args: --enable-native-access=ALL-UNNAMED -Dclassworlds.conf=C:\Program Files\Apache NetBeans\java\maven\bin\m2.conf -Dmaven.home=C:\Program Files\Apache NetBeans\java\maven -Dlibrary.jansi.path=C:\Program Files\Apache NetBeans\java\maven\lib\jansi-native -Dmaven.multiModuleProjectDirectory=C:\Users\josee\OneDrive\Desktop\Desarrollo de Apps Web\soda-master(prueba1)\soda-master 
java_command: org.codehaus.plexus.classworlds.launcher.Launcher -Dmaven.ext.class.path=C:\Program Files\Apache NetBeans\java\maven-nblib\netbeans-eventspy.jar --no-transfer-progress install
java_class_path (initial): C:\Program Files\Apache NetBeans\java\maven\boot\plexus-classworlds-2.9.0.jar
Launcher Type: SUN_STANDARD

[Global flags]
     intx CICompilerCount                          = 4                                         {product} {ergonomic}
     uint ConcGCThreads                            = 3                                         {product} {ergonomic}
     uint G1ConcRefinementThreads                  = 10                                        {product} {ergonomic}
   size_t G1HeapRegionSize                         = 2097152                                   {product} {ergonomic}
   size_t InitialHeapSize                          = 257949696                                 {product} {ergonomic}
   size_t MarkStackSize                            = 4194304                                   {product} {ergonomic}
   size_t MarkStackSizeMax                         = 536870912                                 {product} {ergonomic}
   size_t MaxHeapSize                              = 4127195136                                {product} {ergonomic}
   size_t MaxNewSize                               = 2474639360                                {product} {ergonomic}
   size_t MinHeapDeltaBytes                        = 2097152                                   {product} {ergonomic}
   size_t MinHeapSize                              = 8388608                                   {product} {ergonomic}
    uintx NonNMethodCodeHeapSize                   = 5832704                                {pd product} {ergonomic}
    uintx NonProfiledCodeHeapSize                  = 122945536                              {pd product} {ergonomic}
    uintx ProfiledCodeHeapSize                     = 122880000                              {pd product} {ergonomic}
    uintx ReservedCodeCacheSize                    = 251658240                              {pd product} {ergonomic}
     bool SegmentedCodeCache                       = true                                      {product} {ergonomic}
   size_t SoftMaxHeapSize                          = 4127195136                             {manageable} {ergonomic}
     bool UseCompressedOops                        = true                           {product lp64_product} {ergonomic}
     bool UseG1GC                                  = true                                      {product} {ergonomic}
     bool UseLargePagesIndividualAllocation        = false                                  {pd product} {ergonomic}

Logging:
Log output configuration:
 #0: stdout all=warning uptime,level,tags foldmultilines=false
 #1: stderr all=off uptime,level,tags foldmultilines=false

Environment Variables:
JAVA_HOME=C:\Program Files\Apache NetBeans\jdk
PATH=C:\Program Files\Common Files\Oracle\Java\javapath;C:\WINDOWS\system32;C:\WINDOWS;C:\WINDOWS\System32\Wbem;C:\WINDOWS\System32\WindowsPowerShell\v1.0\;C:\WINDOWS\System32\OpenSSH\;C:\Users\josee\AppData\Local\Programs\Python\Python312;C:\Users\josee\Downloads\jdk-23_windows-x64_bin.zip\jdk-23.0.1\bin;C:\Program Files\Git\cmd;C:\Users\josee\AppData\Local\Programs\Python\Launcher\;C:\Users\josee\AppData\Local\Microsoft\WindowsApps;C:\Users\josee\AppData\Local\Programs\Microsoft VS Code\bin;C:\Users\josee\AppData\Local\Programs\Python\Python312;C:\Users\josee\AppData\Local\Programs\Python\Python312\Scripts;C:\Users\josee\AppData\Local\GitHubDesktop\bin
USERNAME=josee
OS=Windows_NT
PROCESSOR_IDENTIFIER=AMD64 Family 25 Model 80 Stepping 0, AuthenticAMD
TMP=C:\Users\josee\AppData\Local\Temp
TEMP=C:\Users\josee\AppData\Local\Temp




Periodic native trim disabled

---------------  S Y S T E M  ---------------

OS:
 Windows 11 , 64 bit Build 26100 (10.0.26100.4484)
OS uptime: 0 days 2:25 hours

CPU: total 12 (initial active 12) (12 cores per cpu, 2 threads per core) family 25 model 80 stepping 0 microcode 0xa50000c, cx8, cmov, fxsr, ht, mmx, 3dnowpref, sse, sse2, sse3, ssse3, sse4a, sse4.1, sse4.2, popcnt, lzcnt, tsc, tscinvbit, avx, avx2, aes, erms, clmul, bmi1, bmi2, adx, sha, fma, vzeroupper, clflush, clflushopt, rdtscp, rdpid, fsrm, f16c, pku, cet_ss
Processor Information for the first 12 processors :
  Max Mhz: 3901, Current Mhz: 3901, Mhz Limit: 3901

Memory: 4k page, system-wide physical 15742M (5060M free)
TotalPageFile size 64894M (AvailPageFile size 4941M)
current process WorkingSet (physical memory assigned to process): 66M, peak: 134M
current process commit charge ("private bytes"): 365M, peak: 381M

vm_info: OpenJDK 64-Bit Server VM (24.0.2+12) for windows-amd64 JRE (24.0.2+12) (Zulu24.32+13-CA), built on 2025-07-11T12:45:44Z with MS VC++ 17.1 (VS2022)

END.
