#
# There is insufficient memory for the Java Runtime Environment to continue.
# Native memory allocation (malloc) failed to allocate 8663632 bytes. Error detail: Chunk::new
# Possible reasons:
#   The system is out of physical RAM or swap space
#   This process is running with CompressedOops enabled, and the Java Heap may be blocking the growth of the native heap
# Possible solutions:
#   Reduce memory load on the system
#   Increase physical memory or swap space
#   Check if swap backing store is full
#   Decrease Java heap size (-Xmx/-Xms)
#   Decrease number of Java threads
#   Decrease Java thread stack sizes (-Xss)
#   Set larger code cache with -XX:ReservedCodeCacheSize=
#   JVM is running with Zero Based Compressed Oops mode in which the Java heap is
#     placed in the first 32GB address space. The Java Heap base address is the
#     maximum limit for the native heap growth. Please use -XX:HeapBaseMinAddress
#     to set the Java Heap base and to place the Java Heap above 32GB virtual address.
# This output file may be truncated or incomplete.
#
#  Out of Memory Error (arena.cpp:162), pid=21560, tid=9224
#
# JRE version: OpenJDK Runtime Environment Zulu24.32+13-CA (24.0.2+12) (build 24.0.2+12)
# Java VM: OpenJDK 64-Bit Server VM Zulu24.32+13-CA (24.0.2+12, mixed mode, sharing, tiered, compressed oops, compressed class ptrs, g1 gc, windows-amd64)
# No core dump will be written. Minidumps are not enabled by default on client versions of Windows
#

---------------  S U M M A R Y ------------

Command Line: --enable-native-access=ALL-UNNAMED -Dclassworlds.conf=C:\Program Files\Apache NetBeans\java\maven\bin\m2.conf -Dmaven.home=C:\Program Files\Apache NetBeans\java\maven -Dlibrary.jansi.path=C:\Program Files\Apache NetBeans\java\maven\lib\jansi-native -Dmaven.multiModuleProjectDirectory=C:\Users\josee\OneDrive\Desktop\Desarrollo de Apps Web\soda-master(prueba1)\soda-master org.codehaus.plexus.classworlds.launcher.Launcher -Dmaven.ext.class.path=C:\Program Files\Apache NetBeans\java\maven-nblib\netbeans-eventspy.jar --no-transfer-progress install

Host: AMD Ryzen 5 5600G with Radeon Graphics         , 12 cores, 15G,  Windows 11 , 64 bit Build 26100 (10.0.26100.4484)
Time: Sun Nov  2 17:16:37 2025 Central America Standard Time elapsed time: 373.985548 seconds (0d 0h 6m 13s)

---------------  T H R E A D  ---------------

Current thread (0x000001587f990a00):  JavaThread "C2 CompilerThread0" daemon [_thread_in_native, id=9224, stack(0x0000001327b00000,0x0000001327c00000) (1024K)]


Current CompileTask:
C2:373985 5366   !   4       org.apache.maven.model.Model::clone (502 bytes)

Stack: [0x0000001327b00000,0x0000001327c00000]
Native frames: (J=compiled Java code, j=interpreted, Vv=VM code, C=native code)
V  [jvm.dll+0x741329]  (no source info available)
V  [jvm.dll+0x97e243]  (no source info available)
V  [jvm.dll+0x98056d]  (no source info available)
V  [jvm.dll+0x980be3]  (no source info available)
V  [jvm.dll+0x2b5a76]  (no source info available)
V  [jvm.dll+0xd00af]  (no source info available)
V  [jvm.dll+0xd030f]  (no source info available)
V  [jvm.dll+0x15b85f]  (no source info available)
V  [jvm.dll+0x746bef]  (no source info available)
V  [jvm.dll+0x27a478]  (no source info available)
V  [jvm.dll+0x279591]  (no source info available)
V  [jvm.dll+0x1f30fa]  (no source info available)
V  [jvm.dll+0x288d95]  (no source info available)
V  [jvm.dll+0x28702a]  (no source info available)
V  [jvm.dll+0x43e016]  (no source info available)
V  [jvm.dll+0x920c78]  (no source info available)
V  [jvm.dll+0x73fab5]  (no source info available)
C  [ucrtbase.dll+0x37b0]  (no source info available)
C  [KERNEL32.DLL+0x2e8d7]  (no source info available)
C  [ntdll.dll+0x3c34c]  (no source info available)

Lock stack of current Java thread (top to bottom):


---------------  P R O C E S S  ---------------

Threads class SMR info:
_java_thread_list=0x0000015862318330, length=12, elements={
0x00000158794454f0, 0x000001587f983210, 0x000001587f9844c0, 0x000001587f987b70,
0x000001587f98ae50, 0x000001587f98b980, 0x000001587f98c4b0, 0x000001587f990a00,
0x000001587f9c9c60, 0x000001581b8cbe50, 0x000001581b8d6dd0, 0x00000158634ad7f0
}

Java Threads: ( => current thread )
  0x00000158794454f0 JavaThread "main"                              [_thread_in_Java, id=1976, stack(0x0000001326d00000,0x0000001326e00000) (1024K)]
  0x000001587f983210 JavaThread "Reference Handler"          daemon [_thread_blocked, id=22932, stack(0x0000001327500000,0x0000001327600000) (1024K)]
  0x000001587f9844c0 JavaThread "Finalizer"                  daemon [_thread_blocked, id=22772, stack(0x0000001327600000,0x0000001327700000) (1024K)]
  0x000001587f987b70 JavaThread "Signal Dispatcher"          daemon [_thread_blocked, id=24468, stack(0x0000001327700000,0x0000001327800000) (1024K)]
  0x000001587f98ae50 JavaThread "Attach Listener"            daemon [_thread_blocked, id=24116, stack(0x0000001327800000,0x0000001327900000) (1024K)]
  0x000001587f98b980 JavaThread "Service Thread"             daemon [_thread_blocked, id=23524, stack(0x0000001327900000,0x0000001327a00000) (1024K)]
  0x000001587f98c4b0 JavaThread "Monitor Deflation Thread"   daemon [_thread_blocked, id=24084, stack(0x0000001327a00000,0x0000001327b00000) (1024K)]
=>0x000001587f990a00 JavaThread "C2 CompilerThread0"         daemon [_thread_in_native, id=9224, stack(0x0000001327b00000,0x0000001327c00000) (1024K)]
  0x000001587f9c9c60 JavaThread "C1 CompilerThread0"         daemon [_thread_blocked, id=21252, stack(0x0000001327c00000,0x0000001327d00000) (1024K)]
  0x000001581b8cbe50 JavaThread "Notification Thread"        daemon [_thread_blocked, id=18760, stack(0x0000001327d00000,0x0000001327e00000) (1024K)]
  0x000001581b8d6dd0 JavaThread "Common-Cleaner"             daemon [_thread_blocked, id=21108, stack(0x0000001327e00000,0x0000001327f00000) (1024K)]
  0x00000158634ad7f0 JavaThread "C2 CompilerThread1"         daemon [_thread_in_native, id=33828, stack(0x0000001326c00000,0x0000001326d00000) (1024K)]
Total: 12

Other Threads:
  0x000001587f9749e0 VMThread "VM Thread"                           [id=23796, stack(0x0000001327400000,0x0000001327500000) (1024K)]
  0x000001587f965da0 WatcherThread "VM Periodic Task Thread"        [id=23848, stack(0x0000001327300000,0x0000001327400000) (1024K)]
  0x000001587b813440 WorkerThread "GC Thread#0"                     [id=18900, stack(0x0000001326e00000,0x0000001326f00000) (1024K)]
  0x0000015861b0e6c0 WorkerThread "GC Thread#1"                     [id=26148, stack(0x0000001327f00000,0x0000001328000000) (1024K)]
  0x0000015861b0ea70 WorkerThread "GC Thread#2"                     [id=26152, stack(0x0000001328000000,0x0000001328100000) (1024K)]
  0x000001586178e2b0 WorkerThread "GC Thread#3"                     [id=26156, stack(0x0000001328100000,0x0000001328200000) (1024K)]
  0x000001586178e660 WorkerThread "GC Thread#4"                     [id=26160, stack(0x0000001328200000,0x0000001328300000) (1024K)]
  0x00000158612a7930 WorkerThread "GC Thread#5"                     [id=34112, stack(0x0000001328300000,0x0000001328400000) (1024K)]
  0x00000158612a66c0 WorkerThread "GC Thread#6"                     [id=34116, stack(0x0000001328400000,0x0000001328500000) (1024K)]
  0x00000158612a6a70 WorkerThread "GC Thread#7"                     [id=34120, stack(0x0000001328500000,0x0000001328600000) (1024K)]
  0x00000158612a71d0 WorkerThread "GC Thread#8"                     [id=34124, stack(0x0000001328600000,0x0000001328700000) (1024K)]
  0x0000015861d8bdb0 WorkerThread "GC Thread#9"                     [id=34128, stack(0x0000001328700000,0x0000001328800000) (1024K)]
  0x000001587b827810 ConcurrentGCThread "G1 Main Marker"            [id=15496, stack(0x0000001326f00000,0x0000001327000000) (1024K)]
  0x000001587b829330 WorkerThread "G1 Conc#0"                       [id=3704, stack(0x0000001327000000,0x0000001327100000) (1024K)]
  0x000001587f8329d0 ConcurrentGCThread "G1 Refine#0"               [id=21064, stack(0x0000001327100000,0x0000001327200000) (1024K)]
  0x000001587f834ee0 ConcurrentGCThread "G1 Service"                [id=25160, stack(0x0000001327200000,0x0000001327300000) (1024K)]
Total: 16

Threads with active compile tasks:
C2 CompilerThread0  374483 5366   !   4       org.apache.maven.model.Model::clone (502 bytes)
C2 CompilerThread1  374483 5404       4       org.apache.maven.model.validation.DefaultModelValidator::validateEffectiveDependency (631 bytes)
Total: 2

VM state: not at safepoint (normal execution)

VM Mutex/Monitor currently owned by a thread: None

Heap address: 0x000000070a000000, size: 3936 MB, Compressed Oops mode: Zero based, Oop shift amount: 3

CDS archive(s) mapped at: [0x000001581c000000-0x000001581cd40000-0x000001581cd40000), size 13893632, SharedBaseAddress: 0x000001581c000000, ArchiveRelocationMode: 1.
Compressed class space mapped at: 0x000001581d000000-0x000001585d000000, reserved size: 1073741824
UseCompressedClassPointers 1, UseCompactObjectHeaders 0
Narrow klass pointer bits 32, Max shift 3
Narrow klass base: 0x000001581c000000, Narrow klass shift: 0
Encoding Range: [0x000001581c000000 - 0x000001591c000000), (4294967296 bytes)
Klass Range:    [0x000001581c000000 - 0x000001585d000000), (1090519040 bytes)
Klass ID Range:  [8 - 1090519033) (1090519025)

GC Precious Log:
 CardTable entry size: 512
 Card Set container configuration: InlinePtr #cards 4 size 8 Array Of Cards #cards 16 size 48 Howl #buckets 8 coarsen threshold 3686 Howl Bitmap #cards 512 size 80 coarsen threshold 460 Card regions per heap region 1 cards per card region 4096
 CPUs: 12 total, 12 available
 Memory: 15742M
 Large Page Support: Disabled
 NUMA Support: Disabled
 Compressed Oops: Enabled (Zero based)
 Heap Region Size: 2M
 Heap Min Capacity: 8M
 Heap Initial Capacity: 246M
 Heap Max Capacity: 3936M
 Pre-touch: Disabled
 Parallel Workers: 10
 Concurrent Workers: 3
 Concurrent Refinement Workers: 10
 Periodic GC: Disabled

Heap:
 garbage-first heap   total reserved 4030464K, committed 253952K, used 144559K [0x000000070a000000, 0x0000000800000000)
  region size 2048K, 65 young (133120K), 2 survivors (4096K)
 Metaspace       used 16762K, committed 17088K, reserved 1114112K
  class space    used 1559K, committed 1664K, reserved 1048576K

Heap Regions: E=young(eden), S=young(survivor), O=old, HS=humongous(starts), HC=humongous(continues), CS=collection set, F=free, TAMS=top-at-mark-start, PB=parsable bottom
|   0|0x000000070a000000, 0x000000070a200000, 0x000000070a200000|100%| O|  |TAMS 0x000000070a000000| PB 0x000000070a000000| Untracked |  0
|   1|0x000000070a200000, 0x000000070a400000, 0x000000070a400000|100%| O|  |TAMS 0x000000070a200000| PB 0x000000070a200000| Untracked |  0
|   2|0x000000070a400000, 0x000000070a600000, 0x000000070a600000|100%| O|  |TAMS 0x000000070a400000| PB 0x000000070a400000| Untracked |  0
|   3|0x000000070a600000, 0x000000070a800000, 0x000000070a800000|100%| O|  |TAMS 0x000000070a600000| PB 0x000000070a600000| Untracked |  0
|   4|0x000000070a800000, 0x000000070aa00000, 0x000000070aa00000|100%| O|  |TAMS 0x000000070a800000| PB 0x000000070a800000| Untracked |  0
|   5|0x000000070aa00000, 0x000000070ac00000, 0x000000070ac00000|100%| O|  |TAMS 0x000000070aa00000| PB 0x000000070aa00000| Untracked |  0
|   6|0x000000070ac00000, 0x000000070ada3400, 0x000000070ae00000| 81%| O|  |TAMS 0x000000070ac00000| PB 0x000000070ac00000| Untracked |  0
|   7|0x000000070ae00000, 0x000000070ae00000, 0x000000070b000000|  0%| F|  |TAMS 0x000000070ae00000| PB 0x000000070ae00000| Untracked |  0
|   8|0x000000070b000000, 0x000000070b000000, 0x000000070b200000|  0%| F|  |TAMS 0x000000070b000000| PB 0x000000070b000000| Untracked |  0
|   9|0x000000070b200000, 0x000000070b200000, 0x000000070b400000|  0%| F|  |TAMS 0x000000070b200000| PB 0x000000070b200000| Untracked |  0
|  10|0x000000070b400000, 0x000000070b400000, 0x000000070b600000|  0%| F|  |TAMS 0x000000070b400000| PB 0x000000070b400000| Untracked |  0
|  11|0x000000070b600000, 0x000000070b600000, 0x000000070b800000|  0%| F|  |TAMS 0x000000070b600000| PB 0x000000070b600000| Untracked |  0
|  12|0x000000070b800000, 0x000000070b800000, 0x000000070ba00000|  0%| F|  |TAMS 0x000000070b800000| PB 0x000000070b800000| Untracked |  0
|  13|0x000000070ba00000, 0x000000070ba00000, 0x000000070bc00000|  0%| F|  |TAMS 0x000000070ba00000| PB 0x000000070ba00000| Untracked |  0
|  14|0x000000070bc00000, 0x000000070bc00000, 0x000000070be00000|  0%| F|  |TAMS 0x000000070bc00000| PB 0x000000070bc00000| Untracked |  0
|  15|0x000000070be00000, 0x000000070be00000, 0x000000070c000000|  0%| F|  |TAMS 0x000000070be00000| PB 0x000000070be00000| Untracked |  0
|  16|0x000000070c000000, 0x000000070c000000, 0x000000070c200000|  0%| F|  |TAMS 0x000000070c000000| PB 0x000000070c000000| Untracked |  0
|  17|0x000000070c200000, 0x000000070c200000, 0x000000070c400000|  0%| F|  |TAMS 0x000000070c200000| PB 0x000000070c200000| Untracked |  0
|  18|0x000000070c400000, 0x000000070c400000, 0x000000070c600000|  0%| F|  |TAMS 0x000000070c400000| PB 0x000000070c400000| Untracked |  0
|  19|0x000000070c600000, 0x000000070c600000, 0x000000070c800000|  0%| F|  |TAMS 0x000000070c600000| PB 0x000000070c600000| Untracked |  0
|  20|0x000000070c800000, 0x000000070c800000, 0x000000070ca00000|  0%| F|  |TAMS 0x000000070c800000| PB 0x000000070c800000| Untracked |  0
|  21|0x000000070ca00000, 0x000000070ca00000, 0x000000070cc00000|  0%| F|  |TAMS 0x000000070ca00000| PB 0x000000070ca00000| Untracked |  0
|  22|0x000000070cc00000, 0x000000070cc00000, 0x000000070ce00000|  0%| F|  |TAMS 0x000000070cc00000| PB 0x000000070cc00000| Untracked |  0
|  23|0x000000070ce00000, 0x000000070ce00000, 0x000000070d000000|  0%| F|  |TAMS 0x000000070ce00000| PB 0x000000070ce00000| Untracked |  0
|  24|0x000000070d000000, 0x000000070d000000, 0x000000070d200000|  0%| F|  |TAMS 0x000000070d000000| PB 0x000000070d000000| Untracked |  0
|  25|0x000000070d200000, 0x000000070d200000, 0x000000070d400000|  0%| F|  |TAMS 0x000000070d200000| PB 0x000000070d200000| Untracked |  0
|  26|0x000000070d400000, 0x000000070d400000, 0x000000070d600000|  0%| F|  |TAMS 0x000000070d400000| PB 0x000000070d400000| Untracked |  0
|  27|0x000000070d600000, 0x000000070d600000, 0x000000070d800000|  0%| F|  |TAMS 0x000000070d600000| PB 0x000000070d600000| Untracked |  0
|  28|0x000000070d800000, 0x000000070d800000, 0x000000070da00000|  0%| F|  |TAMS 0x000000070d800000| PB 0x000000070d800000| Untracked |  0
|  29|0x000000070da00000, 0x000000070da00000, 0x000000070dc00000|  0%| F|  |TAMS 0x000000070da00000| PB 0x000000070da00000| Untracked |  0
|  30|0x000000070dc00000, 0x000000070dc00000, 0x000000070de00000|  0%| F|  |TAMS 0x000000070dc00000| PB 0x000000070dc00000| Untracked |  0
|  31|0x000000070de00000, 0x000000070de00000, 0x000000070e000000|  0%| F|  |TAMS 0x000000070de00000| PB 0x000000070de00000| Untracked |  0
|  32|0x000000070e000000, 0x000000070e000000, 0x000000070e200000|  0%| F|  |TAMS 0x000000070e000000| PB 0x000000070e000000| Untracked |  0
|  33|0x000000070e200000, 0x000000070e200000, 0x000000070e400000|  0%| F|  |TAMS 0x000000070e200000| PB 0x000000070e200000| Untracked |  0
|  34|0x000000070e400000, 0x000000070e400000, 0x000000070e600000|  0%| F|  |TAMS 0x000000070e400000| PB 0x000000070e400000| Untracked |  0
|  35|0x000000070e600000, 0x000000070e600000, 0x000000070e800000|  0%| F|  |TAMS 0x000000070e600000| PB 0x000000070e600000| Untracked |  0
|  36|0x000000070e800000, 0x000000070e800000, 0x000000070ea00000|  0%| F|  |TAMS 0x000000070e800000| PB 0x000000070e800000| Untracked |  0
|  37|0x000000070ea00000, 0x000000070ea00000, 0x000000070ec00000|  0%| F|  |TAMS 0x000000070ea00000| PB 0x000000070ea00000| Untracked |  0
|  38|0x000000070ec00000, 0x000000070ec00000, 0x000000070ee00000|  0%| F|  |TAMS 0x000000070ec00000| PB 0x000000070ec00000| Untracked |  0
|  39|0x000000070ee00000, 0x000000070ee00000, 0x000000070f000000|  0%| F|  |TAMS 0x000000070ee00000| PB 0x000000070ee00000| Untracked |  0
|  40|0x000000070f000000, 0x000000070f000000, 0x000000070f200000|  0%| F|  |TAMS 0x000000070f000000| PB 0x000000070f000000| Untracked |  0
|  41|0x000000070f200000, 0x000000070f200000, 0x000000070f400000|  0%| F|  |TAMS 0x000000070f200000| PB 0x000000070f200000| Untracked |  0
|  42|0x000000070f400000, 0x000000070f400000, 0x000000070f600000|  0%| F|  |TAMS 0x000000070f400000| PB 0x000000070f400000| Untracked |  0
|  43|0x000000070f600000, 0x000000070f600000, 0x000000070f800000|  0%| F|  |TAMS 0x000000070f600000| PB 0x000000070f600000| Untracked |  0
|  44|0x000000070f800000, 0x000000070f800000, 0x000000070fa00000|  0%| F|  |TAMS 0x000000070f800000| PB 0x000000070f800000| Untracked |  0
|  45|0x000000070fa00000, 0x000000070fa00000, 0x000000070fc00000|  0%| F|  |TAMS 0x000000070fa00000| PB 0x000000070fa00000| Untracked |  0
|  46|0x000000070fc00000, 0x000000070fc00000, 0x000000070fe00000|  0%| F|  |TAMS 0x000000070fc00000| PB 0x000000070fc00000| Untracked |  0
|  47|0x000000070fe00000, 0x000000070fe00000, 0x0000000710000000|  0%| F|  |TAMS 0x000000070fe00000| PB 0x000000070fe00000| Untracked |  0
|  48|0x0000000710000000, 0x0000000710000000, 0x0000000710200000|  0%| F|  |TAMS 0x0000000710000000| PB 0x0000000710000000| Untracked |  0
|  49|0x0000000710200000, 0x0000000710200000, 0x0000000710400000|  0%| F|  |TAMS 0x0000000710200000| PB 0x0000000710200000| Untracked |  0
|  50|0x0000000710400000, 0x0000000710400000, 0x0000000710600000|  0%| F|  |TAMS 0x0000000710400000| PB 0x0000000710400000| Untracked |  0
|  51|0x0000000710600000, 0x0000000710600000, 0x0000000710800000|  0%| F|  |TAMS 0x0000000710600000| PB 0x0000000710600000| Untracked |  0
|  52|0x0000000710800000, 0x0000000710800000, 0x0000000710a00000|  0%| F|  |TAMS 0x0000000710800000| PB 0x0000000710800000| Untracked |  0
|  53|0x0000000710a00000, 0x0000000710a00000, 0x0000000710c00000|  0%| F|  |TAMS 0x0000000710a00000| PB 0x0000000710a00000| Untracked |  0
|  54|0x0000000710c00000, 0x0000000710c00000, 0x0000000710e00000|  0%| F|  |TAMS 0x0000000710c00000| PB 0x0000000710c00000| Untracked |  0
|  55|0x0000000710e00000, 0x0000000710e00000, 0x0000000711000000|  0%| F|  |TAMS 0x0000000710e00000| PB 0x0000000710e00000| Untracked |  0
|  56|0x0000000711000000, 0x0000000711000000, 0x0000000711200000|  0%| F|  |TAMS 0x0000000711000000| PB 0x0000000711000000| Untracked |  0
|  57|0x0000000711200000, 0x0000000711200000, 0x0000000711400000|  0%| F|  |TAMS 0x0000000711200000| PB 0x0000000711200000| Untracked |  0
|  58|0x0000000711400000, 0x0000000711500000, 0x0000000711600000| 50%| E|  |TAMS 0x0000000711400000| PB 0x0000000711400000| Complete |  0
|  59|0x0000000711600000, 0x0000000711800000, 0x0000000711800000|100%| E|CS|TAMS 0x0000000711600000| PB 0x0000000711600000| Complete |  0
|  60|0x0000000711800000, 0x0000000711a00000, 0x0000000711a00000|100%| E|CS|TAMS 0x0000000711800000| PB 0x0000000711800000| Complete |  0
|  61|0x0000000711a00000, 0x0000000711c00000, 0x0000000711c00000|100%| E|CS|TAMS 0x0000000711a00000| PB 0x0000000711a00000| Complete |  0
|  62|0x0000000711c00000, 0x0000000711e00000, 0x0000000711e00000|100%| E|CS|TAMS 0x0000000711c00000| PB 0x0000000711c00000| Complete |  0
|  63|0x0000000711e00000, 0x0000000712000000, 0x0000000712000000|100%| E|CS|TAMS 0x0000000711e00000| PB 0x0000000711e00000| Complete |  0
|  64|0x0000000712000000, 0x0000000712200000, 0x0000000712200000|100%| E|CS|TAMS 0x0000000712000000| PB 0x0000000712000000| Complete |  0
|  65|0x0000000712200000, 0x0000000712400000, 0x0000000712400000|100%| E|CS|TAMS 0x0000000712200000| PB 0x0000000712200000| Complete |  0
|  66|0x0000000712400000, 0x0000000712600000, 0x0000000712600000|100%| E|CS|TAMS 0x0000000712400000| PB 0x0000000712400000| Complete |  0
|  67|0x0000000712600000, 0x0000000712800000, 0x0000000712800000|100%| E|CS|TAMS 0x0000000712600000| PB 0x0000000712600000| Complete |  0
|  68|0x0000000712800000, 0x0000000712a00000, 0x0000000712a00000|100%| E|CS|TAMS 0x0000000712800000| PB 0x0000000712800000| Complete |  0
|  69|0x0000000712a00000, 0x0000000712c00000, 0x0000000712c00000|100%| E|CS|TAMS 0x0000000712a00000| PB 0x0000000712a00000| Complete |  0
|  70|0x0000000712c00000, 0x0000000712e00000, 0x0000000712e00000|100%| E|CS|TAMS 0x0000000712c00000| PB 0x0000000712c00000| Complete |  0
|  71|0x0000000712e00000, 0x0000000713000000, 0x0000000713000000|100%| E|CS|TAMS 0x0000000712e00000| PB 0x0000000712e00000| Complete |  0
|  72|0x0000000713000000, 0x0000000713200000, 0x0000000713200000|100%| E|CS|TAMS 0x0000000713000000| PB 0x0000000713000000| Complete |  0
|  73|0x0000000713200000, 0x000000071326c890, 0x0000000713400000| 21%| S|CS|TAMS 0x0000000713200000| PB 0x0000000713200000| Complete |  0
|  74|0x0000000713400000, 0x0000000713600000, 0x0000000713600000|100%| S|CS|TAMS 0x0000000713400000| PB 0x0000000713400000| Complete |  0
|  75|0x0000000713600000, 0x0000000713800000, 0x0000000713800000|100%| E|CS|TAMS 0x0000000713600000| PB 0x0000000713600000| Complete |  0
|  76|0x0000000713800000, 0x0000000713a00000, 0x0000000713a00000|100%| E|CS|TAMS 0x0000000713800000| PB 0x0000000713800000| Complete |  0
|  77|0x0000000713a00000, 0x0000000713c00000, 0x0000000713c00000|100%| E|CS|TAMS 0x0000000713a00000| PB 0x0000000713a00000| Complete |  0
|  78|0x0000000713c00000, 0x0000000713e00000, 0x0000000713e00000|100%| E|CS|TAMS 0x0000000713c00000| PB 0x0000000713c00000| Complete |  0
|  79|0x0000000713e00000, 0x0000000714000000, 0x0000000714000000|100%| E|CS|TAMS 0x0000000713e00000| PB 0x0000000713e00000| Complete |  0
|  80|0x0000000714000000, 0x0000000714200000, 0x0000000714200000|100%| E|CS|TAMS 0x0000000714000000| PB 0x0000000714000000| Complete |  0
|  81|0x0000000714200000, 0x0000000714400000, 0x0000000714400000|100%| E|CS|TAMS 0x0000000714200000| PB 0x0000000714200000| Complete |  0
|  82|0x0000000714400000, 0x0000000714600000, 0x0000000714600000|100%| E|CS|TAMS 0x0000000714400000| PB 0x0000000714400000| Complete |  0
|  83|0x0000000714600000, 0x0000000714800000, 0x0000000714800000|100%| E|CS|TAMS 0x0000000714600000| PB 0x0000000714600000| Complete |  0
|  84|0x0000000714800000, 0x0000000714a00000, 0x0000000714a00000|100%| E|CS|TAMS 0x0000000714800000| PB 0x0000000714800000| Complete |  0
|  85|0x0000000714a00000, 0x0000000714c00000, 0x0000000714c00000|100%| E|CS|TAMS 0x0000000714a00000| PB 0x0000000714a00000| Complete |  0
|  86|0x0000000714c00000, 0x0000000714e00000, 0x0000000714e00000|100%| E|CS|TAMS 0x0000000714c00000| PB 0x0000000714c00000| Complete |  0
|  87|0x0000000714e00000, 0x0000000715000000, 0x0000000715000000|100%| E|CS|TAMS 0x0000000714e00000| PB 0x0000000714e00000| Complete |  0
|  88|0x0000000715000000, 0x0000000715200000, 0x0000000715200000|100%| E|CS|TAMS 0x0000000715000000| PB 0x0000000715000000| Complete |  0
|  89|0x0000000715200000, 0x0000000715400000, 0x0000000715400000|100%| E|CS|TAMS 0x0000000715200000| PB 0x0000000715200000| Complete |  0
|  90|0x0000000715400000, 0x0000000715600000, 0x0000000715600000|100%| E|CS|TAMS 0x0000000715400000| PB 0x0000000715400000| Complete |  0
|  91|0x0000000715600000, 0x0000000715800000, 0x0000000715800000|100%| E|CS|TAMS 0x0000000715600000| PB 0x0000000715600000| Complete |  0
|  92|0x0000000715800000, 0x0000000715a00000, 0x0000000715a00000|100%| E|CS|TAMS 0x0000000715800000| PB 0x0000000715800000| Complete |  0
|  93|0x0000000715a00000, 0x0000000715c00000, 0x0000000715c00000|100%| E|CS|TAMS 0x0000000715a00000| PB 0x0000000715a00000| Complete |  0
|  94|0x0000000715c00000, 0x0000000715e00000, 0x0000000715e00000|100%| E|CS|TAMS 0x0000000715c00000| PB 0x0000000715c00000| Complete |  0
|  95|0x0000000715e00000, 0x0000000716000000, 0x0000000716000000|100%| E|CS|TAMS 0x0000000715e00000| PB 0x0000000715e00000| Complete |  0
|  96|0x0000000716000000, 0x0000000716200000, 0x0000000716200000|100%| E|CS|TAMS 0x0000000716000000| PB 0x0000000716000000| Complete |  0
|  97|0x0000000716200000, 0x0000000716400000, 0x0000000716400000|100%| E|CS|TAMS 0x0000000716200000| PB 0x0000000716200000| Complete |  0
|  98|0x0000000716400000, 0x0000000716600000, 0x0000000716600000|100%| E|CS|TAMS 0x0000000716400000| PB 0x0000000716400000| Complete |  0
|  99|0x0000000716600000, 0x0000000716800000, 0x0000000716800000|100%| E|CS|TAMS 0x0000000716600000| PB 0x0000000716600000| Complete |  0
| 100|0x0000000716800000, 0x0000000716a00000, 0x0000000716a00000|100%| E|CS|TAMS 0x0000000716800000| PB 0x0000000716800000| Complete |  0
| 101|0x0000000716a00000, 0x0000000716c00000, 0x0000000716c00000|100%| E|CS|TAMS 0x0000000716a00000| PB 0x0000000716a00000| Complete |  0
| 102|0x0000000716c00000, 0x0000000716e00000, 0x0000000716e00000|100%| E|CS|TAMS 0x0000000716c00000| PB 0x0000000716c00000| Complete |  0
| 103|0x0000000716e00000, 0x0000000717000000, 0x0000000717000000|100%| E|CS|TAMS 0x0000000716e00000| PB 0x0000000716e00000| Complete |  0
| 104|0x0000000717000000, 0x0000000717200000, 0x0000000717200000|100%| E|CS|TAMS 0x0000000717000000| PB 0x0000000717000000| Complete |  0
| 105|0x0000000717200000, 0x0000000717400000, 0x0000000717400000|100%| E|CS|TAMS 0x0000000717200000| PB 0x0000000717200000| Complete |  0
| 106|0x0000000717400000, 0x0000000717600000, 0x0000000717600000|100%| E|CS|TAMS 0x0000000717400000| PB 0x0000000717400000| Complete |  0
| 107|0x0000000717600000, 0x0000000717800000, 0x0000000717800000|100%| E|CS|TAMS 0x0000000717600000| PB 0x0000000717600000| Complete |  0
| 108|0x0000000717800000, 0x0000000717a00000, 0x0000000717a00000|100%| E|CS|TAMS 0x0000000717800000| PB 0x0000000717800000| Complete |  0
| 109|0x0000000717a00000, 0x0000000717c00000, 0x0000000717c00000|100%| E|CS|TAMS 0x0000000717a00000| PB 0x0000000717a00000| Complete |  0
| 110|0x0000000717c00000, 0x0000000717e00000, 0x0000000717e00000|100%| E|CS|TAMS 0x0000000717c00000| PB 0x0000000717c00000| Complete |  0
| 111|0x0000000717e00000, 0x0000000718000000, 0x0000000718000000|100%| E|CS|TAMS 0x0000000717e00000| PB 0x0000000717e00000| Complete |  0
| 112|0x0000000718000000, 0x0000000718200000, 0x0000000718200000|100%| E|CS|TAMS 0x0000000718000000| PB 0x0000000718000000| Complete |  0
| 113|0x0000000718200000, 0x0000000718400000, 0x0000000718400000|100%| E|CS|TAMS 0x0000000718200000| PB 0x0000000718200000| Complete |  0
| 114|0x0000000718400000, 0x0000000718600000, 0x0000000718600000|100%| E|CS|TAMS 0x0000000718400000| PB 0x0000000718400000| Complete |  0
| 115|0x0000000718600000, 0x0000000718800000, 0x0000000718800000|100%| E|CS|TAMS 0x0000000718600000| PB 0x0000000718600000| Complete |  0
| 116|0x0000000718800000, 0x0000000718a00000, 0x0000000718a00000|100%| E|CS|TAMS 0x0000000718800000| PB 0x0000000718800000| Complete |  0
| 117|0x0000000718a00000, 0x0000000718c00000, 0x0000000718c00000|100%| E|CS|TAMS 0x0000000718a00000| PB 0x0000000718a00000| Complete |  0
| 118|0x0000000718c00000, 0x0000000718e00000, 0x0000000718e00000|100%| E|CS|TAMS 0x0000000718c00000| PB 0x0000000718c00000| Complete |  0
| 119|0x0000000718e00000, 0x0000000719000000, 0x0000000719000000|100%| E|CS|TAMS 0x0000000718e00000| PB 0x0000000718e00000| Complete |  0
| 120|0x0000000719000000, 0x0000000719200000, 0x0000000719200000|100%| E|CS|TAMS 0x0000000719000000| PB 0x0000000719000000| Complete |  0
| 121|0x0000000719200000, 0x0000000719400000, 0x0000000719400000|100%| E|CS|TAMS 0x0000000719200000| PB 0x0000000719200000| Complete |  0
| 122|0x0000000719400000, 0x0000000719600000, 0x0000000719600000|100%| E|CS|TAMS 0x0000000719400000| PB 0x0000000719400000| Complete |  0
|1967|0x00000007ffe00000, 0x00000007fff1c318, 0x0000000800000000| 55%| O|  |TAMS 0x00000007ffe00000| PB 0x00000007ffe00000| Untracked |  0

Card table byte_map: [0x000001587c580000,0x000001587cd30000] _byte_map_base: 0x0000015878d30000

Marking Bits: (CMBitMap*) 0x000001587b813b50
 Bits: [0x0000015817a40000, 0x000001581b7c0000)

Polling page: 0x00000158795e0000

Metaspace:

Usage:
  Non-class:     14.85 MB used.
      Class:      1.52 MB used.
       Both:     16.37 MB used.

Virtual space:
  Non-class space:       64.00 MB reserved,      15.06 MB ( 24%) committed,  1 nodes.
      Class space:        1.00 GB reserved,       1.62 MB ( <1%) committed,  1 nodes.
             Both:        1.06 GB reserved,      16.69 MB (  2%) committed. 

Chunk freelists:
   Non-Class:  125.00 KB
       Class:  14.32 MB
        Both:  14.44 MB

MaxMetaspaceSize: unlimited
CompressedClassSpaceSize: 1.00 GB
Initial GC threshold: 21.00 MB
Current GC threshold: 21.00 MB
CDS: on
 - commit_granule_bytes: 65536.
 - commit_granule_words: 8192.
 - virtual_space_node_default_size: 8388608.
 - enlarge_chunks_in_place: 1.
UseCompressedClassPointers 1, UseCompactObjectHeaders 0
Narrow klass pointer bits 32, Max shift 3
Narrow klass base: 0x000001581c000000, Narrow klass shift: 0
Encoding Range: [0x000001581c000000 - 0x000001591c000000), (4294967296 bytes)
Klass Range:    [0x000001581c000000 - 0x000001585d000000), (1090519040 bytes)
Klass ID Range:  [8 - 1090519033) (1090519025)


Internal statistics:

num_allocs_failed_limit: 0.
num_arena_births: 190.
num_arena_deaths: 0.
num_vsnodes_births: 2.
num_vsnodes_deaths: 0.
num_space_committed: 267.
num_space_uncommitted: 0.
num_chunks_returned_to_freelist: 0.
num_chunks_taken_from_freelist: 763.
num_chunk_merges: 0.
num_chunk_splits: 518.
num_chunks_enlarged: 410.
num_inconsistent_stats: 0.

CodeHeap 'non-profiled nmethods': size=120064Kb used=2563Kb max_used=2563Kb free=117500Kb
 bounds [0x0000015810500000, 0x0000015810790000, 0x0000015817a40000]
CodeHeap 'profiled nmethods': size=120000Kb used=10064Kb max_used=10064Kb free=109935Kb
 bounds [0x0000015808a40000, 0x0000015809420000, 0x000001580ff70000]
CodeHeap 'non-nmethods': size=5696Kb used=1343Kb max_used=1483Kb free=4352Kb
 bounds [0x000001580ff70000, 0x00000158101e0000, 0x0000015810500000]
CodeCache: size=245760Kb, used=13970Kb, max_used=14110Kb, free=231787Kb
 total_blobs=5908, nmethods=5404, adapters=407, full_count=0
Compilation: enabled, stopped_count=0, restarted_count=0

Compilation events (20 events):
Event: 373.075 Thread 0x000001587f990a00 nmethod 5361 0x0000015810777f08 code [0x0000015810778000, 0x0000015810778070]
Event: 373.078 Thread 0x000001587f990a00 5362       4       org.apache.maven.model.io.xpp3.MavenXpp3Reader::parseDependency (486 bytes)
Event: 373.149 Thread 0x000001587f9c9c60 5365       3       org.apache.maven.model.merge.MavenModelMerger::mergePluginExecution_Goals (130 bytes)
Event: 373.150 Thread 0x000001587f9c9c60 nmethod 5365 0x00000158093f1808 code [0x00000158093f1b40, 0x00000158093f35c8]
Event: 373.160 Thread 0x000001587f990a00 nmethod 5362 0x0000015810778208 code [0x0000015810778840, 0x000001581077c860]
Event: 373.161 Thread 0x000001587f990a00 5366   !   4       org.apache.maven.model.Model::clone (502 bytes)
Event: 373.164 Thread 0x000001587f9c9c60 5367       3       org.apache.maven.model.building.DefaultModelBuilder$$Lambda/0x000001581d188c08::accept (20 bytes)
Event: 373.165 Thread 0x000001587f9c9c60 nmethod 5367 0x00000158093f3688 code [0x00000158093f37a0, 0x00000158093f39d8]
Event: 373.165 Thread 0x000001587f9c9c60 5368       3       org.apache.maven.model.building.DefaultModelBuilder::lambda$getInterpolatedProfiles$1 (66 bytes)
Event: 373.166 Thread 0x000001587f9c9c60 nmethod 5368 0x00000158093f3a08 code [0x00000158093f3ca0, 0x00000158093f5220]
Event: 373.166 Thread 0x000001587f9c9c60 5369       3       org.apache.maven.model.building.DefaultModelBuilder$$Lambda/0x000001581d1982b0::<init> (15 bytes)
Event: 373.166 Thread 0x000001587f9c9c60 nmethod 5369 0x00000158093f5388 code [0x00000158093f54a0, 0x00000158093f56d0]
Event: 373.166 Thread 0x000001587f9c9c60 5370       3       org.apache.maven.model.building.DefaultModelBuilder$$Lambda/0x000001581d1984e8::<init> (10 bytes)
Event: 373.166 Thread 0x000001587f9c9c60 nmethod 5370 0x00000158093f5708 code [0x00000158093f5820, 0x00000158093f59e0]
Event: 373.166 Thread 0x000001587f9c9c60 5371       3       org.apache.maven.model.building.DefaultModelBuilder$$Lambda/0x000001581d1982b0::apply (13 bytes)
Event: 373.166 Thread 0x000001587f9c9c60 nmethod 5371 0x00000158093f5a08 code [0x00000158093f5b40, 0x00000158093f5d20]
Event: 373.166 Thread 0x000001587f9c9c60 5372       3       org.apache.maven.model.building.DefaultModelBuilder::lambda$getInterpolatedProfiles$0 (10 bytes)
Event: 373.166 Thread 0x000001587f9c9c60 nmethod 5372 0x00000158093f5d88 code [0x00000158093f5ea0, 0x00000158093f6008]
Event: 373.439 Thread 0x000001587f9c9c60 5375       3       java.lang.invoke.LambdaForm$MH/0x000001581d1a9400::invoke (39 bytes)
Event: 373.439 Thread 0x000001587f9c9c60 nmethod 5375 0x00000158093f6088 code [0x00000158093f6220, 0x00000158093f6aa8]

GC Heap History (6 events):
Event: 11.623 GC heap before
{Heap before GC invocations=0 (full 0):
 garbage-first heap   total reserved 4030464K, committed 253952K, used 50288K [0x000000070a000000, 0x0000000800000000)
  region size 2048K, 24 young (49152K), 0 survivors (0K)
 Metaspace       used 9402K, committed 9664K, reserved 1114112K
  class space    used 846K, committed 960K, reserved 1048576K
}
Event: 11.635 GC heap after
{Heap after GC invocations=1 (full 0):
 garbage-first heap   total reserved 4030464K, committed 253952K, used 5616K [0x000000070a000000, 0x0000000800000000)
  region size 2048K, 3 young (6144K), 3 survivors (6144K)
 Metaspace       used 9402K, committed 9664K, reserved 1114112K
  class space    used 846K, committed 960K, reserved 1048576K
}
Event: 371.197 GC heap before
{Heap before GC invocations=1 (full 0):
 garbage-first heap   total reserved 4030464K, committed 253952K, used 114160K [0x000000070a000000, 0x0000000800000000)
  region size 2048K, 56 young (114688K), 3 survivors (6144K)
 Metaspace       used 16180K, committed 16448K, reserved 1114112K
  class space    used 1553K, committed 1664K, reserved 1048576K
}
Event: 371.271 GC heap after
{Heap after GC invocations=2 (full 0):
 garbage-first heap   total reserved 4030464K, committed 253952K, used 15472K [0x000000070a000000, 0x0000000800000000)
  region size 2048K, 7 young (14336K), 7 survivors (14336K)
 Metaspace       used 16180K, committed 16448K, reserved 1114112K
  class space    used 1553K, committed 1664K, reserved 1048576K
}
Event: 372.246 GC heap before
{Heap before GC invocations=2 (full 0):
 garbage-first heap   total reserved 4030464K, committed 253952K, used 113776K [0x000000070a000000, 0x0000000800000000)
  region size 2048K, 55 young (112640K), 7 survivors (14336K)
 Metaspace       used 16528K, committed 16768K, reserved 1114112K
  class space    used 1554K, committed 1664K, reserved 1048576K
}
Event: 372.257 GC heap after
{Heap after GC invocations=3 (full 0):
 garbage-first heap   total reserved 4030464K, committed 253952K, used 17583K [0x000000070a000000, 0x0000000800000000)
  region size 2048K, 2 young (4096K), 2 survivors (4096K)
 Metaspace       used 16528K, committed 16768K, reserved 1114112K
  class space    used 1554K, committed 1664K, reserved 1048576K
}

Dll operation events (8 events):
Event: 2.581 Loaded shared library C:\Program Files\Apache NetBeans\jdk\bin\java.dll
Event: 3.035 Loaded shared library C:\Program Files\Apache NetBeans\jdk\bin\jsvml.dll
Event: 3.344 Loaded shared library C:\Program Files\Apache NetBeans\jdk\bin\net.dll
Event: 3.346 Loaded shared library C:\Program Files\Apache NetBeans\jdk\bin\nio.dll
Event: 3.350 Loaded shared library C:\Program Files\Apache NetBeans\jdk\bin\zip.dll
Event: 4.249 Loaded shared library C:\Program Files\Apache NetBeans\java\maven\lib\jansi-native\Windows\x86_64\jansi.dll
Event: 4.252 Loaded shared library C:\Program Files\Apache NetBeans\jdk\bin\jimage.dll
Event: 4.730 Loaded shared library C:\Program Files\Apache NetBeans\jdk\bin\verify.dll

Deoptimization events (20 events):
Event: 372.359 Thread 0x00000158794454f0 DEOPT PACKING pc=0x000001581068c434 sp=0x0000001326dfc750
Event: 372.359 Thread 0x00000158794454f0 DEOPT UNPACKING pc=0x000001580ffee702 sp=0x0000001326dfc700 mode 2
Event: 372.601 Thread 0x00000158794454f0 DEOPT PACKING pc=0x0000015808c80add sp=0x0000001326dfc7a0
Event: 372.601 Thread 0x00000158794454f0 DEOPT UNPACKING pc=0x000001580ffc5722 sp=0x0000001326dfbd20 mode 0
Event: 372.860 Thread 0x00000158794454f0 Uncommon trap: trap_request=0xffffffbe fr.pc=0x000001581076c57c relative=0x0000000000000ddc
Event: 372.860 Thread 0x00000158794454f0 Uncommon trap: reason=profile_predicate action=maybe_recompile pc=0x000001581076c57c method=java.util.concurrent.ConcurrentHashMap$Traverser.advance()Ljava/util/concurrent/ConcurrentHashMap$Node; @ 15 c2
Event: 372.860 Thread 0x00000158794454f0 DEOPT PACKING pc=0x000001581076c57c sp=0x0000001326dfcbc0
Event: 372.860 Thread 0x00000158794454f0 DEOPT UNPACKING pc=0x000001580ffee702 sp=0x0000001326dfc8f0 mode 2
Event: 372.863 Thread 0x00000158794454f0 Uncommon trap: trap_request=0xffffffbe fr.pc=0x000001581076c57c relative=0x0000000000000ddc
Event: 372.863 Thread 0x00000158794454f0 Uncommon trap: reason=profile_predicate action=maybe_recompile pc=0x000001581076c57c method=java.util.concurrent.ConcurrentHashMap$Traverser.advance()Ljava/util/concurrent/ConcurrentHashMap$Node; @ 15 c2
Event: 372.863 Thread 0x00000158794454f0 DEOPT PACKING pc=0x000001581076c57c sp=0x0000001326dfcbc0
Event: 372.863 Thread 0x00000158794454f0 DEOPT UNPACKING pc=0x000001580ffee702 sp=0x0000001326dfc8f0 mode 2
Event: 372.866 Thread 0x00000158794454f0 Uncommon trap: trap_request=0xffffffbe fr.pc=0x000001581076c57c relative=0x0000000000000ddc
Event: 372.866 Thread 0x00000158794454f0 Uncommon trap: reason=profile_predicate action=maybe_recompile pc=0x000001581076c57c method=java.util.concurrent.ConcurrentHashMap$Traverser.advance()Ljava/util/concurrent/ConcurrentHashMap$Node; @ 15 c2
Event: 372.866 Thread 0x00000158794454f0 DEOPT PACKING pc=0x000001581076c57c sp=0x0000001326dfcbc0
Event: 372.866 Thread 0x00000158794454f0 DEOPT UNPACKING pc=0x000001580ffee702 sp=0x0000001326dfc8f0 mode 2
Event: 372.868 Thread 0x00000158794454f0 Uncommon trap: trap_request=0xffffffbe fr.pc=0x000001581076c57c relative=0x0000000000000ddc
Event: 372.868 Thread 0x00000158794454f0 Uncommon trap: reason=profile_predicate action=maybe_recompile pc=0x000001581076c57c method=java.util.concurrent.ConcurrentHashMap$Traverser.advance()Ljava/util/concurrent/ConcurrentHashMap$Node; @ 15 c2
Event: 372.868 Thread 0x00000158794454f0 DEOPT PACKING pc=0x000001581076c57c sp=0x0000001326dfcbc0
Event: 372.868 Thread 0x00000158794454f0 DEOPT UNPACKING pc=0x000001580ffee702 sp=0x0000001326dfc8f0 mode 2

Classes loaded (20 events):
Event: 26.846 Loading class sun/util/resources/LocaleData$LocaleDataResourceBundleProvider done
Event: 26.846 Loading class sun/util/resources/LocaleData$CommonResourceBundleProvider done
Event: 26.883 Loading class java/util/stream/IntStream
Event: 26.885 Loading class java/util/stream/IntStream done
Event: 26.885 Loading class java/util/Spliterators$EmptySpliterator$OfInt
Event: 26.885 Loading class java/util/Spliterator$OfInt
Event: 26.885 Loading class java/util/Spliterator$OfPrimitive
Event: 26.885 Loading class java/util/Spliterator$OfPrimitive done
Event: 26.885 Loading class java/util/Spliterator$OfInt done
Event: 26.885 Loading class java/util/Spliterators$EmptySpliterator$OfInt done
Event: 26.885 Loading class java/util/stream/IntPipeline$Head
Event: 26.885 Loading class java/util/stream/IntPipeline
Event: 26.886 Loading class java/util/stream/IntPipeline done
Event: 26.886 Loading class java/util/stream/IntPipeline$Head done
Event: 27.004 Loading class java/util/stream/Streams$RangeIntSpliterator
Event: 27.004 Loading class java/util/stream/Streams$RangeIntSpliterator done
Event: 371.085 Loading class sun/nio/cs/ISO_8859_1$Decoder
Event: 371.087 Loading class sun/nio/cs/ISO_8859_1$Decoder done
Event: 372.561 Loading class java/util/Collections$UnmodifiableList$1
Event: 372.561 Loading class java/util/Collections$UnmodifiableList$1 done

Classes unloaded (0 events):
No events

Classes redefined (0 events):
No events

Internal exceptions (20 events):
Event: 15.304 Thread 0x00000158794454f0 Exception <a 'java/lang/NoSuchMethodError'{0x0000000718f384c0}: 'java.lang.Object java.lang.invoke.Invokers$Holder.invokeExact_MT(java.lang.Object, java.lang.Object, java.lang.Object, java.lang.Object, java.lang.Object, java.lang.Object)'> (0x0000000718f384c0) 
thrown [s\src\hotspot\share\interpreter\linkResolver.cpp, line 805]
Event: 15.305 Thread 0x00000158794454f0 Implicit null exception at 0x000001581056c7bd to 0x000001581056c950
Event: 15.307 Thread 0x00000158794454f0 Exception <a 'java/lang/NoSuchMethodError'{0x0000000718f516f0}: 'java.lang.Object java.lang.invoke.Invokers$Holder.invokeExact_MT(java.lang.Object, int, java.lang.Object)'> (0x0000000718f516f0) 
thrown [s\src\hotspot\share\interpreter\linkResolver.cpp, line 805]
Event: 18.842 Thread 0x00000158794454f0 Exception <a 'java/lang/NoSuchMethodError'{0x0000000718723e98}: 'void java.lang.invoke.Invokers$Holder.invokeExact_MT(java.lang.Object, java.lang.Object, java.lang.Object, java.lang.Object)'> (0x0000000718723e98) 
thrown [s\src\hotspot\share\interpreter\linkResolver.cpp, line 805]
Event: 18.885 Thread 0x00000158794454f0 Exception <a 'java/lang/NoClassDefFoundError'{0x00000007187c39d8}: com/google/inject/servlet/ServletModuleTargetVisitor> (0x00000007187c39d8) 
thrown [s\src\hotspot\share\classfile\systemDictionary.cpp, line 316]
Event: 21.634 Thread 0x00000158794454f0 Exception <a 'java/lang/NoSuchMethodError'{0x0000000718261c30}: 'void java.lang.invoke.DirectMethodHandle$Holder.invokeVirtual(java.lang.Object, java.lang.Object)'> (0x0000000718261c30) 
thrown [s\src\hotspot\share\interpreter\linkResolver.cpp, line 805]
Event: 21.838 Thread 0x00000158794454f0 Exception <a 'java/lang/NoSuchMethodError'{0x000000071830e7c0}: 'java.lang.Object java.lang.invoke.DirectMethodHandle$Holder.invokeStaticInit(java.lang.Object, int, int, int, int)'> (0x000000071830e7c0) 
thrown [s\src\hotspot\share\interpreter\linkResolver.cpp, line 805]
Event: 22.783 Thread 0x00000158794454f0 Implicit null exception at 0x00000158105a9314 to 0x00000158105a98c8
Event: 22.783 Thread 0x00000158794454f0 Implicit null exception at 0x0000015810540e90 to 0x0000015810541438
Event: 26.429 Thread 0x00000158794454f0 Exception <a 'java/lang/NoSuchMethodError'{0x0000000717ca59c0}: 'void java.lang.invoke.DirectMethodHandle$Holder.invokeSpecial(java.lang.Object, java.lang.Object, java.lang.Object, java.lang.Object, java.lang.Object)'> (0x0000000717ca59c0) 
thrown [s\src\hotspot\share\interpreter\linkResolver.cpp, line 805]
Event: 26.432 Thread 0x00000158794454f0 Exception <a 'java/lang/NoSuchMethodError'{0x0000000717cdef20}: 'void java.lang.invoke.DirectMethodHandle$Holder.invokeSpecial(java.lang.Object, java.lang.Object, java.lang.Object, java.lang.Object, java.lang.Object, java.lang.Object)'> (0x0000000717cdef20) 
thrown [s\src\hotspot\share\interpreter\linkResolver.cpp, line 805]
Event: 26.455 Thread 0x00000158794454f0 Exception <a 'java/lang/NoSuchMethodError'{0x0000000717dd8d28}: 'java.lang.Object java.lang.invoke.DirectMethodHandle$Holder.invokeVirtual(java.lang.Object, java.lang.Object, java.lang.Object)'> (0x0000000717dd8d28) 
thrown [s\src\hotspot\share\interpreter\linkResolver.cpp, line 805]
Event: 26.912 Thread 0x00000158794454f0 Exception <a 'java/lang/NoSuchMethodError'{0x0000000717bdb2c0}: 'void java.lang.invoke.DirectMethodHandle$Holder.invokeVirtual(java.lang.Object, java.lang.Object, int)'> (0x0000000717bdb2c0) 
thrown [s\src\hotspot\share\interpreter\linkResolver.cpp, line 805]
Event: 26.912 Thread 0x00000158794454f0 Exception <a 'java/lang/NoSuchMethodError'{0x0000000717be3a78}: 'void java.lang.invoke.DirectMethodHandle$Holder.invokeSpecial(java.lang.Object, java.lang.Object, java.lang.Object, int)'> (0x0000000717be3a78) 
thrown [s\src\hotspot\share\interpreter\linkResolver.cpp, line 805]
Event: 26.913 Thread 0x00000158794454f0 Exception <a 'java/lang/NoSuchMethodError'{0x0000000717bebdd8}: 'void java.lang.invoke.DelegatingMethodHandle$Holder.reinvoke_L(java.lang.Object, java.lang.Object, int)'> (0x0000000717bebdd8) 
thrown [s\src\hotspot\share\interpreter\linkResolver.cpp, line 805]
Event: 370.258 Thread 0x00000158794454f0 Exception <a 'java/lang/NoSuchMethodError'{0x0000000715479080}: 'int java.lang.invoke.DirectMethodHandle$Holder.invokeSpecialIFC(java.lang.Object, java.lang.Object, java.lang.Object, java.lang.Object)'> (0x0000000715479080) 
thrown [s\src\hotspot\share\interpreter\linkResolver.cpp, line 805]
Event: 372.860 Thread 0x00000158794454f0 Implicit null exception at 0x000001581076b89a to 0x000001581076c564
Event: 372.863 Thread 0x00000158794454f0 Implicit null exception at 0x000001581076b89a to 0x000001581076c564
Event: 372.866 Thread 0x00000158794454f0 Implicit null exception at 0x000001581076b89a to 0x000001581076c564
Event: 372.868 Thread 0x00000158794454f0 Implicit null exception at 0x000001581076b89a to 0x000001581076c564

VM Operations (20 events):
Event: 21.650 Executing VM operation: HandshakeAllThreads (Deoptimize)
Event: 21.650 Executing VM operation: HandshakeAllThreads (Deoptimize) done
Event: 21.965 Executing VM operation: HandshakeAllThreads (Deoptimize)
Event: 21.965 Executing VM operation: HandshakeAllThreads (Deoptimize) done
Event: 22.019 Executing VM operation: HandshakeAllThreads (Deoptimize)
Event: 22.019 Executing VM operation: HandshakeAllThreads (Deoptimize) done
Event: 22.734 Executing VM operation: HandshakeAllThreads (Deoptimize)
Event: 22.734 Executing VM operation: HandshakeAllThreads (Deoptimize) done
Event: 62.748 Executing VM operation: HandshakeAllThreads (HandshakeForDeflation)
Event: 62.748 Executing VM operation: HandshakeAllThreads (HandshakeForDeflation) done
Event: 62.748 Executing VM operation: RendezvousGCThreads
Event: 62.748 Executing VM operation: RendezvousGCThreads done
Event: 363.759 Executing VM operation: HandshakeAllThreads (HandshakeForDeflation)
Event: 363.923 Executing VM operation: HandshakeAllThreads (HandshakeForDeflation) done
Event: 363.923 Executing VM operation: RendezvousGCThreads
Event: 363.923 Executing VM operation: RendezvousGCThreads done
Event: 371.196 Executing VM operation: G1CollectForAllocation (G1 Evacuation Pause)
Event: 371.271 Executing VM operation: G1CollectForAllocation (G1 Evacuation Pause) done
Event: 372.246 Executing VM operation: G1CollectForAllocation (G1 Evacuation Pause)
Event: 372.257 Executing VM operation: G1CollectForAllocation (G1 Evacuation Pause) done

Memory protections (0 events):
No events

Nmethod flushes (0 events):
No events

Events (20 events):
Event: 3.033 Thread 0x00000158794454f0 Thread added: 0x000001587f98b980
Event: 3.033 Thread 0x00000158794454f0 Thread added: 0x000001587f98c4b0
Event: 3.033 Thread 0x00000158794454f0 Thread added: 0x000001587f990a00
Event: 3.177 Thread 0x00000158794454f0 Thread added: 0x000001587f9c9c60
Event: 3.337 Thread 0x00000158794454f0 Thread added: 0x000001581b8cbe50
Event: 3.341 Thread 0x00000158794454f0 Thread added: 0x000001581b8d6dd0
Event: 3.545 Thread 0x000001587f9c9c60 Thread added: 0x000001581b96c1c0
Event: 3.738 Thread 0x000001581b96c1c0 Thread exited: 0x000001581b96c1c0
Event: 4.246 Thread 0x00000158794454f0 Thread added: 0x000001581bb4b850
Event: 4.737 Thread 0x000001581bb4b850 Thread exited: 0x000001581bb4b850
Event: 7.240 Thread 0x000001587f9c9c60 Thread added: 0x00000158616e5820
Event: 7.295 Thread 0x000001587f9c9c60 Thread added: 0x0000015861ae1150
Event: 8.580 Thread 0x0000015861ae1150 Thread exited: 0x0000015861ae1150
Event: 8.581 Thread 0x00000158616e5820 Thread exited: 0x00000158616e5820
Event: 26.881 Thread 0x000001587f9c9c60 Thread added: 0x0000015861b92e60
Event: 27.582 Thread 0x0000015861b92e60 Thread exited: 0x0000015861b92e60
Event: 370.185 Thread 0x000001587f9c9c60 Thread added: 0x0000015861f10b80
Event: 371.934 Thread 0x000001587f9c9c60 Thread added: 0x0000015861e34020
Event: 372.538 Thread 0x0000015861f10b80 Thread exited: 0x0000015861f10b80
Event: 372.538 Thread 0x0000015861e34020 Thread exited: 0x0000015861e34020


Dynamic libraries:
0x00007ff69eb20000 - 0x00007ff69eb2e000 	C:\Program Files\Apache NetBeans\jdk\bin\java.exe
0x00007ffe349e0000 - 0x00007ffe34c48000 	C:\WINDOWS\SYSTEM32\ntdll.dll
0x00007ffe333c0000 - 0x00007ffe33489000 	C:\WINDOWS\System32\KERNEL32.DLL
0x00007ffe320c0000 - 0x00007ffe324ad000 	C:\WINDOWS\System32\KERNELBASE.dll
0x00007ffe324b0000 - 0x00007ffe325fb000 	C:\WINDOWS\System32\ucrtbase.dll
0x00007ffe2eb40000 - 0x00007ffe2eb5e000 	C:\Program Files\Apache NetBeans\jdk\bin\VCRUNTIME140.dll
0x00007ffe22510000 - 0x00007ffe22526000 	C:\Program Files\Apache NetBeans\jdk\bin\jli.dll
0x00007ffe345c0000 - 0x00007ffe3478c000 	C:\WINDOWS\System32\USER32.dll
0x00007ffe1e3d0000 - 0x00007ffe1e66a000 	C:\WINDOWS\WinSxS\amd64_microsoft.windows.common-controls_6595b64144ccf1df_6.0.26100.4484_none_3e0e6d4ce32ef3b3\COMCTL32.dll
0x00007ffe31e60000 - 0x00007ffe31e87000 	C:\WINDOWS\System32\win32u.dll
0x00007ffe33510000 - 0x00007ffe335b9000 	C:\WINDOWS\System32\msvcrt.dll
0x00007ffe33220000 - 0x00007ffe3324b000 	C:\WINDOWS\System32\GDI32.dll
0x00007ffe31d20000 - 0x00007ffe31e57000 	C:\WINDOWS\System32\gdi32full.dll
0x00007ffe31e90000 - 0x00007ffe31f33000 	C:\WINDOWS\System32\msvcp_win.dll
0x00007ffe33650000 - 0x00007ffe3367f000 	C:\WINDOWS\System32\IMM32.DLL
0x00007ffe2eb30000 - 0x00007ffe2eb3c000 	C:\Program Files\Apache NetBeans\jdk\bin\vcruntime140_1.dll
0x00007ffdaffb0000 - 0x00007ffdb003d000 	C:\Program Files\Apache NetBeans\jdk\bin\msvcp140.dll
0x00007ffdad470000 - 0x00007ffdae2ec000 	C:\Program Files\Apache NetBeans\jdk\bin\server\jvm.dll
0x00007ffe33ab0000 - 0x00007ffe33b64000 	C:\WINDOWS\System32\ADVAPI32.dll
0x00007ffe33970000 - 0x00007ffe33a16000 	C:\WINDOWS\System32\sechost.dll
0x00007ffe32c60000 - 0x00007ffe32d78000 	C:\WINDOWS\System32\RPCRT4.dll
0x00007ffe33490000 - 0x00007ffe33504000 	C:\WINDOWS\System32\WS2_32.dll
0x00007ffe31980000 - 0x00007ffe319de000 	C:\WINDOWS\SYSTEM32\POWRPROF.dll
0x00007ffe29b80000 - 0x00007ffe29bb5000 	C:\WINDOWS\SYSTEM32\WINMM.dll
0x00007ffe29bc0000 - 0x00007ffe29bcb000 	C:\WINDOWS\SYSTEM32\VERSION.dll
0x00007ffe31960000 - 0x00007ffe31974000 	C:\WINDOWS\SYSTEM32\UMPDC.dll
0x00007ffe308d0000 - 0x00007ffe308eb000 	C:\WINDOWS\SYSTEM32\kernel.appcore.dll
0x00007ffe23450000 - 0x00007ffe2345a000 	C:\Program Files\Apache NetBeans\jdk\bin\jimage.dll
0x00007ffe2a590000 - 0x00007ffe2a7d1000 	C:\WINDOWS\SYSTEM32\DBGHELP.DLL
0x00007ffe327f0000 - 0x00007ffe32b76000 	C:\WINDOWS\System32\combase.dll
0x00007ffe33b70000 - 0x00007ffe33c50000 	C:\WINDOWS\System32\OLEAUT32.dll
0x00007ffe1caa0000 - 0x00007ffe1cae3000 	C:\WINDOWS\SYSTEM32\dbgcore.DLL
0x00007ffe31b30000 - 0x00007ffe31bc9000 	C:\WINDOWS\System32\bcryptPrimitives.dll
0x00007ffe23460000 - 0x00007ffe2347e000 	C:\Program Files\Apache NetBeans\jdk\bin\java.dll
0x00007ffe33cc0000 - 0x00007ffe33e5e000 	C:\WINDOWS\System32\ole32.dll
0x00007ffe33e70000 - 0x00007ffe345ba000 	C:\WINDOWS\System32\SHELL32.dll
0x00007ffe31f40000 - 0x00007ffe320b4000 	C:\WINDOWS\System32\wintypes.dll
0x00007ffe2f7b0000 - 0x00007ffe3000b000 	C:\WINDOWS\SYSTEM32\windows.storage.dll
0x00007ffe33690000 - 0x00007ffe33785000 	C:\WINDOWS\System32\SHCORE.dll
0x00007ffe32780000 - 0x00007ffe327ea000 	C:\WINDOWS\System32\shlwapi.dll
0x00007ffe31a40000 - 0x00007ffe31a6f000 	C:\WINDOWS\SYSTEM32\profapi.dll
0x00007ffdad390000 - 0x00007ffdad467000 	C:\Program Files\Apache NetBeans\jdk\bin\jsvml.dll
0x00007ffdb6ca0000 - 0x00007ffdb6cb0000 	C:\Program Files\Apache NetBeans\jdk\bin\net.dll
0x00007ffe30e60000 - 0x00007ffe30eca000 	C:\WINDOWS\system32\mswsock.dll
0x00007ffdae6e0000 - 0x00007ffdae6f6000 	C:\Program Files\Apache NetBeans\jdk\bin\nio.dll
0x00007ffdbb7d0000 - 0x00007ffdbb7e7000 	C:\Program Files\Apache NetBeans\jdk\bin\zip.dll
0x00007ffe18eb0000 - 0x00007ffe18ed4000 	C:\Program Files\Apache NetBeans\java\maven\lib\jansi-native\Windows\x86_64\jansi.dll
0x00007ffdb6ba0000 - 0x00007ffdb6bb0000 	C:\Program Files\Apache NetBeans\jdk\bin\verify.dll

JVMTI agents: none

dbghelp: loaded successfully - version: 4.0.5 - missing functions: none
symbol engine: initialized successfully - sym options: 0x614 - pdb path: .;C:\Program Files\Apache NetBeans\jdk\bin;C:\WINDOWS\SYSTEM32;C:\WINDOWS\WinSxS\amd64_microsoft.windows.common-controls_6595b64144ccf1df_6.0.26100.4484_none_3e0e6d4ce32ef3b3;C:\Program Files\Apache NetBeans\jdk\bin\server;C:\Program Files\Apache NetBeans\java\maven\lib\jansi-native\Windows\x86_64

VM Arguments:
jvm_args: --enable-native-access=ALL-UNNAMED -Dclassworlds.conf=C:\Program Files\Apache NetBeans\java\maven\bin\m2.conf -Dmaven.home=C:\Program Files\Apache NetBeans\java\maven -Dlibrary.jansi.path=C:\Program Files\Apache NetBeans\java\maven\lib\jansi-native -Dmaven.multiModuleProjectDirectory=C:\Users\josee\OneDrive\Desktop\Desarrollo de Apps Web\soda-master(prueba1)\soda-master 
java_command: org.codehaus.plexus.classworlds.launcher.Launcher -Dmaven.ext.class.path=C:\Program Files\Apache NetBeans\java\maven-nblib\netbeans-eventspy.jar --no-transfer-progress install
java_class_path (initial): C:\Program Files\Apache NetBeans\java\maven\boot\plexus-classworlds-2.9.0.jar
Launcher Type: SUN_STANDARD

[Global flags]
     intx CICompilerCount                          = 4                                         {product} {ergonomic}
     uint ConcGCThreads                            = 3                                         {product} {ergonomic}
     uint G1ConcRefinementThreads                  = 10                                        {product} {ergonomic}
   size_t G1HeapRegionSize                         = 2097152                                   {product} {ergonomic}
   size_t InitialHeapSize                          = 257949696                                 {product} {ergonomic}
   size_t MarkStackSize                            = 4194304                                   {product} {ergonomic}
   size_t MarkStackSizeMax                         = 536870912                                 {product} {ergonomic}
   size_t MaxHeapSize                              = 4127195136                                {product} {ergonomic}
   size_t MaxNewSize                               = 2474639360                                {product} {ergonomic}
   size_t MinHeapDeltaBytes                        = 2097152                                   {product} {ergonomic}
   size_t MinHeapSize                              = 8388608                                   {product} {ergonomic}
    uintx NonNMethodCodeHeapSize                   = 5832704                                {pd product} {ergonomic}
    uintx NonProfiledCodeHeapSize                  = 122945536                              {pd product} {ergonomic}
    uintx ProfiledCodeHeapSize                     = 122880000                              {pd product} {ergonomic}
    uintx ReservedCodeCacheSize                    = 251658240                              {pd product} {ergonomic}
     bool SegmentedCodeCache                       = true                                      {product} {ergonomic}
   size_t SoftMaxHeapSize                          = 4127195136                             {manageable} {ergonomic}
     bool UseCompressedOops                        = true                           {product lp64_product} {ergonomic}
     bool UseG1GC                                  = true                                      {product} {ergonomic}
     bool UseLargePagesIndividualAllocation        = false                                  {pd product} {ergonomic}

Logging:
Log output configuration:
 #0: stdout all=warning uptime,level,tags foldmultilines=false
 #1: stderr all=off uptime,level,tags foldmultilines=false

Environment Variables:
JAVA_HOME=C:\Program Files\Apache NetBeans\jdk
PATH=C:\Program Files\Common Files\Oracle\Java\javapath;C:\WINDOWS\system32;C:\WINDOWS;C:\WINDOWS\System32\Wbem;C:\WINDOWS\System32\WindowsPowerShell\v1.0\;C:\WINDOWS\System32\OpenSSH\;C:\Users\josee\AppData\Local\Programs\Python\Python312;C:\Users\josee\Downloads\jdk-23_windows-x64_bin.zip\jdk-23.0.1\bin;C:\Program Files\Git\cmd;C:\Users\josee\AppData\Local\Programs\Python\Launcher\;C:\Users\josee\AppData\Local\Microsoft\WindowsApps;C:\Users\josee\AppData\Local\Programs\Microsoft VS Code\bin;C:\Users\josee\AppData\Local\Programs\Python\Python312;C:\Users\josee\AppData\Local\Programs\Python\Python312\Scripts;C:\Users\josee\AppData\Local\GitHubDesktop\bin
USERNAME=josee
OS=Windows_NT
PROCESSOR_IDENTIFIER=AMD64 Family 25 Model 80 Stepping 0, AuthenticAMD
TMP=C:\Users\josee\AppData\Local\Temp
TEMP=C:\Users\josee\AppData\Local\Temp




Periodic native trim disabled

---------------  S Y S T E M  ---------------

OS:
 Windows 11 , 64 bit Build 26100 (10.0.26100.4484)
OS uptime: 0 days 2:25 hours

CPU: total 12 (initial active 12) (12 cores per cpu, 2 threads per core) family 25 model 80 stepping 0 microcode 0xa50000c, cx8, cmov, fxsr, ht, mmx, 3dnowpref, sse, sse2, sse3, ssse3, sse4a, sse4.1, sse4.2, popcnt, lzcnt, tsc, tscinvbit, avx, avx2, aes, erms, clmul, bmi1, bmi2, adx, sha, fma, vzeroupper, clflush, clflushopt, rdtscp, rdpid, fsrm, f16c, pku, cet_ss
Processor Information for the first 12 processors :
  Max Mhz: 3901, Current Mhz: 3901, Mhz Limit: 3901

Memory: 4k page, system-wide physical 15742M (1472M free)
TotalPageFile size 64894M (AvailPageFile size 1116M)
current process WorkingSet (physical memory assigned to process): 222M, peak: 222M
current process commit charge ("private bytes"): 394M, peak: 409M

vm_info: OpenJDK 64-Bit Server VM (24.0.2+12) for windows-amd64 JRE (24.0.2+12) (Zulu24.32+13-CA), built on 2025-07-11T12:45:44Z with MS VC++ 17.1 (VS2022)

END.
