#
# There is insufficient memory for the Java Runtime Environment to continue.
# Native memory allocation (malloc) failed to allocate 1882000 bytes. Error detail: Chunk::new
# Possible reasons:
#   The system is out of physical RAM or swap space
#   This process is running with CompressedOops enabled, and the Java Heap may be blocking the growth of the native heap
# Possible solutions:
#   Reduce memory load on the system
#   Increase physical memory or swap space
#   Check if swap backing store is full
#   Decrease Java heap size (-Xmx/-Xms)
#   Decrease number of Java threads
#   Decrease Java thread stack sizes (-Xss)
#   Set larger code cache with -XX:ReservedCodeCacheSize=
#   JVM is running with Zero Based Compressed Oops mode in which the Java heap is
#     placed in the first 32GB address space. The Java Heap base address is the
#     maximum limit for the native heap growth. Please use -XX:HeapBaseMinAddress
#     to set the Java Heap base and to place the Java Heap above 32GB virtual address.
# This output file may be truncated or incomplete.
#
#  Out of Memory Error (arena.cpp:162), pid=8824, tid=17816
#
# JRE version: OpenJDK Runtime Environment Zulu24.32+13-CA (24.0.2+12) (build 24.0.2+12)
# Java VM: OpenJDK 64-Bit Server VM Zulu24.32+13-CA (24.0.2+12, mixed mode, sharing, tiered, compressed oops, compressed class ptrs, g1 gc, windows-amd64)
# No core dump will be written. Minidumps are not enabled by default on client versions of Windows
#

---------------  S U M M A R Y ------------

Command Line: --enable-native-access=ALL-UNNAMED -Dclassworlds.conf=C:\Program Files\Apache NetBeans\java\maven\bin\m2.conf -Dmaven.home=C:\Program Files\Apache NetBeans\java\maven -Dlibrary.jansi.path=C:\Program Files\Apache NetBeans\java\maven\lib\jansi-native -Dmaven.multiModuleProjectDirectory=C:\Users\josee\OneDrive\Desktop\Desarrollo de Apps Web\soda-master(prueba1)\soda-master org.codehaus.plexus.classworlds.launcher.Launcher -Dmaven.ext.class.path=C:\Program Files\Apache NetBeans\java\maven-nblib\netbeans-eventspy.jar --no-transfer-progress install

Host: AMD Ryzen 5 5600G with Radeon Graphics         , 12 cores, 15G,  Windows 11 , 64 bit Build 26100 (10.0.26100.4484)
Time: Sun Nov  2 17:16:43 2025 Central America Standard Time elapsed time: 376.096238 seconds (0d 0h 6m 16s)

---------------  T H R E A D  ---------------

Current thread (0x00000198eb8861d0):  JavaThread "C2 CompilerThread0" daemon [_thread_in_native, id=17816, stack(0x00000004b8b00000,0x00000004b8c00000) (1024K)]


Current CompileTask:
C2:376096 5550       4       org.eclipse.aether.util.graph.transformer.ConflictResolver$State::pop (76 bytes)

Stack: [0x00000004b8b00000,0x00000004b8c00000]
Native frames: (J=compiled Java code, j=interpreted, Vv=VM code, C=native code)
V  [jvm.dll+0x741329]  (no source info available)
V  [jvm.dll+0x97e243]  (no source info available)
V  [jvm.dll+0x98056d]  (no source info available)
V  [jvm.dll+0x980be3]  (no source info available)
V  [jvm.dll+0x2b5a76]  (no source info available)
V  [jvm.dll+0xd00af]  (no source info available)
V  [jvm.dll+0xd030f]  (no source info available)
V  [jvm.dll+0x15b85f]  (no source info available)
V  [jvm.dll+0x746bef]  (no source info available)
V  [jvm.dll+0x27a478]  (no source info available)
V  [jvm.dll+0x279591]  (no source info available)
V  [jvm.dll+0x1f30fa]  (no source info available)
V  [jvm.dll+0x288d95]  (no source info available)
V  [jvm.dll+0x28702a]  (no source info available)
V  [jvm.dll+0x43e016]  (no source info available)
V  [jvm.dll+0x920c78]  (no source info available)
V  [jvm.dll+0x73fab5]  (no source info available)
C  [ucrtbase.dll+0x37b0]  (no source info available)
C  [KERNEL32.DLL+0x2e8d7]  (no source info available)
C  [ntdll.dll+0x3c34c]  (no source info available)

Lock stack of current Java thread (top to bottom):


---------------  P R O C E S S  ---------------

Threads class SMR info:
_java_thread_list=0x00000198c6555b60, length=13, elements={
0x00000198cc739770, 0x00000198eb881f70, 0x00000198eb8826b0, 0x00000198eb8831e0,
0x00000198eb883d10, 0x00000198eb884840, 0x00000198eb885370, 0x00000198eb8861d0,
0x00000198eb886d50, 0x00000198c5070320, 0x00000198c5071270, 0x00000198c71ef650,
0x00000198c71eba80
}

Java Threads: ( => current thread )
  0x00000198cc739770 JavaThread "main"                              [_thread_in_native, id=22564, stack(0x00000004b7d00000,0x00000004b7e00000) (1024K)]
  0x00000198eb881f70 JavaThread "Reference Handler"          daemon [_thread_blocked, id=8652, stack(0x00000004b8500000,0x00000004b8600000) (1024K)]
  0x00000198eb8826b0 JavaThread "Finalizer"                  daemon [_thread_blocked, id=4988, stack(0x00000004b8600000,0x00000004b8700000) (1024K)]
  0x00000198eb8831e0 JavaThread "Signal Dispatcher"          daemon [_thread_blocked, id=19024, stack(0x00000004b8700000,0x00000004b8800000) (1024K)]
  0x00000198eb883d10 JavaThread "Attach Listener"            daemon [_thread_blocked, id=9412, stack(0x00000004b8800000,0x00000004b8900000) (1024K)]
  0x00000198eb884840 JavaThread "Service Thread"             daemon [_thread_blocked, id=9836, stack(0x00000004b8900000,0x00000004b8a00000) (1024K)]
  0x00000198eb885370 JavaThread "Monitor Deflation Thread"   daemon [_thread_blocked, id=17504, stack(0x00000004b8a00000,0x00000004b8b00000) (1024K)]
=>0x00000198eb8861d0 JavaThread "C2 CompilerThread0"         daemon [_thread_in_native, id=17816, stack(0x00000004b8b00000,0x00000004b8c00000) (1024K)]
  0x00000198eb886d50 JavaThread "C1 CompilerThread0"         daemon [_thread_blocked, id=9220, stack(0x00000004b8c00000,0x00000004b8d00000) (1024K)]
  0x00000198c5070320 JavaThread "Notification Thread"        daemon [_thread_blocked, id=1864, stack(0x00000004b8d00000,0x00000004b8e00000) (1024K)]
  0x00000198c5071270 JavaThread "Common-Cleaner"             daemon [_thread_blocked, id=7220, stack(0x00000004b8e00000,0x00000004b8f00000) (1024K)]
  0x00000198c71ef650 JavaThread "C2 CompilerThread1"         daemon [_thread_in_native, id=26148, stack(0x00000004b7c00000,0x00000004b7d00000) (1024K)]
  0x00000198c71eba80 JavaThread "C2 CompilerThread2"         daemon [_thread_blocked, id=34736, stack(0x00000004b9800000,0x00000004b9900000) (1024K)]
Total: 13

Other Threads:
  0x00000198eb8717a0 VMThread "VM Thread"                           [id=15380, stack(0x00000004b8400000,0x00000004b8500000) (1024K)]
  0x00000198eb862be0 WatcherThread "VM Periodic Task Thread"        [id=17028, stack(0x00000004b8300000,0x00000004b8400000) (1024K)]
  0x00000198cc7a1a00 WorkerThread "GC Thread#0"                     [id=3848, stack(0x00000004b7e00000,0x00000004b7f00000) (1024K)]
  0x00000198c5218300 WorkerThread "GC Thread#1"                     [id=25820, stack(0x00000004b8f00000,0x00000004b9000000) (1024K)]
  0x00000198c52186b0 WorkerThread "GC Thread#2"                     [id=8232, stack(0x00000004b9000000,0x00000004b9100000) (1024K)]
  0x00000198c5218a60 WorkerThread "GC Thread#3"                     [id=6836, stack(0x00000004b9100000,0x00000004b9200000) (1024K)]
  0x00000198c5218e10 WorkerThread "GC Thread#4"                     [id=25856, stack(0x00000004b9200000,0x00000004b9300000) (1024K)]
  0x00000198c5c47e40 WorkerThread "GC Thread#5"                     [id=34500, stack(0x00000004b9300000,0x00000004b9400000) (1024K)]
  0x00000198c5c48950 WorkerThread "GC Thread#6"                     [id=19496, stack(0x00000004b9400000,0x00000004b9500000) (1024K)]
  0x00000198c664b7d0 WorkerThread "GC Thread#7"                     [id=32608, stack(0x00000004b9500000,0x00000004b9600000) (1024K)]
  0x00000198c664d1a0 WorkerThread "GC Thread#8"                     [id=34632, stack(0x00000004b9600000,0x00000004b9700000) (1024K)]
  0x00000198c664d550 WorkerThread "GC Thread#9"                     [id=1852, stack(0x00000004b9700000,0x00000004b9800000) (1024K)]
  0x00000198cc7d01c0 ConcurrentGCThread "G1 Main Marker"            [id=6088, stack(0x00000004b7f00000,0x00000004b8000000) (1024K)]
  0x00000198cc7d2b90 WorkerThread "G1 Conc#0"                       [id=18444, stack(0x00000004b8000000,0x00000004b8100000) (1024K)]
  0x00000198eb72a0a0 ConcurrentGCThread "G1 Refine#0"               [id=24136, stack(0x00000004b8100000,0x00000004b8200000) (1024K)]
  0x00000198eb72a9c0 ConcurrentGCThread "G1 Service"                [id=23444, stack(0x00000004b8200000,0x00000004b8300000) (1024K)]
Total: 16

Threads with active compile tasks:
C2 CompilerThread0  377139 5550       4       org.eclipse.aether.util.graph.transformer.ConflictResolver$State::pop (76 bytes)
C2 CompilerThread1  377139 5535       4       org.eclipse.aether.util.graph.transformer.ConflictResolver::gatherConflictItems (111 bytes)
Total: 2

VM state: not at safepoint (normal execution)

VM Mutex/Monitor currently owned by a thread: None

Heap address: 0x000000070a000000, size: 3936 MB, Compressed Oops mode: Zero based, Oop shift amount: 3

CDS archive(s) mapped at: [0x0000019880000000-0x0000019880d40000-0x0000019880d40000), size 13893632, SharedBaseAddress: 0x0000019880000000, ArchiveRelocationMode: 1.
Compressed class space mapped at: 0x0000019881000000-0x00000198c1000000, reserved size: 1073741824
UseCompressedClassPointers 1, UseCompactObjectHeaders 0
Narrow klass pointer bits 32, Max shift 3
Narrow klass base: 0x0000019880000000, Narrow klass shift: 0
Encoding Range: [0x0000019880000000 - 0x0000019980000000), (4294967296 bytes)
Klass Range:    [0x0000019880000000 - 0x00000198c1000000), (1090519040 bytes)
Klass ID Range:  [8 - 1090519033) (1090519025)

GC Precious Log:
 CardTable entry size: 512
 Card Set container configuration: InlinePtr #cards 4 size 8 Array Of Cards #cards 16 size 48 Howl #buckets 8 coarsen threshold 3686 Howl Bitmap #cards 512 size 80 coarsen threshold 460 Card regions per heap region 1 cards per card region 4096
 CPUs: 12 total, 12 available
 Memory: 15742M
 Large Page Support: Disabled
 NUMA Support: Disabled
 Compressed Oops: Enabled (Zero based)
 Heap Region Size: 2M
 Heap Min Capacity: 8M
 Heap Initial Capacity: 246M
 Heap Max Capacity: 3936M
 Pre-touch: Disabled
 Parallel Workers: 10
 Concurrent Workers: 3
 Concurrent Refinement Workers: 10
 Periodic GC: Disabled

Heap:
 garbage-first heap   total reserved 4030464K, committed 253952K, used 20611K [0x000000070a000000, 0x0000000800000000)
  region size 2048K, 4 young (8192K), 3 survivors (6144K)
 Metaspace       used 16918K, committed 17216K, reserved 1114112K
  class space    used 1572K, committed 1664K, reserved 1048576K

Heap Regions: E=young(eden), S=young(survivor), O=old, HS=humongous(starts), HC=humongous(continues), CS=collection set, F=free, TAMS=top-at-mark-start, PB=parsable bottom
|   0|0x000000070a000000, 0x000000070a200000, 0x000000070a200000|100%| O|  |TAMS 0x000000070a000000| PB 0x000000070a000000| Untracked |  0
|   1|0x000000070a200000, 0x000000070a400000, 0x000000070a400000|100%| O|  |TAMS 0x000000070a200000| PB 0x000000070a200000| Untracked |  0
|   2|0x000000070a400000, 0x000000070a600000, 0x000000070a600000|100%| O|  |TAMS 0x000000070a400000| PB 0x000000070a400000| Untracked |  0
|   3|0x000000070a600000, 0x000000070a800000, 0x000000070a800000|100%| O|  |TAMS 0x000000070a600000| PB 0x000000070a600000| Untracked |  0
|   4|0x000000070a800000, 0x000000070aa00000, 0x000000070aa00000|100%| O|  |TAMS 0x000000070a800000| PB 0x000000070a800000| Untracked |  0
|   5|0x000000070aa00000, 0x000000070ac00000, 0x000000070ac00000|100%| O|  |TAMS 0x000000070aa00000| PB 0x000000070aa00000| Untracked |  0
|   6|0x000000070ac00000, 0x000000070ada3400, 0x000000070ae00000| 81%| O|  |TAMS 0x000000070ac00000| PB 0x000000070ac00000| Untracked |  0
|   7|0x000000070ae00000, 0x000000070ae00000, 0x000000070b000000|  0%| F|  |TAMS 0x000000070ae00000| PB 0x000000070ae00000| Untracked |  0
|   8|0x000000070b000000, 0x000000070b000000, 0x000000070b200000|  0%| F|  |TAMS 0x000000070b000000| PB 0x000000070b000000| Untracked |  0
|   9|0x000000070b200000, 0x000000070b200000, 0x000000070b400000|  0%| F|  |TAMS 0x000000070b200000| PB 0x000000070b200000| Untracked |  0
|  10|0x000000070b400000, 0x000000070b400000, 0x000000070b600000|  0%| F|  |TAMS 0x000000070b400000| PB 0x000000070b400000| Untracked |  0
|  11|0x000000070b600000, 0x000000070b600000, 0x000000070b800000|  0%| F|  |TAMS 0x000000070b600000| PB 0x000000070b600000| Untracked |  0
|  12|0x000000070b800000, 0x000000070b800000, 0x000000070ba00000|  0%| F|  |TAMS 0x000000070b800000| PB 0x000000070b800000| Untracked |  0
|  13|0x000000070ba00000, 0x000000070ba00000, 0x000000070bc00000|  0%| F|  |TAMS 0x000000070ba00000| PB 0x000000070ba00000| Untracked |  0
|  14|0x000000070bc00000, 0x000000070bc00000, 0x000000070be00000|  0%| F|  |TAMS 0x000000070bc00000| PB 0x000000070bc00000| Untracked |  0
|  15|0x000000070be00000, 0x000000070be00000, 0x000000070c000000|  0%| F|  |TAMS 0x000000070be00000| PB 0x000000070be00000| Untracked |  0
|  16|0x000000070c000000, 0x000000070c000000, 0x000000070c200000|  0%| F|  |TAMS 0x000000070c000000| PB 0x000000070c000000| Untracked |  0
|  17|0x000000070c200000, 0x000000070c200000, 0x000000070c400000|  0%| F|  |TAMS 0x000000070c200000| PB 0x000000070c200000| Untracked |  0
|  18|0x000000070c400000, 0x000000070c400000, 0x000000070c600000|  0%| F|  |TAMS 0x000000070c400000| PB 0x000000070c400000| Untracked |  0
|  19|0x000000070c600000, 0x000000070c600000, 0x000000070c800000|  0%| F|  |TAMS 0x000000070c600000| PB 0x000000070c600000| Untracked |  0
|  20|0x000000070c800000, 0x000000070c800000, 0x000000070ca00000|  0%| F|  |TAMS 0x000000070c800000| PB 0x000000070c800000| Untracked |  0
|  21|0x000000070ca00000, 0x000000070ca00000, 0x000000070cc00000|  0%| F|  |TAMS 0x000000070ca00000| PB 0x000000070ca00000| Untracked |  0
|  22|0x000000070cc00000, 0x000000070cc00000, 0x000000070ce00000|  0%| F|  |TAMS 0x000000070cc00000| PB 0x000000070cc00000| Untracked |  0
|  23|0x000000070ce00000, 0x000000070ce00000, 0x000000070d000000|  0%| F|  |TAMS 0x000000070ce00000| PB 0x000000070ce00000| Untracked |  0
|  24|0x000000070d000000, 0x000000070d000000, 0x000000070d200000|  0%| F|  |TAMS 0x000000070d000000| PB 0x000000070d000000| Untracked |  0
|  25|0x000000070d200000, 0x000000070d200000, 0x000000070d400000|  0%| F|  |TAMS 0x000000070d200000| PB 0x000000070d200000| Untracked |  0
|  26|0x000000070d400000, 0x000000070d400000, 0x000000070d600000|  0%| F|  |TAMS 0x000000070d400000| PB 0x000000070d400000| Untracked |  0
|  27|0x000000070d600000, 0x000000070d600000, 0x000000070d800000|  0%| F|  |TAMS 0x000000070d600000| PB 0x000000070d600000| Untracked |  0
|  28|0x000000070d800000, 0x000000070d800000, 0x000000070da00000|  0%| F|  |TAMS 0x000000070d800000| PB 0x000000070d800000| Untracked |  0
|  29|0x000000070da00000, 0x000000070da00000, 0x000000070dc00000|  0%| F|  |TAMS 0x000000070da00000| PB 0x000000070da00000| Untracked |  0
|  30|0x000000070dc00000, 0x000000070dc00000, 0x000000070de00000|  0%| F|  |TAMS 0x000000070dc00000| PB 0x000000070dc00000| Untracked |  0
|  31|0x000000070de00000, 0x000000070de00000, 0x000000070e000000|  0%| F|  |TAMS 0x000000070de00000| PB 0x000000070de00000| Untracked |  0
|  32|0x000000070e000000, 0x000000070e000000, 0x000000070e200000|  0%| F|  |TAMS 0x000000070e000000| PB 0x000000070e000000| Untracked |  0
|  33|0x000000070e200000, 0x000000070e200000, 0x000000070e400000|  0%| F|  |TAMS 0x000000070e200000| PB 0x000000070e200000| Untracked |  0
|  34|0x000000070e400000, 0x000000070e400000, 0x000000070e600000|  0%| F|  |TAMS 0x000000070e400000| PB 0x000000070e400000| Untracked |  0
|  35|0x000000070e600000, 0x000000070e600000, 0x000000070e800000|  0%| F|  |TAMS 0x000000070e600000| PB 0x000000070e600000| Untracked |  0
|  36|0x000000070e800000, 0x000000070e800000, 0x000000070ea00000|  0%| F|  |TAMS 0x000000070e800000| PB 0x000000070e800000| Untracked |  0
|  37|0x000000070ea00000, 0x000000070ea00000, 0x000000070ec00000|  0%| F|  |TAMS 0x000000070ea00000| PB 0x000000070ea00000| Untracked |  0
|  38|0x000000070ec00000, 0x000000070ec00000, 0x000000070ee00000|  0%| F|  |TAMS 0x000000070ec00000| PB 0x000000070ec00000| Untracked |  0
|  39|0x000000070ee00000, 0x000000070ee00000, 0x000000070f000000|  0%| F|  |TAMS 0x000000070ee00000| PB 0x000000070ee00000| Untracked |  0
|  40|0x000000070f000000, 0x000000070f000000, 0x000000070f200000|  0%| F|  |TAMS 0x000000070f000000| PB 0x000000070f000000| Untracked |  0
|  41|0x000000070f200000, 0x000000070f200000, 0x000000070f400000|  0%| F|  |TAMS 0x000000070f200000| PB 0x000000070f200000| Untracked |  0
|  42|0x000000070f400000, 0x000000070f400000, 0x000000070f600000|  0%| F|  |TAMS 0x000000070f400000| PB 0x000000070f400000| Untracked |  0
|  43|0x000000070f600000, 0x000000070f600000, 0x000000070f800000|  0%| F|  |TAMS 0x000000070f600000| PB 0x000000070f600000| Untracked |  0
|  44|0x000000070f800000, 0x000000070f800000, 0x000000070fa00000|  0%| F|  |TAMS 0x000000070f800000| PB 0x000000070f800000| Untracked |  0
|  45|0x000000070fa00000, 0x000000070fa00000, 0x000000070fc00000|  0%| F|  |TAMS 0x000000070fa00000| PB 0x000000070fa00000| Untracked |  0
|  46|0x000000070fc00000, 0x000000070fc00000, 0x000000070fe00000|  0%| F|  |TAMS 0x000000070fc00000| PB 0x000000070fc00000| Untracked |  0
|  47|0x000000070fe00000, 0x000000070fe00000, 0x0000000710000000|  0%| F|  |TAMS 0x000000070fe00000| PB 0x000000070fe00000| Untracked |  0
|  48|0x0000000710000000, 0x0000000710000000, 0x0000000710200000|  0%| F|  |TAMS 0x0000000710000000| PB 0x0000000710000000| Untracked |  0
|  49|0x0000000710200000, 0x0000000710200000, 0x0000000710400000|  0%| F|  |TAMS 0x0000000710200000| PB 0x0000000710200000| Untracked |  0
|  50|0x0000000710400000, 0x0000000710400000, 0x0000000710600000|  0%| F|  |TAMS 0x0000000710400000| PB 0x0000000710400000| Untracked |  0
|  51|0x0000000710600000, 0x0000000710600000, 0x0000000710800000|  0%| F|  |TAMS 0x0000000710600000| PB 0x0000000710600000| Untracked |  0
|  52|0x0000000710800000, 0x0000000710800000, 0x0000000710a00000|  0%| F|  |TAMS 0x0000000710800000| PB 0x0000000710800000| Untracked |  0
|  53|0x0000000710a00000, 0x0000000710b616c0, 0x0000000710c00000| 69%| S|CS|TAMS 0x0000000710a00000| PB 0x0000000710a00000| Complete |  0
|  54|0x0000000710c00000, 0x0000000710e00000, 0x0000000710e00000|100%| S|CS|TAMS 0x0000000710c00000| PB 0x0000000710c00000| Complete |  0
|  55|0x0000000710e00000, 0x0000000711000000, 0x0000000711000000|100%| S|CS|TAMS 0x0000000710e00000| PB 0x0000000710e00000| Complete |  0
|  56|0x0000000711000000, 0x0000000711000000, 0x0000000711200000|  0%| F|  |TAMS 0x0000000711000000| PB 0x0000000711000000| Untracked |  0
|  57|0x0000000711200000, 0x0000000711200000, 0x0000000711400000|  0%| F|  |TAMS 0x0000000711200000| PB 0x0000000711200000| Untracked |  0
|  58|0x0000000711400000, 0x0000000711400000, 0x0000000711600000|  0%| F|  |TAMS 0x0000000711400000| PB 0x0000000711400000| Untracked |  0
|  59|0x0000000711600000, 0x0000000711600000, 0x0000000711800000|  0%| F|  |TAMS 0x0000000711600000| PB 0x0000000711600000| Untracked |  0
|  60|0x0000000711800000, 0x0000000711800000, 0x0000000711a00000|  0%| F|  |TAMS 0x0000000711800000| PB 0x0000000711800000| Untracked |  0
|  61|0x0000000711a00000, 0x0000000711a00000, 0x0000000711c00000|  0%| F|  |TAMS 0x0000000711a00000| PB 0x0000000711a00000| Untracked |  0
|  62|0x0000000711c00000, 0x0000000711c00000, 0x0000000711e00000|  0%| F|  |TAMS 0x0000000711c00000| PB 0x0000000711c00000| Untracked |  0
|  63|0x0000000711e00000, 0x0000000711e00000, 0x0000000712000000|  0%| F|  |TAMS 0x0000000711e00000| PB 0x0000000711e00000| Untracked |  0
|  64|0x0000000712000000, 0x0000000712000000, 0x0000000712200000|  0%| F|  |TAMS 0x0000000712000000| PB 0x0000000712000000| Untracked |  0
|  65|0x0000000712200000, 0x0000000712200000, 0x0000000712400000|  0%| F|  |TAMS 0x0000000712200000| PB 0x0000000712200000| Untracked |  0
|  66|0x0000000712400000, 0x0000000712400000, 0x0000000712600000|  0%| F|  |TAMS 0x0000000712400000| PB 0x0000000712400000| Untracked |  0
|  67|0x0000000712600000, 0x0000000712600000, 0x0000000712800000|  0%| F|  |TAMS 0x0000000712600000| PB 0x0000000712600000| Untracked |  0
|  68|0x0000000712800000, 0x0000000712800000, 0x0000000712a00000|  0%| F|  |TAMS 0x0000000712800000| PB 0x0000000712800000| Untracked |  0
|  69|0x0000000712a00000, 0x0000000712a00000, 0x0000000712c00000|  0%| F|  |TAMS 0x0000000712a00000| PB 0x0000000712a00000| Untracked |  0
|  70|0x0000000712c00000, 0x0000000712c00000, 0x0000000712e00000|  0%| F|  |TAMS 0x0000000712c00000| PB 0x0000000712c00000| Untracked |  0
|  71|0x0000000712e00000, 0x0000000712e00000, 0x0000000713000000|  0%| F|  |TAMS 0x0000000712e00000| PB 0x0000000712e00000| Untracked |  0
|  72|0x0000000713000000, 0x0000000713000000, 0x0000000713200000|  0%| F|  |TAMS 0x0000000713000000| PB 0x0000000713000000| Untracked |  0
|  73|0x0000000713200000, 0x0000000713200000, 0x0000000713400000|  0%| F|  |TAMS 0x0000000713200000| PB 0x0000000713200000| Untracked |  0
|  74|0x0000000713400000, 0x0000000713400000, 0x0000000713600000|  0%| F|  |TAMS 0x0000000713400000| PB 0x0000000713400000| Untracked |  0
|  75|0x0000000713600000, 0x0000000713600000, 0x0000000713800000|  0%| F|  |TAMS 0x0000000713600000| PB 0x0000000713600000| Untracked |  0
|  76|0x0000000713800000, 0x0000000713800000, 0x0000000713a00000|  0%| F|  |TAMS 0x0000000713800000| PB 0x0000000713800000| Untracked |  0
|  77|0x0000000713a00000, 0x0000000713a00000, 0x0000000713c00000|  0%| F|  |TAMS 0x0000000713a00000| PB 0x0000000713a00000| Untracked |  0
|  78|0x0000000713c00000, 0x0000000713c00000, 0x0000000713e00000|  0%| F|  |TAMS 0x0000000713c00000| PB 0x0000000713c00000| Untracked |  0
|  79|0x0000000713e00000, 0x0000000713e00000, 0x0000000714000000|  0%| F|  |TAMS 0x0000000713e00000| PB 0x0000000713e00000| Untracked |  0
|  80|0x0000000714000000, 0x0000000714000000, 0x0000000714200000|  0%| F|  |TAMS 0x0000000714000000| PB 0x0000000714000000| Untracked |  0
|  81|0x0000000714200000, 0x0000000714200000, 0x0000000714400000|  0%| F|  |TAMS 0x0000000714200000| PB 0x0000000714200000| Untracked |  0
|  82|0x0000000714400000, 0x0000000714400000, 0x0000000714600000|  0%| F|  |TAMS 0x0000000714400000| PB 0x0000000714400000| Untracked |  0
|  83|0x0000000714600000, 0x0000000714600000, 0x0000000714800000|  0%| F|  |TAMS 0x0000000714600000| PB 0x0000000714600000| Untracked |  0
|  84|0x0000000714800000, 0x0000000714800000, 0x0000000714a00000|  0%| F|  |TAMS 0x0000000714800000| PB 0x0000000714800000| Untracked |  0
|  85|0x0000000714a00000, 0x0000000714a00000, 0x0000000714c00000|  0%| F|  |TAMS 0x0000000714a00000| PB 0x0000000714a00000| Untracked |  0
|  86|0x0000000714c00000, 0x0000000714c00000, 0x0000000714e00000|  0%| F|  |TAMS 0x0000000714c00000| PB 0x0000000714c00000| Untracked |  0
|  87|0x0000000714e00000, 0x0000000714e00000, 0x0000000715000000|  0%| F|  |TAMS 0x0000000714e00000| PB 0x0000000714e00000| Untracked |  0
|  88|0x0000000715000000, 0x0000000715000000, 0x0000000715200000|  0%| F|  |TAMS 0x0000000715000000| PB 0x0000000715000000| Untracked |  0
|  89|0x0000000715200000, 0x0000000715200000, 0x0000000715400000|  0%| F|  |TAMS 0x0000000715200000| PB 0x0000000715200000| Untracked |  0
|  90|0x0000000715400000, 0x0000000715400000, 0x0000000715600000|  0%| F|  |TAMS 0x0000000715400000| PB 0x0000000715400000| Untracked |  0
|  91|0x0000000715600000, 0x0000000715600000, 0x0000000715800000|  0%| F|  |TAMS 0x0000000715600000| PB 0x0000000715600000| Untracked |  0
|  92|0x0000000715800000, 0x0000000715800000, 0x0000000715a00000|  0%| F|  |TAMS 0x0000000715800000| PB 0x0000000715800000| Untracked |  0
|  93|0x0000000715a00000, 0x0000000715a00000, 0x0000000715c00000|  0%| F|  |TAMS 0x0000000715a00000| PB 0x0000000715a00000| Untracked |  0
|  94|0x0000000715c00000, 0x0000000715c00000, 0x0000000715e00000|  0%| F|  |TAMS 0x0000000715c00000| PB 0x0000000715c00000| Untracked |  0
|  95|0x0000000715e00000, 0x0000000715e00000, 0x0000000716000000|  0%| F|  |TAMS 0x0000000715e00000| PB 0x0000000715e00000| Untracked |  0
|  96|0x0000000716000000, 0x0000000716000000, 0x0000000716200000|  0%| F|  |TAMS 0x0000000716000000| PB 0x0000000716000000| Untracked |  0
|  97|0x0000000716200000, 0x0000000716200000, 0x0000000716400000|  0%| F|  |TAMS 0x0000000716200000| PB 0x0000000716200000| Untracked |  0
|  98|0x0000000716400000, 0x0000000716400000, 0x0000000716600000|  0%| F|  |TAMS 0x0000000716400000| PB 0x0000000716400000| Untracked |  0
|  99|0x0000000716600000, 0x0000000716600000, 0x0000000716800000|  0%| F|  |TAMS 0x0000000716600000| PB 0x0000000716600000| Untracked |  0
| 100|0x0000000716800000, 0x0000000716800000, 0x0000000716a00000|  0%| F|  |TAMS 0x0000000716800000| PB 0x0000000716800000| Untracked |  0
| 101|0x0000000716a00000, 0x0000000716a00000, 0x0000000716c00000|  0%| F|  |TAMS 0x0000000716a00000| PB 0x0000000716a00000| Untracked |  0
| 102|0x0000000716c00000, 0x0000000716c00000, 0x0000000716e00000|  0%| F|  |TAMS 0x0000000716c00000| PB 0x0000000716c00000| Untracked |  0
| 103|0x0000000716e00000, 0x0000000716e00000, 0x0000000717000000|  0%| F|  |TAMS 0x0000000716e00000| PB 0x0000000716e00000| Untracked |  0
| 104|0x0000000717000000, 0x0000000717000000, 0x0000000717200000|  0%| F|  |TAMS 0x0000000717000000| PB 0x0000000717000000| Untracked |  0
| 105|0x0000000717200000, 0x0000000717200000, 0x0000000717400000|  0%| F|  |TAMS 0x0000000717200000| PB 0x0000000717200000| Untracked |  0
| 106|0x0000000717400000, 0x0000000717400000, 0x0000000717600000|  0%| F|  |TAMS 0x0000000717400000| PB 0x0000000717400000| Untracked |  0
| 107|0x0000000717600000, 0x0000000717600000, 0x0000000717800000|  0%| F|  |TAMS 0x0000000717600000| PB 0x0000000717600000| Untracked |  0
| 108|0x0000000717800000, 0x0000000717800000, 0x0000000717a00000|  0%| F|  |TAMS 0x0000000717800000| PB 0x0000000717800000| Untracked |  0
| 109|0x0000000717a00000, 0x0000000717a00000, 0x0000000717c00000|  0%| F|  |TAMS 0x0000000717a00000| PB 0x0000000717a00000| Untracked |  0
| 110|0x0000000717c00000, 0x0000000717c00000, 0x0000000717e00000|  0%| F|  |TAMS 0x0000000717c00000| PB 0x0000000717c00000| Untracked |  0
| 111|0x0000000717e00000, 0x0000000717e00000, 0x0000000718000000|  0%| F|  |TAMS 0x0000000717e00000| PB 0x0000000717e00000| Untracked |  0
| 112|0x0000000718000000, 0x0000000718000000, 0x0000000718200000|  0%| F|  |TAMS 0x0000000718000000| PB 0x0000000718000000| Untracked |  0
| 113|0x0000000718200000, 0x0000000718200000, 0x0000000718400000|  0%| F|  |TAMS 0x0000000718200000| PB 0x0000000718200000| Untracked |  0
| 114|0x0000000718400000, 0x0000000718400000, 0x0000000718600000|  0%| F|  |TAMS 0x0000000718400000| PB 0x0000000718400000| Untracked |  0
| 115|0x0000000718600000, 0x0000000718600000, 0x0000000718800000|  0%| F|  |TAMS 0x0000000718600000| PB 0x0000000718600000| Untracked |  0
| 116|0x0000000718800000, 0x0000000718800000, 0x0000000718a00000|  0%| F|  |TAMS 0x0000000718800000| PB 0x0000000718800000| Untracked |  0
| 117|0x0000000718a00000, 0x0000000718a00000, 0x0000000718c00000|  0%| F|  |TAMS 0x0000000718a00000| PB 0x0000000718a00000| Untracked |  0
| 118|0x0000000718c00000, 0x0000000718c00000, 0x0000000718e00000|  0%| F|  |TAMS 0x0000000718c00000| PB 0x0000000718c00000| Untracked |  0
| 119|0x0000000718e00000, 0x0000000718e00000, 0x0000000719000000|  0%| F|  |TAMS 0x0000000718e00000| PB 0x0000000718e00000| Untracked |  0
| 120|0x0000000719000000, 0x0000000719000000, 0x0000000719200000|  0%| F|  |TAMS 0x0000000719000000| PB 0x0000000719000000| Untracked |  0
| 121|0x0000000719200000, 0x0000000719200000, 0x0000000719400000|  0%| F|  |TAMS 0x0000000719200000| PB 0x0000000719200000| Untracked |  0
| 122|0x0000000719400000, 0x0000000719500000, 0x0000000719600000| 50%| E|  |TAMS 0x0000000719400000| PB 0x0000000719400000| Complete |  0
|1967|0x00000007ffe00000, 0x00000007fff1c318, 0x0000000800000000| 55%| O|  |TAMS 0x00000007ffe00000| PB 0x00000007ffe00000| Untracked |  0

Card table byte_map: [0x00000198e4f40000,0x00000198e56f0000] _byte_map_base: 0x00000198e16f0000

Marking Bits: (CMBitMap*) 0x00000198cc7a2110
 Bits: [0x00000198e56f0000, 0x00000198e9470000)

Polling page: 0x00000198ca600000

Metaspace:

Usage:
  Non-class:     14.99 MB used.
      Class:      1.54 MB used.
       Both:     16.52 MB used.

Virtual space:
  Non-class space:       64.00 MB reserved,      15.19 MB ( 24%) committed,  1 nodes.
      Class space:        1.00 GB reserved,       1.62 MB ( <1%) committed,  1 nodes.
             Both:        1.06 GB reserved,      16.81 MB (  2%) committed. 

Chunk freelists:
   Non-Class:  15.98 MB
       Class:  14.31 MB
        Both:  30.30 MB

MaxMetaspaceSize: unlimited
CompressedClassSpaceSize: 1.00 GB
Initial GC threshold: 21.00 MB
Current GC threshold: 21.00 MB
CDS: on
 - commit_granule_bytes: 65536.
 - commit_granule_words: 8192.
 - virtual_space_node_default_size: 8388608.
 - enlarge_chunks_in_place: 1.
UseCompressedClassPointers 1, UseCompactObjectHeaders 0
Narrow klass pointer bits 32, Max shift 3
Narrow klass base: 0x0000019880000000, Narrow klass shift: 0
Encoding Range: [0x0000019880000000 - 0x0000019980000000), (4294967296 bytes)
Klass Range:    [0x0000019880000000 - 0x00000198c1000000), (1090519040 bytes)
Klass ID Range:  [8 - 1090519033) (1090519025)


Internal statistics:

num_allocs_failed_limit: 0.
num_arena_births: 190.
num_arena_deaths: 0.
num_vsnodes_births: 2.
num_vsnodes_deaths: 0.
num_space_committed: 269.
num_space_uncommitted: 0.
num_chunks_returned_to_freelist: 0.
num_chunks_taken_from_freelist: 775.
num_chunk_merges: 0.
num_chunk_splits: 522.
num_chunks_enlarged: 412.
num_inconsistent_stats: 0.

CodeHeap 'non-profiled nmethods': size=120064Kb used=2790Kb max_used=2790Kb free=117273Kb
 bounds [0x00000198dcd00000, 0x00000198dcfc0000, 0x00000198e4240000]
CodeHeap 'profiled nmethods': size=120000Kb used=10325Kb max_used=10325Kb free=109674Kb
 bounds [0x00000198d5240000, 0x00000198d5c60000, 0x00000198dc770000]
CodeHeap 'non-nmethods': size=5696Kb used=1346Kb max_used=1483Kb free=4349Kb
 bounds [0x00000198dc770000, 0x00000198dc9e0000, 0x00000198dcd00000]
CodeCache: size=245760Kb, used=14461Kb, max_used=14598Kb, free=231296Kb
 total_blobs=6070, nmethods=5566, adapters=407, full_count=0
Compilation: enabled, stopped_count=0, restarted_count=0

Compilation events (20 events):
Event: 375.062 Thread 0x00000198eb886d50 5566       3       org.eclipse.aether.util.filter.AndDependencyFilter::accept (63 bytes)
Event: 375.062 Thread 0x00000198eb886d50 nmethod 5566 0x00000198d5c53d88 code [0x00000198d5c53f40, 0x00000198d5c54828]
Event: 375.062 Thread 0x00000198eb886d50 5567       1       org.eclipse.aether.graph.DefaultDependencyNode::getRepositories (5 bytes)
Event: 375.062 Thread 0x00000198eb886d50 nmethod 5567 0x00000198dcfaeb08 code [0x00000198dcfaec00, 0x00000198dcfaecc8]
Event: 375.062 Thread 0x00000198eb886d50 5568       1       org.eclipse.aether.internal.impl.ArtifactRequestBuilder::visitLeave (2 bytes)
Event: 375.063 Thread 0x00000198eb886d50 nmethod 5568 0x00000198dcfaee08 code [0x00000198dcfaef00, 0x00000198dcfaefc8]
Event: 375.063 Thread 0x00000198eb886d50 5569       3       java.util.TreeMap::rotateRight (96 bytes)
Event: 375.064 Thread 0x00000198eb886d50 nmethod 5569 0x00000198d5c54888 code [0x00000198d5c549c0, 0x00000198d5c54ef8]
Event: 375.070 Thread 0x00000198eb8861d0 nmethod 5511 0x00000198dcfaf108 code [0x00000198dcfaf400, 0x00000198dcfb2258]
Event: 375.070 Thread 0x00000198eb8861d0 5543       4       org.eclipse.aether.util.graph.transformer.ConflictResolver$State::scope (13 bytes)
Event: 375.070 Thread 0x00000198eb8861d0 nmethod 5543 0x00000198dcfb2488 code [0x00000198dcfb2580, 0x00000198dcfb2608]
Event: 375.070 Thread 0x00000198eb8861d0 5548       4       org.eclipse.aether.util.graph.transformer.ConflictResolver$State::deriveScope (83 bytes)
Event: 375.076 Thread 0x00000198eb8861d0 nmethod 5548 0x00000198dcfb2788 code [0x00000198dcfb2900, 0x00000198dcfb2e38]
Event: 375.076 Thread 0x00000198eb8861d0 5549       4       org.eclipse.aether.util.graph.transformer.ConflictResolver$State::deriveOptional (101 bytes)
Event: 375.081 Thread 0x00000198eb8861d0 nmethod 5549 0x00000198dcfb2f08 code [0x00000198dcfb3080, 0x00000198dcfb35c0]
Event: 375.082 Thread 0x00000198eb8861d0 5550       4       org.eclipse.aether.util.graph.transformer.ConflictResolver$State::pop (76 bytes)
Event: 375.092 Thread 0x00000198eb886d50 5570       3       org.apache.maven.eventspy.internal.EventSpyRepositoryListener::artifactResolved (19 bytes)
Event: 375.092 Thread 0x00000198eb886d50 nmethod 5570 0x00000198d5c54f08 code [0x00000198d5c55040, 0x00000198d5c55278]
Event: 375.092 Thread 0x00000198eb886d50 5571       3       org.eclipse.aether.AbstractRepositoryListener::artifactResolved (1 bytes)
Event: 375.092 Thread 0x00000198eb886d50 nmethod 5571 0x00000198d5c55308 code [0x00000198d5c55420, 0x00000198d5c55528]

GC Heap History (6 events):
Event: 18.822 GC heap before
{Heap before GC invocations=0 (full 0):
 garbage-first heap   total reserved 4030464K, committed 253952K, used 50288K [0x000000070a000000, 0x0000000800000000)
  region size 2048K, 24 young (49152K), 0 survivors (0K)
 Metaspace       used 9444K, committed 9664K, reserved 1114112K
  class space    used 849K, committed 960K, reserved 1048576K
}
Event: 19.224 GC heap after
{Heap after GC invocations=1 (full 0):
 garbage-first heap   total reserved 4030464K, committed 253952K, used 5616K [0x000000070a000000, 0x0000000800000000)
  region size 2048K, 3 young (6144K), 3 survivors (6144K)
 Metaspace       used 9444K, committed 9664K, reserved 1114112K
  class space    used 849K, committed 960K, reserved 1048576K
}
Event: 372.614 GC heap before
{Heap before GC invocations=1 (full 0):
 garbage-first heap   total reserved 4030464K, committed 253952K, used 114160K [0x000000070a000000, 0x0000000800000000)
  region size 2048K, 56 young (114688K), 3 survivors (6144K)
 Metaspace       used 16177K, committed 16448K, reserved 1114112K
  class space    used 1553K, committed 1664K, reserved 1048576K
}
Event: 372.651 GC heap after
{Heap after GC invocations=2 (full 0):
 garbage-first heap   total reserved 4030464K, committed 253952K, used 15472K [0x000000070a000000, 0x0000000800000000)
  region size 2048K, 7 young (14336K), 7 survivors (14336K)
 Metaspace       used 16177K, committed 16448K, reserved 1114112K
  class space    used 1553K, committed 1664K, reserved 1048576K
}
Event: 373.883 GC heap before
{Heap before GC invocations=2 (full 0):
 garbage-first heap   total reserved 4030464K, committed 253952K, used 132208K [0x000000070a000000, 0x0000000800000000)
  region size 2048K, 64 young (131072K), 7 survivors (14336K)
 Metaspace       used 16655K, committed 16896K, reserved 1114112K
  class space    used 1559K, committed 1664K, reserved 1048576K
}
Event: 373.896 GC heap after
{Heap after GC invocations=3 (full 0):
 garbage-first heap   total reserved 4030464K, committed 253952K, used 18864K [0x000000070a000000, 0x0000000800000000)
  region size 2048K, 2 young (4096K), 2 survivors (4096K)
 Metaspace       used 16655K, committed 16896K, reserved 1114112K
  class space    used 1559K, committed 1664K, reserved 1048576K
}

Dll operation events (8 events):
Event: 0.018 Loaded shared library C:\Program Files\Apache NetBeans\jdk\bin\java.dll
Event: 4.258 Loaded shared library C:\Program Files\Apache NetBeans\jdk\bin\jsvml.dll
Event: 4.264 Loaded shared library C:\Program Files\Apache NetBeans\jdk\bin\net.dll
Event: 4.768 Loaded shared library C:\Program Files\Apache NetBeans\jdk\bin\nio.dll
Event: 5.176 Loaded shared library C:\Program Files\Apache NetBeans\jdk\bin\zip.dll
Event: 7.412 Loaded shared library C:\Program Files\Apache NetBeans\java\maven\lib\jansi-native\Windows\x86_64\jansi.dll
Event: 7.416 Loaded shared library C:\Program Files\Apache NetBeans\jdk\bin\jimage.dll
Event: 7.714 Loaded shared library C:\Program Files\Apache NetBeans\jdk\bin\verify.dll

Deoptimization events (20 events):
Event: 374.870 Thread 0x00000198cc739770 Uncommon trap: trap_request=0xffffffde fr.pc=0x00000198dceddf0c relative=0x000000000000082c
Event: 374.870 Thread 0x00000198cc739770 Uncommon trap: reason=class_check action=maybe_recompile pc=0x00000198dceddf0c method=org.apache.maven.model.merge.ModelMerger.merge(Ljava/util/List;Ljava/util/List;Lorg/apache/maven/model/merge/ModelMerger$KeyComputer;Lorg/apache/maven/model/merge/ModelM
Event: 374.870 Thread 0x00000198cc739770 DEOPT PACKING pc=0x00000198dceddf0c sp=0x00000004b7dfc830
Event: 374.870 Thread 0x00000198cc739770 DEOPT UNPACKING pc=0x00000198dc88d882 sp=0x00000004b7dfc6f8 mode 2
Event: 374.873 Thread 0x00000198cc739770 Uncommon trap: trap_request=0xffffffde fr.pc=0x00000198dceb2cf8 relative=0x0000000000000558
Event: 374.873 Thread 0x00000198cc739770 Uncommon trap: reason=class_check action=maybe_recompile pc=0x00000198dceb2cf8 method=org.apache.maven.model.merge.ModelMerger.merge(Ljava/util/List;Ljava/util/List;Lorg/apache/maven/model/merge/ModelMerger$KeyComputer;Lorg/apache/maven/model/merge/ModelM
Event: 374.873 Thread 0x00000198cc739770 DEOPT PACKING pc=0x00000198dceb2cf8 sp=0x00000004b7dfc780
Event: 374.873 Thread 0x00000198cc739770 DEOPT UNPACKING pc=0x00000198dc88d882 sp=0x00000004b7dfc6f0 mode 2
Event: 375.036 Thread 0x00000198cc739770 Uncommon trap: trap_request=0xffffff4d fr.pc=0x00000198dced31dc relative=0x000000000000023c
Event: 375.036 Thread 0x00000198cc739770 Uncommon trap: reason=unstable_if action=reinterpret pc=0x00000198dced31dc method=java.util.HashMap.hash(Ljava/lang/Object;)I @ 1 c2
Event: 375.037 Thread 0x00000198cc739770 DEOPT PACKING pc=0x00000198dced31dc sp=0x00000004b7dfdcb0
Event: 375.037 Thread 0x00000198cc739770 DEOPT UNPACKING pc=0x00000198dc88d882 sp=0x00000004b7dfdb48 mode 2
Event: 375.037 Thread 0x00000198cc739770 Uncommon trap: trap_request=0xffffff4d fr.pc=0x00000198dcda47d8 relative=0x0000000000000238
Event: 375.037 Thread 0x00000198cc739770 Uncommon trap: reason=unstable_if action=reinterpret pc=0x00000198dcda47d8 method=java.util.HashMap.hash(Ljava/lang/Object;)I @ 1 c2
Event: 375.037 Thread 0x00000198cc739770 DEOPT PACKING pc=0x00000198dcda47d8 sp=0x00000004b7dfdc40
Event: 375.037 Thread 0x00000198cc739770 DEOPT UNPACKING pc=0x00000198dc88d882 sp=0x00000004b7dfdb48 mode 2
Event: 375.037 Thread 0x00000198cc739770 Uncommon trap: trap_request=0xffffff4d fr.pc=0x00000198dcdb29a8 relative=0x00000000000000a8
Event: 375.037 Thread 0x00000198cc739770 Uncommon trap: reason=unstable_if action=reinterpret pc=0x00000198dcdb29a8 method=java.util.HashMap.hash(Ljava/lang/Object;)I @ 1 c2
Event: 375.037 Thread 0x00000198cc739770 DEOPT PACKING pc=0x00000198dcdb29a8 sp=0x00000004b7dfdbb0
Event: 375.037 Thread 0x00000198cc739770 DEOPT UNPACKING pc=0x00000198dc88d882 sp=0x00000004b7dfdb48 mode 2

Classes loaded (20 events):
Event: 27.050 Loading class sun/util/resources/LocaleData$LocaleDataResourceBundleProvider done
Event: 27.050 Loading class sun/util/resources/LocaleData$CommonResourceBundleProvider done
Event: 27.091 Loading class java/util/stream/IntStream
Event: 27.091 Loading class java/util/stream/IntStream done
Event: 27.091 Loading class java/util/Spliterators$EmptySpliterator$OfInt
Event: 27.091 Loading class java/util/Spliterator$OfInt
Event: 27.091 Loading class java/util/Spliterator$OfPrimitive
Event: 27.091 Loading class java/util/Spliterator$OfPrimitive done
Event: 27.091 Loading class java/util/Spliterator$OfInt done
Event: 27.091 Loading class java/util/Spliterators$EmptySpliterator$OfInt done
Event: 27.091 Loading class java/util/stream/IntPipeline$Head
Event: 27.091 Loading class java/util/stream/IntPipeline
Event: 27.092 Loading class java/util/stream/IntPipeline done
Event: 27.092 Loading class java/util/stream/IntPipeline$Head done
Event: 27.536 Loading class java/util/stream/Streams$RangeIntSpliterator
Event: 27.536 Loading class java/util/stream/Streams$RangeIntSpliterator done
Event: 372.442 Loading class sun/nio/cs/ISO_8859_1$Decoder
Event: 372.442 Loading class sun/nio/cs/ISO_8859_1$Decoder done
Event: 373.810 Loading class java/util/Collections$UnmodifiableList$1
Event: 373.810 Loading class java/util/Collections$UnmodifiableList$1 done

Classes unloaded (0 events):
No events

Classes redefined (0 events):
No events

Internal exceptions (20 events):
Event: 24.941 Thread 0x00000198cc739770 Exception <a 'java/lang/NoSuchMethodError'{0x000000071873b528}: 'void java.lang.invoke.Invokers$Holder.invokeExact_MT(java.lang.Object, java.lang.Object, java.lang.Object, java.lang.Object)'> (0x000000071873b528) 
thrown [s\src\hotspot\share\interpreter\linkResolver.cpp, line 805]
Event: 25.003 Thread 0x00000198cc739770 Exception <a 'java/lang/NoClassDefFoundError'{0x00000007187db0a0}: com/google/inject/servlet/ServletModuleTargetVisitor> (0x00000007187db0a0) 
thrown [s\src\hotspot\share\classfile\systemDictionary.cpp, line 316]
Event: 25.828 Thread 0x00000198cc739770 Exception <a 'java/lang/NoSuchMethodError'{0x0000000718278b38}: 'void java.lang.invoke.DirectMethodHandle$Holder.invokeVirtual(java.lang.Object, java.lang.Object)'> (0x0000000718278b38) 
thrown [s\src\hotspot\share\interpreter\linkResolver.cpp, line 805]
Event: 26.156 Thread 0x00000198cc739770 Exception <a 'java/lang/NoSuchMethodError'{0x0000000718327930}: 'java.lang.Object java.lang.invoke.DirectMethodHandle$Holder.invokeStaticInit(java.lang.Object, int, int, int, int)'> (0x0000000718327930) 
thrown [s\src\hotspot\share\interpreter\linkResolver.cpp, line 805]
Event: 26.562 Thread 0x00000198cc739770 Implicit null exception at 0x00000198dcda5114 to 0x00000198dcda56c8
Event: 26.562 Thread 0x00000198cc739770 Implicit null exception at 0x00000198dcd40410 to 0x00000198dcd409b8
Event: 26.862 Thread 0x00000198cc739770 Exception <a 'java/lang/NoSuchMethodError'{0x0000000717cc9838}: 'void java.lang.invoke.DirectMethodHandle$Holder.invokeSpecial(java.lang.Object, java.lang.Object, java.lang.Object, java.lang.Object, java.lang.Object)'> (0x0000000717cc9838) 
thrown [s\src\hotspot\share\interpreter\linkResolver.cpp, line 805]
Event: 26.864 Thread 0x00000198cc739770 Exception <a 'java/lang/NoSuchMethodError'{0x0000000717d01ce0}: 'void java.lang.invoke.DirectMethodHandle$Holder.invokeSpecial(java.lang.Object, java.lang.Object, java.lang.Object, java.lang.Object, java.lang.Object, java.lang.Object)'> (0x0000000717d01ce0) 
thrown [s\src\hotspot\share\interpreter\linkResolver.cpp, line 805]
Event: 27.008 Thread 0x00000198cc739770 Exception <a 'java/lang/NoSuchMethodError'{0x0000000717dfac68}: 'java.lang.Object java.lang.invoke.DirectMethodHandle$Holder.invokeVirtual(java.lang.Object, java.lang.Object, java.lang.Object)'> (0x0000000717dfac68) 
thrown [s\src\hotspot\share\interpreter\linkResolver.cpp, line 805]
Event: 27.115 Thread 0x00000198cc739770 Exception <a 'java/lang/NoSuchMethodError'{0x0000000717bfc838}: 'void java.lang.invoke.DirectMethodHandle$Holder.invokeVirtual(java.lang.Object, java.lang.Object, int)'> (0x0000000717bfc838) 
thrown [s\src\hotspot\share\interpreter\linkResolver.cpp, line 805]
Event: 27.116 Thread 0x00000198cc739770 Exception <a 'java/lang/NoSuchMethodError'{0x0000000717806d78}: 'void java.lang.invoke.DirectMethodHandle$Holder.invokeSpecial(java.lang.Object, java.lang.Object, java.lang.Object, int)'> (0x0000000717806d78) 
thrown [s\src\hotspot\share\interpreter\linkResolver.cpp, line 805]
Event: 27.116 Thread 0x00000198cc739770 Exception <a 'java/lang/NoSuchMethodError'{0x000000071780f0d8}: 'void java.lang.invoke.DelegatingMethodHandle$Holder.reinvoke_L(java.lang.Object, java.lang.Object, int)'> (0x000000071780f0d8) 
thrown [s\src\hotspot\share\interpreter\linkResolver.cpp, line 805]
Event: 371.735 Thread 0x00000198cc739770 Exception <a 'java/lang/NoSuchMethodError'{0x0000000715493e88}: 'int java.lang.invoke.DirectMethodHandle$Holder.invokeSpecialIFC(java.lang.Object, java.lang.Object, java.lang.Object, java.lang.Object)'> (0x0000000715493e88) 
thrown [s\src\hotspot\share\interpreter\linkResolver.cpp, line 805]
Event: 374.148 Thread 0x00000198cc739770 Implicit null exception at 0x00000198dcf5cf9a to 0x00000198dcf5dc64
Event: 374.154 Thread 0x00000198cc739770 Implicit null exception at 0x00000198dcf5cf9a to 0x00000198dcf5dc64
Event: 374.158 Thread 0x00000198cc739770 Implicit null exception at 0x00000198dcf5cf9a to 0x00000198dcf5dc64
Event: 374.162 Thread 0x00000198cc739770 Implicit null exception at 0x00000198dcf5cf9a to 0x00000198dcf5dc64
Event: 375.036 Thread 0x00000198cc739770 Implicit null exception at 0x00000198dced2feb to 0x00000198dced31bc
Event: 375.037 Thread 0x00000198cc739770 Implicit null exception at 0x00000198dcda45eb to 0x00000198dcda47b8
Event: 375.037 Thread 0x00000198cc739770 Implicit null exception at 0x00000198dcdb291d to 0x00000198dcdb2999

VM Operations (20 events):
Event: 23.116 Executing VM operation: HandshakeAllThreads (Deoptimize)
Event: 23.116 Executing VM operation: HandshakeAllThreads (Deoptimize) done
Event: 24.190 Executing VM operation: HandshakeAllThreads (Deoptimize)
Event: 24.190 Executing VM operation: HandshakeAllThreads (Deoptimize) done
Event: 25.843 Executing VM operation: HandshakeAllThreads (Deoptimize)
Event: 25.843 Executing VM operation: HandshakeAllThreads (Deoptimize) done
Event: 26.348 Executing VM operation: HandshakeAllThreads (Deoptimize)
Event: 26.348 Executing VM operation: HandshakeAllThreads (Deoptimize) done
Event: 26.408 Executing VM operation: HandshakeAllThreads (Deoptimize)
Event: 26.408 Executing VM operation: HandshakeAllThreads (Deoptimize) done
Event: 26.488 Executing VM operation: HandshakeAllThreads (Deoptimize)
Event: 26.488 Executing VM operation: HandshakeAllThreads (Deoptimize) done
Event: 60.260 Executing VM operation: HandshakeAllThreads (HandshakeForDeflation)
Event: 60.260 Executing VM operation: HandshakeAllThreads (HandshakeForDeflation) done
Event: 60.261 Executing VM operation: RendezvousGCThreads
Event: 60.261 Executing VM operation: RendezvousGCThreads done
Event: 372.613 Executing VM operation: G1CollectForAllocation (G1 Evacuation Pause)
Event: 372.651 Executing VM operation: G1CollectForAllocation (G1 Evacuation Pause) done
Event: 373.883 Executing VM operation: G1CollectForAllocation (G1 Evacuation Pause)
Event: 373.896 Executing VM operation: G1CollectForAllocation (G1 Evacuation Pause) done

Memory protections (0 events):
No events

Nmethod flushes (0 events):
No events

Events (20 events):
Event: 6.537 Thread 0x00000198eb886d50 Thread added: 0x00000198c521f630
Event: 7.000 Thread 0x00000198c521f630 Thread exited: 0x00000198c521f630
Event: 7.407 Thread 0x00000198cc739770 Thread added: 0x00000198c5ac5460
Event: 7.445 Thread 0x00000198c5ac5460 Thread exited: 0x00000198c5ac5460
Event: 12.969 Thread 0x00000198eb886d50 Thread added: 0x00000198c5c668e0
Event: 13.516 Thread 0x00000198c5c668e0 Thread exited: 0x00000198c5c668e0
Event: 14.511 Thread 0x00000198eb8861d0 Thread added: 0x00000198c5d70080
Event: 14.601 Thread 0x00000198eb886d50 Thread added: 0x00000198c60242d0
Event: 15.805 Thread 0x00000198c60242d0 Thread exited: 0x00000198c60242d0
Event: 15.805 Thread 0x00000198c5d70080 Thread exited: 0x00000198c5d70080
Event: 27.023 Thread 0x00000198eb886d50 Thread added: 0x00000198c64f1ad0
Event: 27.534 Thread 0x00000198c64f1ad0 Thread exited: 0x00000198c64f1ad0
Event: 30.152 Thread 0x00000198eb886d50 Thread added: 0x00000198c564cee0
Event: 35.224 Thread 0x00000198c564cee0 Thread exited: 0x00000198c564cee0
Event: 371.648 Thread 0x00000198eb886d50 Thread added: 0x00000198c51d3c90
Event: 373.205 Thread 0x00000198eb886d50 Thread added: 0x00000198c7853010
Event: 373.982 Thread 0x00000198c7853010 Thread exited: 0x00000198c7853010
Event: 373.984 Thread 0x00000198c51d3c90 Thread exited: 0x00000198c51d3c90
Event: 374.277 Thread 0x00000198eb886d50 Thread added: 0x00000198c71ef650
Event: 375.049 Thread 0x00000198eb886d50 Thread added: 0x00000198c71eba80


Dynamic libraries:
0x00007ff69eb20000 - 0x00007ff69eb2e000 	C:\Program Files\Apache NetBeans\jdk\bin\java.exe
0x00007ffe349e0000 - 0x00007ffe34c48000 	C:\WINDOWS\SYSTEM32\ntdll.dll
0x00007ffe333c0000 - 0x00007ffe33489000 	C:\WINDOWS\System32\KERNEL32.DLL
0x00007ffe320c0000 - 0x00007ffe324ad000 	C:\WINDOWS\System32\KERNELBASE.dll
0x00007ffe324b0000 - 0x00007ffe325fb000 	C:\WINDOWS\System32\ucrtbase.dll
0x00007ffe22510000 - 0x00007ffe22526000 	C:\Program Files\Apache NetBeans\jdk\bin\jli.dll
0x00007ffe345c0000 - 0x00007ffe3478c000 	C:\WINDOWS\System32\USER32.dll
0x00007ffe31e60000 - 0x00007ffe31e87000 	C:\WINDOWS\System32\win32u.dll
0x00007ffe33220000 - 0x00007ffe3324b000 	C:\WINDOWS\System32\GDI32.dll
0x00007ffe31d20000 - 0x00007ffe31e57000 	C:\WINDOWS\System32\gdi32full.dll
0x00007ffe31e90000 - 0x00007ffe31f33000 	C:\WINDOWS\System32\msvcp_win.dll
0x00007ffe2eb40000 - 0x00007ffe2eb5e000 	C:\Program Files\Apache NetBeans\jdk\bin\VCRUNTIME140.dll
0x00007ffe1e3d0000 - 0x00007ffe1e66a000 	C:\WINDOWS\WinSxS\amd64_microsoft.windows.common-controls_6595b64144ccf1df_6.0.26100.4484_none_3e0e6d4ce32ef3b3\COMCTL32.dll
0x00007ffe33510000 - 0x00007ffe335b9000 	C:\WINDOWS\System32\msvcrt.dll
0x00007ffe33650000 - 0x00007ffe3367f000 	C:\WINDOWS\System32\IMM32.DLL
0x00007ffe2eb30000 - 0x00007ffe2eb3c000 	C:\Program Files\Apache NetBeans\jdk\bin\vcruntime140_1.dll
0x00007ffdaffb0000 - 0x00007ffdb003d000 	C:\Program Files\Apache NetBeans\jdk\bin\msvcp140.dll
0x00007ffdad470000 - 0x00007ffdae2ec000 	C:\Program Files\Apache NetBeans\jdk\bin\server\jvm.dll
0x00007ffe33ab0000 - 0x00007ffe33b64000 	C:\WINDOWS\System32\ADVAPI32.dll
0x00007ffe33970000 - 0x00007ffe33a16000 	C:\WINDOWS\System32\sechost.dll
0x00007ffe32c60000 - 0x00007ffe32d78000 	C:\WINDOWS\System32\RPCRT4.dll
0x00007ffe33490000 - 0x00007ffe33504000 	C:\WINDOWS\System32\WS2_32.dll
0x00007ffe31980000 - 0x00007ffe319de000 	C:\WINDOWS\SYSTEM32\POWRPROF.dll
0x00007ffe29b80000 - 0x00007ffe29bb5000 	C:\WINDOWS\SYSTEM32\WINMM.dll
0x00007ffe29bc0000 - 0x00007ffe29bcb000 	C:\WINDOWS\SYSTEM32\VERSION.dll
0x00007ffe31960000 - 0x00007ffe31974000 	C:\WINDOWS\SYSTEM32\UMPDC.dll
0x00007ffe308d0000 - 0x00007ffe308eb000 	C:\WINDOWS\SYSTEM32\kernel.appcore.dll
0x00007ffe23450000 - 0x00007ffe2345a000 	C:\Program Files\Apache NetBeans\jdk\bin\jimage.dll
0x00007ffe2a590000 - 0x00007ffe2a7d1000 	C:\WINDOWS\SYSTEM32\DBGHELP.DLL
0x00007ffe327f0000 - 0x00007ffe32b76000 	C:\WINDOWS\System32\combase.dll
0x00007ffe33b70000 - 0x00007ffe33c50000 	C:\WINDOWS\System32\OLEAUT32.dll
0x00007ffe1caa0000 - 0x00007ffe1cae3000 	C:\WINDOWS\SYSTEM32\dbgcore.DLL
0x00007ffe31b30000 - 0x00007ffe31bc9000 	C:\WINDOWS\System32\bcryptPrimitives.dll
0x00007ffe23460000 - 0x00007ffe2347e000 	C:\Program Files\Apache NetBeans\jdk\bin\java.dll
0x00007ffe33cc0000 - 0x00007ffe33e5e000 	C:\WINDOWS\System32\ole32.dll
0x00007ffe33e70000 - 0x00007ffe345ba000 	C:\WINDOWS\System32\SHELL32.dll
0x00007ffe31f40000 - 0x00007ffe320b4000 	C:\WINDOWS\System32\wintypes.dll
0x00007ffe2f7b0000 - 0x00007ffe3000b000 	C:\WINDOWS\SYSTEM32\windows.storage.dll
0x00007ffe33690000 - 0x00007ffe33785000 	C:\WINDOWS\System32\SHCORE.dll
0x00007ffe32780000 - 0x00007ffe327ea000 	C:\WINDOWS\System32\shlwapi.dll
0x00007ffe31a40000 - 0x00007ffe31a6f000 	C:\WINDOWS\SYSTEM32\profapi.dll
0x00007ffdad390000 - 0x00007ffdad467000 	C:\Program Files\Apache NetBeans\jdk\bin\jsvml.dll
0x00007ffdb6ca0000 - 0x00007ffdb6cb0000 	C:\Program Files\Apache NetBeans\jdk\bin\net.dll
0x00007ffe30e60000 - 0x00007ffe30eca000 	C:\WINDOWS\system32\mswsock.dll
0x00007ffdae6e0000 - 0x00007ffdae6f6000 	C:\Program Files\Apache NetBeans\jdk\bin\nio.dll
0x00007ffdbb7d0000 - 0x00007ffdbb7e7000 	C:\Program Files\Apache NetBeans\jdk\bin\zip.dll
0x00007ffe18eb0000 - 0x00007ffe18ed4000 	C:\Program Files\Apache NetBeans\java\maven\lib\jansi-native\Windows\x86_64\jansi.dll
0x00007ffdb6ba0000 - 0x00007ffdb6bb0000 	C:\Program Files\Apache NetBeans\jdk\bin\verify.dll

JVMTI agents: none

dbghelp: loaded successfully - version: 4.0.5 - missing functions: none
symbol engine: initialized successfully - sym options: 0x614 - pdb path: .;C:\Program Files\Apache NetBeans\jdk\bin;C:\WINDOWS\SYSTEM32;C:\WINDOWS\WinSxS\amd64_microsoft.windows.common-controls_6595b64144ccf1df_6.0.26100.4484_none_3e0e6d4ce32ef3b3;C:\Program Files\Apache NetBeans\jdk\bin\server;C:\Program Files\Apache NetBeans\java\maven\lib\jansi-native\Windows\x86_64

VM Arguments:
jvm_args: --enable-native-access=ALL-UNNAMED -Dclassworlds.conf=C:\Program Files\Apache NetBeans\java\maven\bin\m2.conf -Dmaven.home=C:\Program Files\Apache NetBeans\java\maven -Dlibrary.jansi.path=C:\Program Files\Apache NetBeans\java\maven\lib\jansi-native -Dmaven.multiModuleProjectDirectory=C:\Users\josee\OneDrive\Desktop\Desarrollo de Apps Web\soda-master(prueba1)\soda-master 
java_command: org.codehaus.plexus.classworlds.launcher.Launcher -Dmaven.ext.class.path=C:\Program Files\Apache NetBeans\java\maven-nblib\netbeans-eventspy.jar --no-transfer-progress install
java_class_path (initial): C:\Program Files\Apache NetBeans\java\maven\boot\plexus-classworlds-2.9.0.jar
Launcher Type: SUN_STANDARD

[Global flags]
     intx CICompilerCount                          = 4                                         {product} {ergonomic}
     uint ConcGCThreads                            = 3                                         {product} {ergonomic}
     uint G1ConcRefinementThreads                  = 10                                        {product} {ergonomic}
   size_t G1HeapRegionSize                         = 2097152                                   {product} {ergonomic}
   size_t InitialHeapSize                          = 257949696                                 {product} {ergonomic}
   size_t MarkStackSize                            = 4194304                                   {product} {ergonomic}
   size_t MarkStackSizeMax                         = 536870912                                 {product} {ergonomic}
   size_t MaxHeapSize                              = 4127195136                                {product} {ergonomic}
   size_t MaxNewSize                               = 2474639360                                {product} {ergonomic}
   size_t MinHeapDeltaBytes                        = 2097152                                   {product} {ergonomic}
   size_t MinHeapSize                              = 8388608                                   {product} {ergonomic}
    uintx NonNMethodCodeHeapSize                   = 5832704                                {pd product} {ergonomic}
    uintx NonProfiledCodeHeapSize                  = 122945536                              {pd product} {ergonomic}
    uintx ProfiledCodeHeapSize                     = 122880000                              {pd product} {ergonomic}
    uintx ReservedCodeCacheSize                    = 251658240                              {pd product} {ergonomic}
     bool SegmentedCodeCache                       = true                                      {product} {ergonomic}
   size_t SoftMaxHeapSize                          = 4127195136                             {manageable} {ergonomic}
     bool UseCompressedOops                        = true                           {product lp64_product} {ergonomic}
     bool UseG1GC                                  = true                                      {product} {ergonomic}
     bool UseLargePagesIndividualAllocation        = false                                  {pd product} {ergonomic}

Logging:
Log output configuration:
 #0: stdout all=warning uptime,level,tags foldmultilines=false
 #1: stderr all=off uptime,level,tags foldmultilines=false

Environment Variables:
JAVA_HOME=C:\Program Files\Apache NetBeans\jdk
PATH=C:\Program Files\Common Files\Oracle\Java\javapath;C:\WINDOWS\system32;C:\WINDOWS;C:\WINDOWS\System32\Wbem;C:\WINDOWS\System32\WindowsPowerShell\v1.0\;C:\WINDOWS\System32\OpenSSH\;C:\Users\josee\AppData\Local\Programs\Python\Python312;C:\Users\josee\Downloads\jdk-23_windows-x64_bin.zip\jdk-23.0.1\bin;C:\Program Files\Git\cmd;C:\Users\josee\AppData\Local\Programs\Python\Launcher\;C:\Users\josee\AppData\Local\Microsoft\WindowsApps;C:\Users\josee\AppData\Local\Programs\Microsoft VS Code\bin;C:\Users\josee\AppData\Local\Programs\Python\Python312;C:\Users\josee\AppData\Local\Programs\Python\Python312\Scripts;C:\Users\josee\AppData\Local\GitHubDesktop\bin
USERNAME=josee
OS=Windows_NT
PROCESSOR_IDENTIFIER=AMD64 Family 25 Model 80 Stepping 0, AuthenticAMD
TMP=C:\Users\josee\AppData\Local\Temp
TEMP=C:\Users\josee\AppData\Local\Temp




Periodic native trim disabled

---------------  S Y S T E M  ---------------

OS:
 Windows 11 , 64 bit Build 26100 (10.0.26100.4484)
OS uptime: 0 days 2:25 hours

CPU: total 12 (initial active 12) (12 cores per cpu, 2 threads per core) family 25 model 80 stepping 0 microcode 0xa50000c, cx8, cmov, fxsr, ht, mmx, 3dnowpref, sse, sse2, sse3, ssse3, sse4a, sse4.1, sse4.2, popcnt, lzcnt, tsc, tscinvbit, avx, avx2, aes, erms, clmul, bmi1, bmi2, adx, sha, fma, vzeroupper, clflush, clflushopt, rdtscp, rdpid, fsrm, f16c, pku, cet_ss
Processor Information for the first 12 processors :
  Max Mhz: 3901, Current Mhz: 3901, Mhz Limit: 3901

Memory: 4k page, system-wide physical 15742M (1138M free)
TotalPageFile size 64894M (AvailPageFile size 18M)
current process WorkingSet (physical memory assigned to process): 232M, peak: 235M
current process commit charge ("private bytes"): 395M, peak: 409M

vm_info: OpenJDK 64-Bit Server VM (24.0.2+12) for windows-amd64 JRE (24.0.2+12) (Zulu24.32+13-CA), built on 2025-07-11T12:45:44Z with MS VC++ 17.1 (VS2022)

END.
