#
# There is insufficient memory for the Java Runtime Environment to continue.
# Native memory allocation (malloc) failed to allocate 389392 bytes. Error detail: Chunk::new
# Possible reasons:
#   The system is out of physical RAM or swap space
#   This process is running with CompressedOops enabled, and the Java Heap may be blocking the growth of the native heap
# Possible solutions:
#   Reduce memory load on the system
#   Increase physical memory or swap space
#   Check if swap backing store is full
#   Decrease Java heap size (-Xmx/-Xms)
#   Decrease number of Java threads
#   Decrease Java thread stack sizes (-Xss)
#   Set larger code cache with -XX:ReservedCodeCacheSize=
#   JVM is running with Zero Based Compressed Oops mode in which the Java heap is
#     placed in the first 32GB address space. The Java Heap base address is the
#     maximum limit for the native heap growth. Please use -XX:HeapBaseMinAddress
#     to set the Java Heap base and to place the Java Heap above 32GB virtual address.
# This output file may be truncated or incomplete.
#
#  Out of Memory Error (arena.cpp:162), pid=32336, tid=32428
#
# JRE version: OpenJDK Runtime Environment Zulu24.32+13-CA (24.0.2+12) (build 24.0.2+12)
# Java VM: OpenJDK 64-Bit Server VM Zulu24.32+13-CA (24.0.2+12, mixed mode, sharing, tiered, compressed oops, compressed class ptrs, g1 gc, windows-amd64)
# No core dump will be written. Minidumps are not enabled by default on client versions of Windows
#

---------------  S U M M A R Y ------------

Command Line: --enable-native-access=ALL-UNNAMED -Dclassworlds.conf=C:\Program Files\Apache NetBeans\java\maven\bin\m2.conf -Dmaven.home=C:\Program Files\Apache NetBeans\java\maven -Dlibrary.jansi.path=C:\Program Files\Apache NetBeans\java\maven\lib\jansi-native -Dmaven.multiModuleProjectDirectory=C:\Users\josee\OneDrive\Desktop\Desarrollo de Apps Web\soda-master(prueba1)\soda-master org.codehaus.plexus.classworlds.launcher.Launcher -Dmaven.ext.class.path=C:\Program Files\Apache NetBeans\java\maven-nblib\netbeans-eventspy.jar --no-transfer-progress install

Host: AMD Ryzen 5 5600G with Radeon Graphics         , 12 cores, 15G,  Windows 11 , 64 bit Build 26100 (10.0.26100.4484)
Time: Sun Nov  2 17:16:47 2025 Central America Standard Time elapsed time: 69.267393 seconds (0d 0h 1m 9s)

---------------  T H R E A D  ---------------

Current thread (0x0000021ffc6fb8c0):  JavaThread "C2 CompilerThread0" daemon [_thread_in_native, id=32428, stack(0x0000002417d00000,0x0000002417e00000) (1024K)]


Current CompileTask:
C2:69267 3670       4       jdk.internal.util.StrongReferenceKey::equals (28 bytes)

Stack: [0x0000002417d00000,0x0000002417e00000]
Native frames: (J=compiled Java code, j=interpreted, Vv=VM code, C=native code)
V  [jvm.dll+0x741329]  (no source info available)
V  [jvm.dll+0x97e243]  (no source info available)
V  [jvm.dll+0x98056d]  (no source info available)
V  [jvm.dll+0x980be3]  (no source info available)
V  [jvm.dll+0x2b5a76]  (no source info available)
V  [jvm.dll+0xd00af]  (no source info available)
V  [jvm.dll+0xd030f]  (no source info available)
V  [jvm.dll+0x15b85f]  (no source info available)
V  [jvm.dll+0x746bef]  (no source info available)
V  [jvm.dll+0x27a478]  (no source info available)
V  [jvm.dll+0x279591]  (no source info available)
V  [jvm.dll+0x1f30fa]  (no source info available)
V  [jvm.dll+0x288d95]  (no source info available)
V  [jvm.dll+0x28702a]  (no source info available)
V  [jvm.dll+0x43e016]  (no source info available)
V  [jvm.dll+0x920c78]  (no source info available)
V  [jvm.dll+0x73fab5]  (no source info available)
C  [ucrtbase.dll+0x37b0]  (no source info available)
C  [KERNEL32.DLL+0x2e8d7]  (no source info available)
C  [ntdll.dll+0x3c34c]  (no source info available)

Lock stack of current Java thread (top to bottom):


---------------  P R O C E S S  ---------------

Threads class SMR info:
_java_thread_list=0x0000021fd563d330, length=11, elements={
0x0000021fe99b5ee0, 0x0000021ffc6f5650, 0x0000021ffc6f5d90, 0x0000021ffc6f88d0,
0x0000021ffc6f9400, 0x0000021ffc6f9f30, 0x0000021ffc6faa60, 0x0000021ffc6fb8c0,
0x0000021ffc6fc440, 0x0000021fd4156fa0, 0x0000021fd4159f00
}

Java Threads: ( => current thread )
  0x0000021fe99b5ee0 JavaThread "main"                              [_thread_in_vm, id=32356, stack(0x0000002416f00000,0x0000002417000000) (1024K)]
  0x0000021ffc6f5650 JavaThread "Reference Handler"          daemon [_thread_blocked, id=32404, stack(0x0000002417700000,0x0000002417800000) (1024K)]
  0x0000021ffc6f5d90 JavaThread "Finalizer"                  daemon [_thread_blocked, id=32408, stack(0x0000002417800000,0x0000002417900000) (1024K)]
  0x0000021ffc6f88d0 JavaThread "Signal Dispatcher"          daemon [_thread_blocked, id=32412, stack(0x0000002417900000,0x0000002417a00000) (1024K)]
  0x0000021ffc6f9400 JavaThread "Attach Listener"            daemon [_thread_blocked, id=32416, stack(0x0000002417a00000,0x0000002417b00000) (1024K)]
  0x0000021ffc6f9f30 JavaThread "Service Thread"             daemon [_thread_blocked, id=32420, stack(0x0000002417b00000,0x0000002417c00000) (1024K)]
  0x0000021ffc6faa60 JavaThread "Monitor Deflation Thread"   daemon [_thread_blocked, id=32424, stack(0x0000002417c00000,0x0000002417d00000) (1024K)]
=>0x0000021ffc6fb8c0 JavaThread "C2 CompilerThread0"         daemon [_thread_in_native, id=32428, stack(0x0000002417d00000,0x0000002417e00000) (1024K)]
  0x0000021ffc6fc440 JavaThread "C1 CompilerThread0"         daemon [_thread_in_native, id=32432, stack(0x0000002417e00000,0x0000002417f00000) (1024K)]
  0x0000021fd4156fa0 JavaThread "Notification Thread"        daemon [_thread_blocked, id=32436, stack(0x0000002417f00000,0x0000002418000000) (1024K)]
  0x0000021fd4159f00 JavaThread "Common-Cleaner"             daemon [_thread_blocked, id=32440, stack(0x0000002418000000,0x0000002418100000) (1024K)]
Total: 11

Other Threads:
  0x0000021ffc6e6580 VMThread "VM Thread"                           [id=32396, stack(0x0000002417600000,0x0000002417700000) (1024K)]
  0x0000021ffc6d8240 WatcherThread "VM Periodic Task Thread"        [id=32392, stack(0x0000002417500000,0x0000002417600000) (1024K)]
  0x0000021febdb3950 WorkerThread "GC Thread#0"                     [id=32360, stack(0x0000002417000000,0x0000002417100000) (1024K)]
  0x0000021fd543c2e0 WorkerThread "GC Thread#1"                     [id=31912, stack(0x0000002418200000,0x0000002418300000) (1024K)]
  0x0000021fd543c690 WorkerThread "GC Thread#2"                     [id=31908, stack(0x0000002418300000,0x0000002418400000) (1024K)]
  0x0000021fd4ed0460 WorkerThread "GC Thread#3"                     [id=31892, stack(0x0000002418400000,0x0000002418500000) (1024K)]
  0x0000021fd4ed0810 WorkerThread "GC Thread#4"                     [id=31932, stack(0x0000002418500000,0x0000002418600000) (1024K)]
  0x0000021febdc8d30 ConcurrentGCThread "G1 Main Marker"            [id=32364, stack(0x0000002417100000,0x0000002417200000) (1024K)]
  0x0000021febdca850 WorkerThread "G1 Conc#0"                       [id=32368, stack(0x0000002417200000,0x0000002417300000) (1024K)]
  0x0000021ffc5999d0 ConcurrentGCThread "G1 Refine#0"               [id=32372, stack(0x0000002417300000,0x0000002417400000) (1024K)]
  0x0000021ffc59c210 ConcurrentGCThread "G1 Service"                [id=32376, stack(0x0000002417400000,0x0000002417500000) (1024K)]
Total: 11

Threads with active compile tasks:
C2 CompilerThread0  72037 3670       4       jdk.internal.util.StrongReferenceKey::equals (28 bytes)
C1 CompilerThread0  72037 3688       3       java.lang.invoke.AbstractValidatingLambdaMetafactory::isAdaptableTo (126 bytes)
Total: 2

VM state: not at safepoint (normal execution)

VM Mutex/Monitor currently owned by a thread:  ([mutex/lock_event])
[0x00007ffdae203048] Metaspace_lock - owner thread: 0x0000021fe99b5ee0

Heap address: 0x000000070a000000, size: 3936 MB, Compressed Oops mode: Zero based, Oop shift amount: 3

CDS archive(s) mapped at: [0x0000021f8f000000-0x0000021f8fd40000-0x0000021f8fd40000), size 13893632, SharedBaseAddress: 0x0000021f8f000000, ArchiveRelocationMode: 1.
Compressed class space mapped at: 0x0000021f90000000-0x0000021fd0000000, reserved size: 1073741824
UseCompressedClassPointers 1, UseCompactObjectHeaders 0
Narrow klass pointer bits 32, Max shift 3
Narrow klass base: 0x0000021f8f000000, Narrow klass shift: 0
Encoding Range: [0x0000021f8f000000 - 0x000002208f000000), (4294967296 bytes)
Klass Range:    [0x0000021f8f000000 - 0x0000021fd0000000), (1090519040 bytes)
Klass ID Range:  [8 - 1090519033) (1090519025)

GC Precious Log:
 CardTable entry size: 512
 Card Set container configuration: InlinePtr #cards 4 size 8 Array Of Cards #cards 16 size 48 Howl #buckets 8 coarsen threshold 3686 Howl Bitmap #cards 512 size 80 coarsen threshold 460 Card regions per heap region 1 cards per card region 4096
 CPUs: 12 total, 12 available
 Memory: 15742M
 Large Page Support: Disabled
 NUMA Support: Disabled
 Compressed Oops: Enabled (Zero based)
 Heap Region Size: 2M
 Heap Min Capacity: 8M
 Heap Initial Capacity: 246M
 Heap Max Capacity: 3936M
 Pre-touch: Disabled
 Parallel Workers: 10
 Concurrent Workers: 3
 Concurrent Refinement Workers: 10
 Periodic GC: Disabled

Heap:
 garbage-first heap   total reserved 4030464K, committed 253952K, used 52912K [0x000000070a000000, 0x0000000800000000)
  region size 2048K, 27 young (55296K), 3 survivors (6144K)
 Metaspace       used 15418K, committed 15680K, reserved 1114112K
  class space    used 1522K, committed 1664K, reserved 1048576K

Heap Regions: E=young(eden), S=young(survivor), O=old, HS=humongous(starts), HC=humongous(continues), CS=collection set, F=free, TAMS=top-at-mark-start, PB=parsable bottom
|   0|0x000000070a000000, 0x000000070a000000, 0x000000070a200000|  0%| F|  |TAMS 0x000000070a000000| PB 0x000000070a000000| Untracked |  0
|   1|0x000000070a200000, 0x000000070a200000, 0x000000070a400000|  0%| F|  |TAMS 0x000000070a200000| PB 0x000000070a200000| Untracked |  0
|   2|0x000000070a400000, 0x000000070a400000, 0x000000070a600000|  0%| F|  |TAMS 0x000000070a400000| PB 0x000000070a400000| Untracked |  0
|   3|0x000000070a600000, 0x000000070a600000, 0x000000070a800000|  0%| F|  |TAMS 0x000000070a600000| PB 0x000000070a600000| Untracked |  0
|   4|0x000000070a800000, 0x000000070a800000, 0x000000070aa00000|  0%| F|  |TAMS 0x000000070a800000| PB 0x000000070a800000| Untracked |  0
|   5|0x000000070aa00000, 0x000000070aa00000, 0x000000070ac00000|  0%| F|  |TAMS 0x000000070aa00000| PB 0x000000070aa00000| Untracked |  0
|   6|0x000000070ac00000, 0x000000070ac00000, 0x000000070ae00000|  0%| F|  |TAMS 0x000000070ac00000| PB 0x000000070ac00000| Untracked |  0
|   7|0x000000070ae00000, 0x000000070ae00000, 0x000000070b000000|  0%| F|  |TAMS 0x000000070ae00000| PB 0x000000070ae00000| Untracked |  0
|   8|0x000000070b000000, 0x000000070b000000, 0x000000070b200000|  0%| F|  |TAMS 0x000000070b000000| PB 0x000000070b000000| Untracked |  0
|   9|0x000000070b200000, 0x000000070b200000, 0x000000070b400000|  0%| F|  |TAMS 0x000000070b200000| PB 0x000000070b200000| Untracked |  0
|  10|0x000000070b400000, 0x000000070b400000, 0x000000070b600000|  0%| F|  |TAMS 0x000000070b400000| PB 0x000000070b400000| Untracked |  0
|  11|0x000000070b600000, 0x000000070b600000, 0x000000070b800000|  0%| F|  |TAMS 0x000000070b600000| PB 0x000000070b600000| Untracked |  0
|  12|0x000000070b800000, 0x000000070b800000, 0x000000070ba00000|  0%| F|  |TAMS 0x000000070b800000| PB 0x000000070b800000| Untracked |  0
|  13|0x000000070ba00000, 0x000000070ba00000, 0x000000070bc00000|  0%| F|  |TAMS 0x000000070ba00000| PB 0x000000070ba00000| Untracked |  0
|  14|0x000000070bc00000, 0x000000070bc00000, 0x000000070be00000|  0%| F|  |TAMS 0x000000070bc00000| PB 0x000000070bc00000| Untracked |  0
|  15|0x000000070be00000, 0x000000070be00000, 0x000000070c000000|  0%| F|  |TAMS 0x000000070be00000| PB 0x000000070be00000| Untracked |  0
|  16|0x000000070c000000, 0x000000070c000000, 0x000000070c200000|  0%| F|  |TAMS 0x000000070c000000| PB 0x000000070c000000| Untracked |  0
|  17|0x000000070c200000, 0x000000070c200000, 0x000000070c400000|  0%| F|  |TAMS 0x000000070c200000| PB 0x000000070c200000| Untracked |  0
|  18|0x000000070c400000, 0x000000070c400000, 0x000000070c600000|  0%| F|  |TAMS 0x000000070c400000| PB 0x000000070c400000| Untracked |  0
|  19|0x000000070c600000, 0x000000070c600000, 0x000000070c800000|  0%| F|  |TAMS 0x000000070c600000| PB 0x000000070c600000| Untracked |  0
|  20|0x000000070c800000, 0x000000070c800000, 0x000000070ca00000|  0%| F|  |TAMS 0x000000070c800000| PB 0x000000070c800000| Untracked |  0
|  21|0x000000070ca00000, 0x000000070ca00000, 0x000000070cc00000|  0%| F|  |TAMS 0x000000070ca00000| PB 0x000000070ca00000| Untracked |  0
|  22|0x000000070cc00000, 0x000000070cc00000, 0x000000070ce00000|  0%| F|  |TAMS 0x000000070cc00000| PB 0x000000070cc00000| Untracked |  0
|  23|0x000000070ce00000, 0x000000070ce00000, 0x000000070d000000|  0%| F|  |TAMS 0x000000070ce00000| PB 0x000000070ce00000| Untracked |  0
|  24|0x000000070d000000, 0x000000070d000000, 0x000000070d200000|  0%| F|  |TAMS 0x000000070d000000| PB 0x000000070d000000| Untracked |  0
|  25|0x000000070d200000, 0x000000070d200000, 0x000000070d400000|  0%| F|  |TAMS 0x000000070d200000| PB 0x000000070d200000| Untracked |  0
|  26|0x000000070d400000, 0x000000070d400000, 0x000000070d600000|  0%| F|  |TAMS 0x000000070d400000| PB 0x000000070d400000| Untracked |  0
|  27|0x000000070d600000, 0x000000070d600000, 0x000000070d800000|  0%| F|  |TAMS 0x000000070d600000| PB 0x000000070d600000| Untracked |  0
|  28|0x000000070d800000, 0x000000070d800000, 0x000000070da00000|  0%| F|  |TAMS 0x000000070d800000| PB 0x000000070d800000| Untracked |  0
|  29|0x000000070da00000, 0x000000070da00000, 0x000000070dc00000|  0%| F|  |TAMS 0x000000070da00000| PB 0x000000070da00000| Untracked |  0
|  30|0x000000070dc00000, 0x000000070dc00000, 0x000000070de00000|  0%| F|  |TAMS 0x000000070dc00000| PB 0x000000070dc00000| Untracked |  0
|  31|0x000000070de00000, 0x000000070de00000, 0x000000070e000000|  0%| F|  |TAMS 0x000000070de00000| PB 0x000000070de00000| Untracked |  0
|  32|0x000000070e000000, 0x000000070e000000, 0x000000070e200000|  0%| F|  |TAMS 0x000000070e000000| PB 0x000000070e000000| Untracked |  0
|  33|0x000000070e200000, 0x000000070e200000, 0x000000070e400000|  0%| F|  |TAMS 0x000000070e200000| PB 0x000000070e200000| Untracked |  0
|  34|0x000000070e400000, 0x000000070e400000, 0x000000070e600000|  0%| F|  |TAMS 0x000000070e400000| PB 0x000000070e400000| Untracked |  0
|  35|0x000000070e600000, 0x000000070e600000, 0x000000070e800000|  0%| F|  |TAMS 0x000000070e600000| PB 0x000000070e600000| Untracked |  0
|  36|0x000000070e800000, 0x000000070e800000, 0x000000070ea00000|  0%| F|  |TAMS 0x000000070e800000| PB 0x000000070e800000| Untracked |  0
|  37|0x000000070ea00000, 0x000000070ea00000, 0x000000070ec00000|  0%| F|  |TAMS 0x000000070ea00000| PB 0x000000070ea00000| Untracked |  0
|  38|0x000000070ec00000, 0x000000070ec00000, 0x000000070ee00000|  0%| F|  |TAMS 0x000000070ec00000| PB 0x000000070ec00000| Untracked |  0
|  39|0x000000070ee00000, 0x000000070ee00000, 0x000000070f000000|  0%| F|  |TAMS 0x000000070ee00000| PB 0x000000070ee00000| Untracked |  0
|  40|0x000000070f000000, 0x000000070f000000, 0x000000070f200000|  0%| F|  |TAMS 0x000000070f000000| PB 0x000000070f000000| Untracked |  0
|  41|0x000000070f200000, 0x000000070f200000, 0x000000070f400000|  0%| F|  |TAMS 0x000000070f200000| PB 0x000000070f200000| Untracked |  0
|  42|0x000000070f400000, 0x000000070f400000, 0x000000070f600000|  0%| F|  |TAMS 0x000000070f400000| PB 0x000000070f400000| Untracked |  0
|  43|0x000000070f600000, 0x000000070f600000, 0x000000070f800000|  0%| F|  |TAMS 0x000000070f600000| PB 0x000000070f600000| Untracked |  0
|  44|0x000000070f800000, 0x000000070f800000, 0x000000070fa00000|  0%| F|  |TAMS 0x000000070f800000| PB 0x000000070f800000| Untracked |  0
|  45|0x000000070fa00000, 0x000000070fa00000, 0x000000070fc00000|  0%| F|  |TAMS 0x000000070fa00000| PB 0x000000070fa00000| Untracked |  0
|  46|0x000000070fc00000, 0x000000070fc00000, 0x000000070fe00000|  0%| F|  |TAMS 0x000000070fc00000| PB 0x000000070fc00000| Untracked |  0
|  47|0x000000070fe00000, 0x000000070fe00000, 0x0000000710000000|  0%| F|  |TAMS 0x000000070fe00000| PB 0x000000070fe00000| Untracked |  0
|  48|0x0000000710000000, 0x0000000710000000, 0x0000000710200000|  0%| F|  |TAMS 0x0000000710000000| PB 0x0000000710000000| Untracked |  0
|  49|0x0000000710200000, 0x0000000710200000, 0x0000000710400000|  0%| F|  |TAMS 0x0000000710200000| PB 0x0000000710200000| Untracked |  0
|  50|0x0000000710400000, 0x0000000710400000, 0x0000000710600000|  0%| F|  |TAMS 0x0000000710400000| PB 0x0000000710400000| Untracked |  0
|  51|0x0000000710600000, 0x0000000710600000, 0x0000000710800000|  0%| F|  |TAMS 0x0000000710600000| PB 0x0000000710600000| Untracked |  0
|  52|0x0000000710800000, 0x0000000710800000, 0x0000000710a00000|  0%| F|  |TAMS 0x0000000710800000| PB 0x0000000710800000| Untracked |  0
|  53|0x0000000710a00000, 0x0000000710a00000, 0x0000000710c00000|  0%| F|  |TAMS 0x0000000710a00000| PB 0x0000000710a00000| Untracked |  0
|  54|0x0000000710c00000, 0x0000000710c00000, 0x0000000710e00000|  0%| F|  |TAMS 0x0000000710c00000| PB 0x0000000710c00000| Untracked |  0
|  55|0x0000000710e00000, 0x0000000710e00000, 0x0000000711000000|  0%| F|  |TAMS 0x0000000710e00000| PB 0x0000000710e00000| Untracked |  0
|  56|0x0000000711000000, 0x0000000711000000, 0x0000000711200000|  0%| F|  |TAMS 0x0000000711000000| PB 0x0000000711000000| Untracked |  0
|  57|0x0000000711200000, 0x0000000711200000, 0x0000000711400000|  0%| F|  |TAMS 0x0000000711200000| PB 0x0000000711200000| Untracked |  0
|  58|0x0000000711400000, 0x0000000711400000, 0x0000000711600000|  0%| F|  |TAMS 0x0000000711400000| PB 0x0000000711400000| Untracked |  0
|  59|0x0000000711600000, 0x0000000711600000, 0x0000000711800000|  0%| F|  |TAMS 0x0000000711600000| PB 0x0000000711600000| Untracked |  0
|  60|0x0000000711800000, 0x0000000711800000, 0x0000000711a00000|  0%| F|  |TAMS 0x0000000711800000| PB 0x0000000711800000| Untracked |  0
|  61|0x0000000711a00000, 0x0000000711a00000, 0x0000000711c00000|  0%| F|  |TAMS 0x0000000711a00000| PB 0x0000000711a00000| Untracked |  0
|  62|0x0000000711c00000, 0x0000000711c00000, 0x0000000711e00000|  0%| F|  |TAMS 0x0000000711c00000| PB 0x0000000711c00000| Untracked |  0
|  63|0x0000000711e00000, 0x0000000711e00000, 0x0000000712000000|  0%| F|  |TAMS 0x0000000711e00000| PB 0x0000000711e00000| Untracked |  0
|  64|0x0000000712000000, 0x0000000712000000, 0x0000000712200000|  0%| F|  |TAMS 0x0000000712000000| PB 0x0000000712000000| Untracked |  0
|  65|0x0000000712200000, 0x0000000712200000, 0x0000000712400000|  0%| F|  |TAMS 0x0000000712200000| PB 0x0000000712200000| Untracked |  0
|  66|0x0000000712400000, 0x0000000712400000, 0x0000000712600000|  0%| F|  |TAMS 0x0000000712400000| PB 0x0000000712400000| Untracked |  0
|  67|0x0000000712600000, 0x0000000712600000, 0x0000000712800000|  0%| F|  |TAMS 0x0000000712600000| PB 0x0000000712600000| Untracked |  0
|  68|0x0000000712800000, 0x0000000712800000, 0x0000000712a00000|  0%| F|  |TAMS 0x0000000712800000| PB 0x0000000712800000| Untracked |  0
|  69|0x0000000712a00000, 0x0000000712a00000, 0x0000000712c00000|  0%| F|  |TAMS 0x0000000712a00000| PB 0x0000000712a00000| Untracked |  0
|  70|0x0000000712c00000, 0x0000000712c00000, 0x0000000712e00000|  0%| F|  |TAMS 0x0000000712c00000| PB 0x0000000712c00000| Untracked |  0
|  71|0x0000000712e00000, 0x0000000712e00000, 0x0000000713000000|  0%| F|  |TAMS 0x0000000712e00000| PB 0x0000000712e00000| Untracked |  0
|  72|0x0000000713000000, 0x0000000713000000, 0x0000000713200000|  0%| F|  |TAMS 0x0000000713000000| PB 0x0000000713000000| Untracked |  0
|  73|0x0000000713200000, 0x0000000713200000, 0x0000000713400000|  0%| F|  |TAMS 0x0000000713200000| PB 0x0000000713200000| Untracked |  0
|  74|0x0000000713400000, 0x0000000713400000, 0x0000000713600000|  0%| F|  |TAMS 0x0000000713400000| PB 0x0000000713400000| Untracked |  0
|  75|0x0000000713600000, 0x0000000713600000, 0x0000000713800000|  0%| F|  |TAMS 0x0000000713600000| PB 0x0000000713600000| Untracked |  0
|  76|0x0000000713800000, 0x0000000713800000, 0x0000000713a00000|  0%| F|  |TAMS 0x0000000713800000| PB 0x0000000713800000| Untracked |  0
|  77|0x0000000713a00000, 0x0000000713a00000, 0x0000000713c00000|  0%| F|  |TAMS 0x0000000713a00000| PB 0x0000000713a00000| Untracked |  0
|  78|0x0000000713c00000, 0x0000000713c00000, 0x0000000713e00000|  0%| F|  |TAMS 0x0000000713c00000| PB 0x0000000713c00000| Untracked |  0
|  79|0x0000000713e00000, 0x0000000713e00000, 0x0000000714000000|  0%| F|  |TAMS 0x0000000713e00000| PB 0x0000000713e00000| Untracked |  0
|  80|0x0000000714000000, 0x0000000714000000, 0x0000000714200000|  0%| F|  |TAMS 0x0000000714000000| PB 0x0000000714000000| Untracked |  0
|  81|0x0000000714200000, 0x0000000714200000, 0x0000000714400000|  0%| F|  |TAMS 0x0000000714200000| PB 0x0000000714200000| Untracked |  0
|  82|0x0000000714400000, 0x0000000714400000, 0x0000000714600000|  0%| F|  |TAMS 0x0000000714400000| PB 0x0000000714400000| Untracked |  0
|  83|0x0000000714600000, 0x0000000714600000, 0x0000000714800000|  0%| F|  |TAMS 0x0000000714600000| PB 0x0000000714600000| Untracked |  0
|  84|0x0000000714800000, 0x0000000714800000, 0x0000000714a00000|  0%| F|  |TAMS 0x0000000714800000| PB 0x0000000714800000| Untracked |  0
|  85|0x0000000714a00000, 0x0000000714a00000, 0x0000000714c00000|  0%| F|  |TAMS 0x0000000714a00000| PB 0x0000000714a00000| Untracked |  0
|  86|0x0000000714c00000, 0x0000000714c00000, 0x0000000714e00000|  0%| F|  |TAMS 0x0000000714c00000| PB 0x0000000714c00000| Untracked |  0
|  87|0x0000000714e00000, 0x0000000714e00000, 0x0000000715000000|  0%| F|  |TAMS 0x0000000714e00000| PB 0x0000000714e00000| Untracked |  0
|  88|0x0000000715000000, 0x0000000715000000, 0x0000000715200000|  0%| F|  |TAMS 0x0000000715000000| PB 0x0000000715000000| Untracked |  0
|  89|0x0000000715200000, 0x0000000715200000, 0x0000000715400000|  0%| F|  |TAMS 0x0000000715200000| PB 0x0000000715200000| Untracked |  0
|  90|0x0000000715400000, 0x0000000715400000, 0x0000000715600000|  0%| F|  |TAMS 0x0000000715400000| PB 0x0000000715400000| Untracked |  0
|  91|0x0000000715600000, 0x0000000715600000, 0x0000000715800000|  0%| F|  |TAMS 0x0000000715600000| PB 0x0000000715600000| Untracked |  0
|  92|0x0000000715800000, 0x0000000715800000, 0x0000000715a00000|  0%| F|  |TAMS 0x0000000715800000| PB 0x0000000715800000| Untracked |  0
|  93|0x0000000715a00000, 0x0000000715a00000, 0x0000000715c00000|  0%| F|  |TAMS 0x0000000715a00000| PB 0x0000000715a00000| Untracked |  0
|  94|0x0000000715c00000, 0x0000000715c00000, 0x0000000715e00000|  0%| F|  |TAMS 0x0000000715c00000| PB 0x0000000715c00000| Untracked |  0
|  95|0x0000000715e00000, 0x0000000715e00000, 0x0000000716000000|  0%| F|  |TAMS 0x0000000715e00000| PB 0x0000000715e00000| Untracked |  0
|  96|0x0000000716000000, 0x0000000716090000, 0x0000000716200000| 28%| S|CS|TAMS 0x0000000716000000| PB 0x0000000716000000| Complete |  0
|  97|0x0000000716200000, 0x0000000716400000, 0x0000000716400000|100%| S|CS|TAMS 0x0000000716200000| PB 0x0000000716200000| Complete |  0
|  98|0x0000000716400000, 0x0000000716600000, 0x0000000716600000|100%| S|CS|TAMS 0x0000000716400000| PB 0x0000000716400000| Complete |  0
|  99|0x0000000716600000, 0x00000007167a0db0, 0x0000000716800000| 81%| E|  |TAMS 0x0000000716600000| PB 0x0000000716600000| Complete |  0
| 100|0x0000000716800000, 0x0000000716a00000, 0x0000000716a00000|100%| E|CS|TAMS 0x0000000716800000| PB 0x0000000716800000| Complete |  0
| 101|0x0000000716a00000, 0x0000000716c00000, 0x0000000716c00000|100%| E|CS|TAMS 0x0000000716a00000| PB 0x0000000716a00000| Complete |  0
| 102|0x0000000716c00000, 0x0000000716e00000, 0x0000000716e00000|100%| E|CS|TAMS 0x0000000716c00000| PB 0x0000000716c00000| Complete |  0
| 103|0x0000000716e00000, 0x0000000717000000, 0x0000000717000000|100%| E|CS|TAMS 0x0000000716e00000| PB 0x0000000716e00000| Complete |  0
| 104|0x0000000717000000, 0x0000000717200000, 0x0000000717200000|100%| E|CS|TAMS 0x0000000717000000| PB 0x0000000717000000| Complete |  0
| 105|0x0000000717200000, 0x0000000717400000, 0x0000000717400000|100%| E|CS|TAMS 0x0000000717200000| PB 0x0000000717200000| Complete |  0
| 106|0x0000000717400000, 0x0000000717600000, 0x0000000717600000|100%| E|CS|TAMS 0x0000000717400000| PB 0x0000000717400000| Complete |  0
| 107|0x0000000717600000, 0x0000000717800000, 0x0000000717800000|100%| E|CS|TAMS 0x0000000717600000| PB 0x0000000717600000| Complete |  0
| 108|0x0000000717800000, 0x0000000717a00000, 0x0000000717a00000|100%| E|CS|TAMS 0x0000000717800000| PB 0x0000000717800000| Complete |  0
| 109|0x0000000717a00000, 0x0000000717c00000, 0x0000000717c00000|100%| E|CS|TAMS 0x0000000717a00000| PB 0x0000000717a00000| Complete |  0
| 110|0x0000000717c00000, 0x0000000717e00000, 0x0000000717e00000|100%| E|CS|TAMS 0x0000000717c00000| PB 0x0000000717c00000| Complete |  0
| 111|0x0000000717e00000, 0x0000000718000000, 0x0000000718000000|100%| E|CS|TAMS 0x0000000717e00000| PB 0x0000000717e00000| Complete |  0
| 112|0x0000000718000000, 0x0000000718200000, 0x0000000718200000|100%| E|CS|TAMS 0x0000000718000000| PB 0x0000000718000000| Complete |  0
| 113|0x0000000718200000, 0x0000000718400000, 0x0000000718400000|100%| E|CS|TAMS 0x0000000718200000| PB 0x0000000718200000| Complete |  0
| 114|0x0000000718400000, 0x0000000718600000, 0x0000000718600000|100%| E|CS|TAMS 0x0000000718400000| PB 0x0000000718400000| Complete |  0
| 115|0x0000000718600000, 0x0000000718800000, 0x0000000718800000|100%| E|CS|TAMS 0x0000000718600000| PB 0x0000000718600000| Complete |  0
| 116|0x0000000718800000, 0x0000000718a00000, 0x0000000718a00000|100%| E|CS|TAMS 0x0000000718800000| PB 0x0000000718800000| Complete |  0
| 117|0x0000000718a00000, 0x0000000718c00000, 0x0000000718c00000|100%| E|CS|TAMS 0x0000000718a00000| PB 0x0000000718a00000| Complete |  0
| 118|0x0000000718c00000, 0x0000000718e00000, 0x0000000718e00000|100%| E|CS|TAMS 0x0000000718c00000| PB 0x0000000718c00000| Complete |  0
| 119|0x0000000718e00000, 0x0000000719000000, 0x0000000719000000|100%| E|CS|TAMS 0x0000000718e00000| PB 0x0000000718e00000| Complete |  0
| 120|0x0000000719000000, 0x0000000719200000, 0x0000000719200000|100%| E|CS|TAMS 0x0000000719000000| PB 0x0000000719000000| Complete |  0
| 121|0x0000000719200000, 0x0000000719400000, 0x0000000719400000|100%| E|CS|TAMS 0x0000000719200000| PB 0x0000000719200000| Complete |  0
| 122|0x0000000719400000, 0x0000000719600000, 0x0000000719600000|100%| E|CS|TAMS 0x0000000719400000| PB 0x0000000719400000| Complete |  0
|1967|0x00000007ffe00000, 0x00000007fff1c318, 0x0000000800000000| 55%| O|  |TAMS 0x00000007ffe00000| PB 0x00000007ffe00000| Untracked |  0

Card table byte_map: [0x0000021ff5550000,0x0000021ff5d00000] _byte_map_base: 0x0000021ff1d00000

Marking Bits: (CMBitMap*) 0x0000021febdb4060
 Bits: [0x0000021ff5d00000, 0x0000021ff9a80000)

Polling page: 0x0000021fe9f10000

Metaspace:

Usage:
  Non-class:     13.57 MB used.
      Class:      1.49 MB used.
       Both:     15.06 MB used.

Virtual space:
  Non-class space:       64.00 MB reserved,      13.69 MB ( 21%) committed,  1 nodes.
      Class space:        1.00 GB reserved,       1.62 MB ( <1%) committed,  1 nodes.
             Both:        1.06 GB reserved,      15.31 MB (  1%) committed. 

Chunk freelists:
   Non-Class:  2.11 MB
       Class:  14.35 MB
        Both:  16.46 MB

MaxMetaspaceSize: unlimited
CompressedClassSpaceSize: 1.00 GB
Initial GC threshold: 21.00 MB
Current GC threshold: 21.00 MB
CDS: on
 - commit_granule_bytes: 65536.
 - commit_granule_words: 8192.
 - virtual_space_node_default_size: 8388608.
 - enlarge_chunks_in_place: 1.
UseCompressedClassPointers 1, UseCompactObjectHeaders 0
Narrow klass pointer bits 32, Max shift 3
Narrow klass base: 0x0000021f8f000000, Narrow klass shift: 0
Encoding Range: [0x0000021f8f000000 - 0x000002208f000000), (4294967296 bytes)
Klass Range:    [0x0000021f8f000000 - 0x0000021fd0000000), (1090519040 bytes)
Klass ID Range:  [8 - 1090519033) (1090519025)


Internal statistics:

num_allocs_failed_limit: 0.
num_arena_births: 178.
num_arena_deaths: 0.
num_vsnodes_births: 2.
num_vsnodes_deaths: 0.
num_space_committed: 245.
num_space_uncommitted: 0.
num_chunks_returned_to_freelist: 0.
num_chunks_taken_from_freelist: 706.
num_chunk_merges: 0.
num_chunk_splits: 472.
num_chunks_enlarged: 363.
num_inconsistent_stats: 0.

CodeHeap 'non-profiled nmethods': size=120064Kb used=1299Kb max_used=1299Kb free=118764Kb
 bounds [0x0000021f87ac0000, 0x0000021f87d30000, 0x0000021f8f000000]
CodeHeap 'profiled nmethods': size=120000Kb used=6193Kb max_used=6193Kb free=113806Kb
 bounds [0x0000021f80000000, 0x0000021f80610000, 0x0000021f87530000]
CodeHeap 'non-nmethods': size=5696Kb used=1340Kb max_used=1412Kb free=4355Kb
 bounds [0x0000021f87530000, 0x0000021f877a0000, 0x0000021f87ac0000]
CodeCache: size=245760Kb, used=8832Kb, max_used=8904Kb, free=236925Kb
 total_blobs=4187, nmethods=3685, adapters=406, full_count=0
Compilation: enabled, stopped_count=0, restarted_count=0

Compilation events (20 events):
Event: 67.197 Thread 0x0000021ffc6fc440 nmethod 3663 0x0000021f87c03a08 code [0x0000021f87c03b00, 0x0000021f87c03bc8]
Event: 67.198 Thread 0x0000021ffc6fc440 3664   !   3       jdk.internal.reflect.MethodHandleAccessorFactory::newFieldAccessor (240 bytes)
Event: 67.198 Thread 0x0000021ffc6fc440 nmethod 3664 0x0000021f80604b88 code [0x0000021f80604e60, 0x0000021f80605ef0]
Event: 67.198 Thread 0x0000021ffc6fc440 3665       3       jdk.internal.reflect.MethodHandleObjectFieldAccessorImpl::fieldAccessor (96 bytes)
Event: 67.199 Thread 0x0000021ffc6fc440 nmethod 3665 0x0000021f80605f88 code [0x0000021f806061c0, 0x0000021f80607018]
Event: 67.199 Thread 0x0000021ffc6fc440 3666       3       jdk.internal.reflect.MethodHandleObjectFieldAccessorImpl::<init> (12 bytes)
Event: 67.199 Thread 0x0000021ffc6fc440 nmethod 3666 0x0000021f80607088 code [0x0000021f806071a0, 0x0000021f806072d0]
Event: 67.199 Thread 0x0000021ffc6fc440 3667       3       jdk.internal.reflect.MethodHandleFieldAccessorImpl::<init> (44 bytes)
Event: 67.199 Thread 0x0000021ffc6fc440 nmethod 3667 0x0000021f80607388 code [0x0000021f806074c0, 0x0000021f80607848]
Event: 67.199 Thread 0x0000021ffc6fc440 3668       3       jdk.internal.reflect.FieldAccessorImpl::<init> (10 bytes)
Event: 67.199 Thread 0x0000021ffc6fc440 nmethod 3668 0x0000021f80607888 code [0x0000021f806079a0, 0x0000021f80607b60]
Event: 67.199 Thread 0x0000021ffc6fc440 3669       3       java.lang.reflect.Field::setOverrideFieldAccessor (20 bytes)
Event: 67.199 Thread 0x0000021ffc6fc440 nmethod 3669 0x0000021f80607b88 code [0x0000021f80607cc0, 0x0000021f80607f90]
Event: 67.200 Thread 0x0000021ffc6fb8c0 3670       4       jdk.internal.util.StrongReferenceKey::equals (28 bytes)
Event: 67.200 Thread 0x0000021ffc6fc440 3671       3       java.lang.reflect.Executable::isVarArgs (17 bytes)
Event: 67.200 Thread 0x0000021ffc6fc440 nmethod 3671 0x0000021f80608008 code [0x0000021f80608120, 0x0000021f80608338]
Event: 67.201 Thread 0x0000021ffc6fc440 3673  s    1       java.lang.StringBuffer::length (5 bytes)
Event: 67.201 Thread 0x0000021ffc6fc440 nmethod 3673 0x0000021f87c03d08 code [0x0000021f87c03e20, 0x0000021f87c04030]
Event: 67.202 Thread 0x0000021ffc6fc440 3674       3       java.lang.CharacterDataLatin1::equalsIgnoreCase (63 bytes)
Event: 67.202 Thread 0x0000021ffc6fc440 nmethod 3674 0x0000021f80608388 code [0x0000021f806084c0, 0x0000021f80608768]

GC Heap History (2 events):
Event: 1.484 GC heap before
{Heap before GC invocations=0 (full 0):
 garbage-first heap   total reserved 4030464K, committed 253952K, used 50288K [0x000000070a000000, 0x0000000800000000)
  region size 2048K, 24 young (49152K), 0 survivors (0K)
 Metaspace       used 9445K, committed 9664K, reserved 1114112K
  class space    used 850K, committed 960K, reserved 1048576K
}
Event: 1.492 GC heap after
{Heap after GC invocations=1 (full 0):
 garbage-first heap   total reserved 4030464K, committed 253952K, used 5808K [0x000000070a000000, 0x0000000800000000)
  region size 2048K, 3 young (6144K), 3 survivors (6144K)
 Metaspace       used 9445K, committed 9664K, reserved 1114112K
  class space    used 850K, committed 960K, reserved 1048576K
}

Dll operation events (8 events):
Event: 0.014 Loaded shared library C:\Program Files\Apache NetBeans\jdk\bin\java.dll
Event: 0.049 Loaded shared library C:\Program Files\Apache NetBeans\jdk\bin\jsvml.dll
Event: 0.063 Loaded shared library C:\Program Files\Apache NetBeans\jdk\bin\net.dll
Event: 0.065 Loaded shared library C:\Program Files\Apache NetBeans\jdk\bin\nio.dll
Event: 0.070 Loaded shared library C:\Program Files\Apache NetBeans\jdk\bin\zip.dll
Event: 0.250 Loaded shared library C:\Program Files\Apache NetBeans\java\maven\lib\jansi-native\Windows\x86_64\jansi.dll
Event: 0.253 Loaded shared library C:\Program Files\Apache NetBeans\jdk\bin\jimage.dll
Event: 0.267 Loaded shared library C:\Program Files\Apache NetBeans\jdk\bin\verify.dll

Deoptimization events (20 events):
Event: 3.160 Thread 0x0000021fe99b5ee0 Uncommon trap: trap_request=0xffffff4d fr.pc=0x0000021f87acccc4 relative=0x0000000000000144
Event: 3.160 Thread 0x0000021fe99b5ee0 Uncommon trap: reason=unstable_if action=reinterpret pc=0x0000021f87acccc4 method=java.lang.String.indexOf(I)I @ 4 c2
Event: 3.160 Thread 0x0000021fe99b5ee0 DEOPT PACKING pc=0x0000021f87acccc4 sp=0x0000002416ffdcc0
Event: 3.160 Thread 0x0000021fe99b5ee0 DEOPT UNPACKING pc=0x0000021f87646e82 sp=0x0000002416ffdc60 mode 2
Event: 3.160 Thread 0x0000021fe99b5ee0 Uncommon trap: trap_request=0xffffff4d fr.pc=0x0000021f87af8140 relative=0x0000000000000580
Event: 3.160 Thread 0x0000021fe99b5ee0 Uncommon trap: reason=unstable_if action=reinterpret pc=0x0000021f87af8140 method=java.lang.String.substring(II)Ljava/lang/String; @ 31 c2
Event: 3.160 Thread 0x0000021fe99b5ee0 DEOPT PACKING pc=0x0000021f87af8140 sp=0x0000002416ffdc60
Event: 3.160 Thread 0x0000021fe99b5ee0 DEOPT UNPACKING pc=0x0000021f87646e82 sp=0x0000002416ffdc30 mode 2
Event: 3.161 Thread 0x0000021fe99b5ee0 Uncommon trap: trap_request=0xffffff4d fr.pc=0x0000021f87bd386c relative=0x00000000000002cc
Event: 3.161 Thread 0x0000021fe99b5ee0 Uncommon trap: reason=unstable_if action=reinterpret pc=0x0000021f87bd386c method=java.lang.StringUTF16.compress([CII)[B @ 17 c2
Event: 3.161 Thread 0x0000021fe99b5ee0 DEOPT PACKING pc=0x0000021f87bd386c sp=0x0000002416ffda80
Event: 3.161 Thread 0x0000021fe99b5ee0 DEOPT UNPACKING pc=0x0000021f87646e82 sp=0x0000002416ffd990 mode 2
Event: 3.186 Thread 0x0000021fe99b5ee0 Uncommon trap: trap_request=0xffffff4d fr.pc=0x0000021f87bd7e34 relative=0x0000000000000514
Event: 3.186 Thread 0x0000021fe99b5ee0 Uncommon trap: reason=unstable_if action=reinterpret pc=0x0000021f87bd7e34 method=java.lang.String.indexOf(Ljava/lang/String;)I @ 10 c2
Event: 3.186 Thread 0x0000021fe99b5ee0 DEOPT PACKING pc=0x0000021f87bd7e34 sp=0x0000002416ffdf70
Event: 3.186 Thread 0x0000021fe99b5ee0 DEOPT UNPACKING pc=0x0000021f87646e82 sp=0x0000002416ffde30 mode 2
Event: 3.653 Thread 0x0000021fe99b5ee0 Uncommon trap: trap_request=0xffffffcc fr.pc=0x0000021f87be78ec relative=0x00000000000003ac
Event: 3.653 Thread 0x0000021fe99b5ee0 Uncommon trap: reason=intrinsic_or_type_checked_inlining action=make_not_entrant pc=0x0000021f87be78ec method=java.util.Arrays.copyOf([Ljava/lang/Object;ILjava/lang/Class;)[Ljava/lang/Object; @ 35 c2
Event: 3.653 Thread 0x0000021fe99b5ee0 DEOPT PACKING pc=0x0000021f87be78ec sp=0x0000002416ffe4e0
Event: 3.653 Thread 0x0000021fe99b5ee0 DEOPT UNPACKING pc=0x0000021f87646e82 sp=0x0000002416ffe470 mode 2

Classes loaded (20 events):
Event: 2.690 Loading class java/util/spi/ResourceBundleProvider
Event: 2.690 Loading class java/util/spi/ResourceBundleProvider done
Event: 2.690 Loading class sun/util/resources/LocaleData$LocaleDataResourceBundleProvider done
Event: 2.690 Loading class sun/util/resources/LocaleData$CommonResourceBundleProvider done
Event: 2.730 Loading class java/util/stream/IntStream
Event: 2.731 Loading class java/util/stream/IntStream done
Event: 2.731 Loading class java/util/Spliterators$EmptySpliterator$OfInt
Event: 2.731 Loading class java/util/Spliterator$OfInt
Event: 2.731 Loading class java/util/Spliterator$OfPrimitive
Event: 2.731 Loading class java/util/Spliterator$OfPrimitive done
Event: 2.731 Loading class java/util/Spliterator$OfInt done
Event: 2.731 Loading class java/util/Spliterators$EmptySpliterator$OfInt done
Event: 2.731 Loading class java/util/stream/IntPipeline$Head
Event: 2.731 Loading class java/util/stream/IntPipeline
Event: 2.731 Loading class java/util/stream/IntPipeline done
Event: 2.731 Loading class java/util/stream/IntPipeline$Head done
Event: 2.897 Loading class java/util/stream/Streams$RangeIntSpliterator
Event: 2.897 Loading class java/util/stream/Streams$RangeIntSpliterator done
Event: 67.189 Loading class java/io/InterruptedIOException
Event: 67.189 Loading class java/io/InterruptedIOException done

Classes unloaded (0 events):
No events

Classes redefined (0 events):
No events

Internal exceptions (20 events):
Event: 67.201 Thread 0x0000021fe99b5ee0 Exception <a 'java/io/IOException'{0x000000071663b0f8}> (0x000000071663b0f8) 
thrown [s\src\hotspot\share\prims\jni.cpp, line 518]
Event: 67.201 Thread 0x0000021fe99b5ee0 Exception <a 'java/io/IOException'{0x000000071663b6f8}> (0x000000071663b6f8) 
thrown [s\src\hotspot\share\prims\jni.cpp, line 518]
Event: 67.201 Thread 0x0000021fe99b5ee0 Exception <a 'java/io/IOException'{0x000000071663bcc0}> (0x000000071663bcc0) 
thrown [s\src\hotspot\share\prims\jni.cpp, line 518]
Event: 67.201 Thread 0x0000021fe99b5ee0 Exception <a 'java/io/IOException'{0x000000071663bfd8}> (0x000000071663bfd8) 
thrown [s\src\hotspot\share\prims\jni.cpp, line 518]
Event: 67.201 Thread 0x0000021fe99b5ee0 Exception <a 'java/io/IOException'{0x000000071663cf68}> (0x000000071663cf68) 
thrown [s\src\hotspot\share\prims\jni.cpp, line 518]
Event: 67.202 Thread 0x0000021fe99b5ee0 Exception <a 'java/io/IOException'{0x000000071663d568}> (0x000000071663d568) 
thrown [s\src\hotspot\share\prims\jni.cpp, line 518]
Event: 67.202 Thread 0x0000021fe99b5ee0 Exception <a 'java/io/IOException'{0x000000071663db30}> (0x000000071663db30) 
thrown [s\src\hotspot\share\prims\jni.cpp, line 518]
Event: 67.202 Thread 0x0000021fe99b5ee0 Exception <a 'java/io/IOException'{0x000000071663de48}> (0x000000071663de48) 
thrown [s\src\hotspot\share\prims\jni.cpp, line 518]
Event: 67.202 Thread 0x0000021fe99b5ee0 Exception <a 'java/io/IOException'{0x000000071663e7e8}> (0x000000071663e7e8) 
thrown [s\src\hotspot\share\prims\jni.cpp, line 518]
Event: 67.202 Thread 0x0000021fe99b5ee0 Exception <a 'java/io/IOException'{0x000000071663ede8}> (0x000000071663ede8) 
thrown [s\src\hotspot\share\prims\jni.cpp, line 518]
Event: 67.202 Thread 0x0000021fe99b5ee0 Exception <a 'java/io/IOException'{0x000000071663f3b0}> (0x000000071663f3b0) 
thrown [s\src\hotspot\share\prims\jni.cpp, line 518]
Event: 67.202 Thread 0x0000021fe99b5ee0 Exception <a 'java/io/IOException'{0x000000071663f6c8}> (0x000000071663f6c8) 
thrown [s\src\hotspot\share\prims\jni.cpp, line 518]
Event: 67.202 Thread 0x0000021fe99b5ee0 Exception <a 'java/io/IOException'{0x0000000716640f60}> (0x0000000716640f60) 
thrown [s\src\hotspot\share\prims\jni.cpp, line 518]
Event: 67.202 Thread 0x0000021fe99b5ee0 Exception <a 'java/io/IOException'{0x0000000716641560}> (0x0000000716641560) 
thrown [s\src\hotspot\share\prims\jni.cpp, line 518]
Event: 67.202 Thread 0x0000021fe99b5ee0 Exception <a 'java/io/IOException'{0x0000000716641b28}> (0x0000000716641b28) 
thrown [s\src\hotspot\share\prims\jni.cpp, line 518]
Event: 67.202 Thread 0x0000021fe99b5ee0 Exception <a 'java/io/IOException'{0x0000000716641e40}> (0x0000000716641e40) 
thrown [s\src\hotspot\share\prims\jni.cpp, line 518]
Event: 67.202 Thread 0x0000021fe99b5ee0 Exception <a 'java/io/IOException'{0x0000000716642ac0}> (0x0000000716642ac0) 
thrown [s\src\hotspot\share\prims\jni.cpp, line 518]
Event: 67.202 Thread 0x0000021fe99b5ee0 Exception <a 'java/io/IOException'{0x00000007166430c0}> (0x00000007166430c0) 
thrown [s\src\hotspot\share\prims\jni.cpp, line 518]
Event: 67.202 Thread 0x0000021fe99b5ee0 Exception <a 'java/io/IOException'{0x0000000716643688}> (0x0000000716643688) 
thrown [s\src\hotspot\share\prims\jni.cpp, line 518]
Event: 67.202 Thread 0x0000021fe99b5ee0 Exception <a 'java/io/IOException'{0x00000007166439a0}> (0x00000007166439a0) 
thrown [s\src\hotspot\share\prims\jni.cpp, line 518]

VM Operations (20 events):
Event: 1.792 Executing VM operation: HandshakeAllThreads (Deoptimize)
Event: 1.792 Executing VM operation: HandshakeAllThreads (Deoptimize) done
Event: 1.861 Executing VM operation: HandshakeAllThreads (Deoptimize)
Event: 1.861 Executing VM operation: HandshakeAllThreads (Deoptimize) done
Event: 2.077 Executing VM operation: HandshakeAllThreads (Deoptimize)
Event: 2.077 Executing VM operation: HandshakeAllThreads (Deoptimize) done
Event: 2.230 Executing VM operation: HandshakeAllThreads (Deoptimize)
Event: 2.230 Executing VM operation: HandshakeAllThreads (Deoptimize) done
Event: 2.307 Executing VM operation: HandshakeAllThreads (Deoptimize)
Event: 2.307 Executing VM operation: HandshakeAllThreads (Deoptimize) done
Event: 2.354 Executing VM operation: HandshakeAllThreads (Deoptimize)
Event: 2.354 Executing VM operation: HandshakeAllThreads (Deoptimize) done
Event: 2.410 Executing VM operation: HandshakeAllThreads (Deoptimize)
Event: 2.410 Executing VM operation: HandshakeAllThreads (Deoptimize) done
Event: 2.411 Executing VM operation: HandshakeAllThreads (Deoptimize)
Event: 2.411 Executing VM operation: HandshakeAllThreads (Deoptimize) done
Event: 60.195 Executing VM operation: HandshakeAllThreads (HandshakeForDeflation)
Event: 60.195 Executing VM operation: HandshakeAllThreads (HandshakeForDeflation) done
Event: 60.195 Executing VM operation: RendezvousGCThreads
Event: 60.195 Executing VM operation: RendezvousGCThreads done

Memory protections (0 events):
No events

Nmethod flushes (0 events):
No events

Events (17 events):
Event: 0.030 Thread 0x0000021fe99b5ee0 Thread added: 0x0000021fe99b5ee0
Event: 0.046 Thread 0x0000021fe99b5ee0 Thread added: 0x0000021ffc6f5650
Event: 0.046 Thread 0x0000021fe99b5ee0 Thread added: 0x0000021ffc6f5d90
Event: 0.046 Thread 0x0000021fe99b5ee0 Thread added: 0x0000021ffc6f88d0
Event: 0.046 Thread 0x0000021fe99b5ee0 Thread added: 0x0000021ffc6f9400
Event: 0.046 Thread 0x0000021fe99b5ee0 Thread added: 0x0000021ffc6f9f30
Event: 0.046 Thread 0x0000021fe99b5ee0 Thread added: 0x0000021ffc6faa60
Event: 0.047 Thread 0x0000021fe99b5ee0 Thread added: 0x0000021ffc6fb8c0
Event: 0.047 Thread 0x0000021fe99b5ee0 Thread added: 0x0000021ffc6fc440
Event: 0.057 Thread 0x0000021fe99b5ee0 Thread added: 0x0000021fd4156fa0
Event: 0.060 Thread 0x0000021fe99b5ee0 Thread added: 0x0000021fd4159f00
Event: 0.137 Thread 0x0000021ffc6fc440 Thread added: 0x0000021fd41fb440
Event: 0.241 Thread 0x0000021fe99b5ee0 Thread added: 0x0000021fd43b47c0
Event: 0.272 Thread 0x0000021fd43b47c0 Thread exited: 0x0000021fd43b47c0
Event: 0.783 Thread 0x0000021ffc6fc440 Thread added: 0x0000021fd4eec740
Event: 1.365 Thread 0x0000021fd4eec740 Thread exited: 0x0000021fd4eec740
Event: 8.656 Thread 0x0000021fd41fb440 Thread exited: 0x0000021fd41fb440


Dynamic libraries:
0x00007ff69eb20000 - 0x00007ff69eb2e000 	C:\Program Files\Apache NetBeans\jdk\bin\java.exe
0x00007ffe349e0000 - 0x00007ffe34c48000 	C:\WINDOWS\SYSTEM32\ntdll.dll
0x00007ffe333c0000 - 0x00007ffe33489000 	C:\WINDOWS\System32\KERNEL32.DLL
0x00007ffe320c0000 - 0x00007ffe324ad000 	C:\WINDOWS\System32\KERNELBASE.dll
0x00007ffe324b0000 - 0x00007ffe325fb000 	C:\WINDOWS\System32\ucrtbase.dll
0x00007ffe22510000 - 0x00007ffe22526000 	C:\Program Files\Apache NetBeans\jdk\bin\jli.dll
0x00007ffe345c0000 - 0x00007ffe3478c000 	C:\WINDOWS\System32\USER32.dll
0x00007ffe31e60000 - 0x00007ffe31e87000 	C:\WINDOWS\System32\win32u.dll
0x00007ffe33220000 - 0x00007ffe3324b000 	C:\WINDOWS\System32\GDI32.dll
0x00007ffe31d20000 - 0x00007ffe31e57000 	C:\WINDOWS\System32\gdi32full.dll
0x00007ffe2eb40000 - 0x00007ffe2eb5e000 	C:\Program Files\Apache NetBeans\jdk\bin\VCRUNTIME140.dll
0x00007ffe31e90000 - 0x00007ffe31f33000 	C:\WINDOWS\System32\msvcp_win.dll
0x00007ffe1e3d0000 - 0x00007ffe1e66a000 	C:\WINDOWS\WinSxS\amd64_microsoft.windows.common-controls_6595b64144ccf1df_6.0.26100.4484_none_3e0e6d4ce32ef3b3\COMCTL32.dll
0x00007ffe33510000 - 0x00007ffe335b9000 	C:\WINDOWS\System32\msvcrt.dll
0x00007ffe33650000 - 0x00007ffe3367f000 	C:\WINDOWS\System32\IMM32.DLL
0x00007ffe2eb30000 - 0x00007ffe2eb3c000 	C:\Program Files\Apache NetBeans\jdk\bin\vcruntime140_1.dll
0x00007ffdaffb0000 - 0x00007ffdb003d000 	C:\Program Files\Apache NetBeans\jdk\bin\msvcp140.dll
0x00007ffdad470000 - 0x00007ffdae2ec000 	C:\Program Files\Apache NetBeans\jdk\bin\server\jvm.dll
0x00007ffe33ab0000 - 0x00007ffe33b64000 	C:\WINDOWS\System32\ADVAPI32.dll
0x00007ffe33970000 - 0x00007ffe33a16000 	C:\WINDOWS\System32\sechost.dll
0x00007ffe32c60000 - 0x00007ffe32d78000 	C:\WINDOWS\System32\RPCRT4.dll
0x00007ffe33490000 - 0x00007ffe33504000 	C:\WINDOWS\System32\WS2_32.dll
0x00007ffe31980000 - 0x00007ffe319de000 	C:\WINDOWS\SYSTEM32\POWRPROF.dll
0x00007ffe29b80000 - 0x00007ffe29bb5000 	C:\WINDOWS\SYSTEM32\WINMM.dll
0x00007ffe29bc0000 - 0x00007ffe29bcb000 	C:\WINDOWS\SYSTEM32\VERSION.dll
0x00007ffe31960000 - 0x00007ffe31974000 	C:\WINDOWS\SYSTEM32\UMPDC.dll
0x00007ffe308d0000 - 0x00007ffe308eb000 	C:\WINDOWS\SYSTEM32\kernel.appcore.dll
0x00007ffe23450000 - 0x00007ffe2345a000 	C:\Program Files\Apache NetBeans\jdk\bin\jimage.dll
0x00007ffe2a590000 - 0x00007ffe2a7d1000 	C:\WINDOWS\SYSTEM32\DBGHELP.DLL
0x00007ffe327f0000 - 0x00007ffe32b76000 	C:\WINDOWS\System32\combase.dll
0x00007ffe33b70000 - 0x00007ffe33c50000 	C:\WINDOWS\System32\OLEAUT32.dll
0x00007ffe1caa0000 - 0x00007ffe1cae3000 	C:\WINDOWS\SYSTEM32\dbgcore.DLL
0x00007ffe31b30000 - 0x00007ffe31bc9000 	C:\WINDOWS\System32\bcryptPrimitives.dll
0x00007ffe23460000 - 0x00007ffe2347e000 	C:\Program Files\Apache NetBeans\jdk\bin\java.dll
0x00007ffe33cc0000 - 0x00007ffe33e5e000 	C:\WINDOWS\System32\ole32.dll
0x00007ffe33e70000 - 0x00007ffe345ba000 	C:\WINDOWS\System32\SHELL32.dll
0x00007ffe31f40000 - 0x00007ffe320b4000 	C:\WINDOWS\System32\wintypes.dll
0x00007ffe2f7b0000 - 0x00007ffe3000b000 	C:\WINDOWS\SYSTEM32\windows.storage.dll
0x00007ffe33690000 - 0x00007ffe33785000 	C:\WINDOWS\System32\SHCORE.dll
0x00007ffe32780000 - 0x00007ffe327ea000 	C:\WINDOWS\System32\shlwapi.dll
0x00007ffe31a40000 - 0x00007ffe31a6f000 	C:\WINDOWS\SYSTEM32\profapi.dll
0x00007ffdad390000 - 0x00007ffdad467000 	C:\Program Files\Apache NetBeans\jdk\bin\jsvml.dll
0x00007ffdb6ca0000 - 0x00007ffdb6cb0000 	C:\Program Files\Apache NetBeans\jdk\bin\net.dll
0x00007ffe30e60000 - 0x00007ffe30eca000 	C:\WINDOWS\system32\mswsock.dll
0x00007ffdae6e0000 - 0x00007ffdae6f6000 	C:\Program Files\Apache NetBeans\jdk\bin\nio.dll
0x00007ffdbb7d0000 - 0x00007ffdbb7e7000 	C:\Program Files\Apache NetBeans\jdk\bin\zip.dll
0x00007ffe18eb0000 - 0x00007ffe18ed4000 	C:\Program Files\Apache NetBeans\java\maven\lib\jansi-native\Windows\x86_64\jansi.dll
0x00007ffdb6ba0000 - 0x00007ffdb6bb0000 	C:\Program Files\Apache NetBeans\jdk\bin\verify.dll

JVMTI agents: none

dbghelp: loaded successfully - version: 4.0.5 - missing functions: none
symbol engine: initialized successfully - sym options: 0x614 - pdb path: .;C:\Program Files\Apache NetBeans\jdk\bin;C:\WINDOWS\SYSTEM32;C:\WINDOWS\WinSxS\amd64_microsoft.windows.common-controls_6595b64144ccf1df_6.0.26100.4484_none_3e0e6d4ce32ef3b3;C:\Program Files\Apache NetBeans\jdk\bin\server;C:\Program Files\Apache NetBeans\java\maven\lib\jansi-native\Windows\x86_64

VM Arguments:
jvm_args: --enable-native-access=ALL-UNNAMED -Dclassworlds.conf=C:\Program Files\Apache NetBeans\java\maven\bin\m2.conf -Dmaven.home=C:\Program Files\Apache NetBeans\java\maven -Dlibrary.jansi.path=C:\Program Files\Apache NetBeans\java\maven\lib\jansi-native -Dmaven.multiModuleProjectDirectory=C:\Users\josee\OneDrive\Desktop\Desarrollo de Apps Web\soda-master(prueba1)\soda-master 
java_command: org.codehaus.plexus.classworlds.launcher.Launcher -Dmaven.ext.class.path=C:\Program Files\Apache NetBeans\java\maven-nblib\netbeans-eventspy.jar --no-transfer-progress install
java_class_path (initial): C:\Program Files\Apache NetBeans\java\maven\boot\plexus-classworlds-2.9.0.jar
Launcher Type: SUN_STANDARD

[Global flags]
     intx CICompilerCount                          = 4                                         {product} {ergonomic}
     uint ConcGCThreads                            = 3                                         {product} {ergonomic}
     uint G1ConcRefinementThreads                  = 10                                        {product} {ergonomic}
   size_t G1HeapRegionSize                         = 2097152                                   {product} {ergonomic}
   size_t InitialHeapSize                          = 257949696                                 {product} {ergonomic}
   size_t MarkStackSize                            = 4194304                                   {product} {ergonomic}
   size_t MarkStackSizeMax                         = 536870912                                 {product} {ergonomic}
   size_t MaxHeapSize                              = 4127195136                                {product} {ergonomic}
   size_t MaxNewSize                               = 2474639360                                {product} {ergonomic}
   size_t MinHeapDeltaBytes                        = 2097152                                   {product} {ergonomic}
   size_t MinHeapSize                              = 8388608                                   {product} {ergonomic}
    uintx NonNMethodCodeHeapSize                   = 5832704                                {pd product} {ergonomic}
    uintx NonProfiledCodeHeapSize                  = 122945536                              {pd product} {ergonomic}
    uintx ProfiledCodeHeapSize                     = 122880000                              {pd product} {ergonomic}
    uintx ReservedCodeCacheSize                    = 251658240                              {pd product} {ergonomic}
     bool SegmentedCodeCache                       = true                                      {product} {ergonomic}
   size_t SoftMaxHeapSize                          = 4127195136                             {manageable} {ergonomic}
     bool UseCompressedOops                        = true                           {product lp64_product} {ergonomic}
     bool UseG1GC                                  = true                                      {product} {ergonomic}
     bool UseLargePagesIndividualAllocation        = false                                  {pd product} {ergonomic}

Logging:
Log output configuration:
 #0: stdout all=warning uptime,level,tags foldmultilines=false
 #1: stderr all=off uptime,level,tags foldmultilines=false

Environment Variables:
JAVA_HOME=C:\Program Files\Apache NetBeans\jdk
PATH=C:\Program Files\Common Files\Oracle\Java\javapath;C:\WINDOWS\system32;C:\WINDOWS;C:\WINDOWS\System32\Wbem;C:\WINDOWS\System32\WindowsPowerShell\v1.0\;C:\WINDOWS\System32\OpenSSH\;C:\Users\josee\AppData\Local\Programs\Python\Python312;C:\Users\josee\Downloads\jdk-23_windows-x64_bin.zip\jdk-23.0.1\bin;C:\Program Files\Git\cmd;C:\Users\josee\AppData\Local\Programs\Python\Launcher\;C:\Users\josee\AppData\Local\Microsoft\WindowsApps;C:\Users\josee\AppData\Local\Programs\Microsoft VS Code\bin;C:\Users\josee\AppData\Local\Programs\Python\Python312;C:\Users\josee\AppData\Local\Programs\Python\Python312\Scripts;C:\Users\josee\AppData\Local\GitHubDesktop\bin
USERNAME=josee
OS=Windows_NT
PROCESSOR_IDENTIFIER=AMD64 Family 25 Model 80 Stepping 0, AuthenticAMD
TMP=C:\Users\josee\AppData\Local\Temp
TEMP=C:\Users\josee\AppData\Local\Temp




Periodic native trim disabled

---------------  S Y S T E M  ---------------

OS:
 Windows 11 , 64 bit Build 26100 (10.0.26100.4484)
OS uptime: 0 days 2:25 hours

CPU: total 12 (initial active 12) (12 cores per cpu, 2 threads per core) family 25 model 80 stepping 0 microcode 0xa50000c, cx8, cmov, fxsr, ht, mmx, 3dnowpref, sse, sse2, sse3, ssse3, sse4a, sse4.1, sse4.2, popcnt, lzcnt, tsc, tscinvbit, avx, avx2, aes, erms, clmul, bmi1, bmi2, adx, sha, fma, vzeroupper, clflush, clflushopt, rdtscp, rdpid, fsrm, f16c, pku, cet_ss
Processor Information for the first 12 processors :
  Max Mhz: 3901, Current Mhz: 3901, Mhz Limit: 3901

Memory: 4k page, system-wide physical 15742M (5153M free)
TotalPageFile size 64894M (AvailPageFile size 5307M)
current process WorkingSet (physical memory assigned to process): 126M, peak: 137M
current process commit charge ("private bytes"): 369M, peak: 388M

vm_info: OpenJDK 64-Bit Server VM (24.0.2+12) for windows-amd64 JRE (24.0.2+12) (Zulu24.32+13-CA), built on 2025-07-11T12:45:44Z with MS VC++ 17.1 (VS2022)

END.
